mode: set
github.com/Venafi/vcert/v4/config.go:49.71,51.19 1 1
github.com/Venafi/vcert/v4/config.go:55.2,58.16 3 1
github.com/Venafi/vcert/v4/config.go:62.2,63.16 2 1
github.com/Venafi/vcert/v4/config.go:67.2,68.16 2 1
github.com/Venafi/vcert/v4/config.go:72.2,72.20 1 1
github.com/Venafi/vcert/v4/config.go:80.2,80.9 1 1
github.com/Venafi/vcert/v4/config.go:84.2,89.48 5 1
github.com/Venafi/vcert/v4/config.go:122.2,122.27 1 1
github.com/Venafi/vcert/v4/config.go:134.2,138.8 4 1
github.com/Venafi/vcert/v4/config.go:51.19,54.3 1 1
github.com/Venafi/vcert/v4/config.go:58.16,60.3 1 0
github.com/Venafi/vcert/v4/config.go:63.16,65.3 1 0
github.com/Venafi/vcert/v4/config.go:68.16,70.3 1 1
github.com/Venafi/vcert/v4/config.go:72.20,73.40 1 1
github.com/Venafi/vcert/v4/config.go:78.3,78.15 1 0
github.com/Venafi/vcert/v4/config.go:73.40,74.27 1 1
github.com/Venafi/vcert/v4/config.go:74.27,76.5 1 1
github.com/Venafi/vcert/v4/config.go:80.9,82.3 1 0
github.com/Venafi/vcert/v4/config.go:89.48,91.25 2 1
github.com/Venafi/vcert/v4/config.go:96.3,99.24 4 1
github.com/Venafi/vcert/v4/config.go:102.3,102.26 1 1
github.com/Venafi/vcert/v4/config.go:91.25,93.4 1 1
github.com/Venafi/vcert/v4/config.go:93.9,93.28 1 1
github.com/Venafi/vcert/v4/config.go:93.28,95.4 1 1
github.com/Venafi/vcert/v4/config.go:99.24,101.4 1 1
github.com/Venafi/vcert/v4/config.go:102.26,104.4 1 0
github.com/Venafi/vcert/v4/config.go:105.8,105.34 1 1
github.com/Venafi/vcert/v4/config.go:105.34,107.27 2 1
github.com/Venafi/vcert/v4/config.go:112.3,113.26 2 1
github.com/Venafi/vcert/v4/config.go:107.27,109.4 1 0
github.com/Venafi/vcert/v4/config.go:109.9,109.28 1 1
github.com/Venafi/vcert/v4/config.go:109.28,111.4 1 1
github.com/Venafi/vcert/v4/config.go:113.26,115.4 1 1
github.com/Venafi/vcert/v4/config.go:116.8,116.59 1 1
github.com/Venafi/vcert/v4/config.go:116.59,118.3 1 1
github.com/Venafi/vcert/v4/config.go:118.8,120.3 1 1
github.com/Venafi/vcert/v4/config.go:122.27,124.17 2 1
github.com/Venafi/vcert/v4/config.go:127.3,128.17 2 1
github.com/Venafi/vcert/v4/config.go:131.3,131.37 1 0
github.com/Venafi/vcert/v4/config.go:124.17,126.4 1 0
github.com/Venafi/vcert/v4/config.go:128.17,130.4 1 1
github.com/Venafi/vcert/v4/config.go:141.42,142.38 1 1
github.com/Venafi/vcert/v4/config.go:145.2,146.16 2 1
github.com/Venafi/vcert/v4/config.go:149.2,149.50 1 1
github.com/Venafi/vcert/v4/config.go:142.38,144.3 1 1
github.com/Venafi/vcert/v4/config.go:146.16,148.3 1 0
github.com/Venafi/vcert/v4/config.go:154.36,155.25 1 1
github.com/Venafi/vcert/v4/config.go:158.2,158.14 1 1
github.com/Venafi/vcert/v4/config.go:155.25,157.3 1 1
github.com/Venafi/vcert/v4/config.go:163.35,164.25 1 1
github.com/Venafi/vcert/v4/config.go:167.2,167.14 1 1
github.com/Venafi/vcert/v4/config.go:164.25,166.3 1 1
github.com/Venafi/vcert/v4/config.go:170.44,191.52 5 1
github.com/Venafi/vcert/v4/config.go:194.2,194.73 1 1
github.com/Venafi/vcert/v4/config.go:225.2,225.12 1 1
github.com/Venafi/vcert/v4/config.go:191.52,193.3 1 0
github.com/Venafi/vcert/v4/config.go:194.73,196.20 1 1
github.com/Venafi/vcert/v4/config.go:201.3,201.49 1 1
github.com/Venafi/vcert/v4/config.go:204.3,204.51 1 1
github.com/Venafi/vcert/v4/config.go:207.3,207.55 1 1
github.com/Venafi/vcert/v4/config.go:196.20,197.28 1 1
github.com/Venafi/vcert/v4/config.go:197.28,199.5 1 1
github.com/Venafi/vcert/v4/config.go:201.49,203.4 1 0
github.com/Venafi/vcert/v4/config.go:204.51,206.4 1 0
github.com/Venafi/vcert/v4/config.go:207.55,209.4 1 1
github.com/Venafi/vcert/v4/config.go:210.8,210.34 1 1
github.com/Venafi/vcert/v4/config.go:210.34,212.20 1 1
github.com/Venafi/vcert/v4/config.go:212.20,213.30 1 1
github.com/Venafi/vcert/v4/config.go:213.30,215.5 1 0
github.com/Venafi/vcert/v4/config.go:217.8,217.31 1 1
github.com/Venafi/vcert/v4/config.go:217.32,220.3 0 1
github.com/Venafi/vcert/v4/config.go:220.8,220.25 1 1
github.com/Venafi/vcert/v4/config.go:220.25,222.3 1 0
github.com/Venafi/vcert/v4/config.go:222.8,224.3 1 1
github.com/Venafi/vcert/v4/config.go:228.38,230.39 1 1
github.com/Venafi/vcert/v4/config.go:243.2,243.12 1 1
github.com/Venafi/vcert/v4/config.go:230.39,231.31 1 1
github.com/Venafi/vcert/v4/config.go:238.3,239.17 2 1
github.com/Venafi/vcert/v4/config.go:231.31,232.29 1 1
github.com/Venafi/vcert/v4/config.go:232.29,235.13 2 0
github.com/Venafi/vcert/v4/config.go:239.17,241.4 1 1
github.com/Venafi/vcert/v4/listener.go:30.64,33.16 3 1
github.com/Venafi/vcert/v4/listener.go:37.2,40.28 4 1
github.com/Venafi/vcert/v4/listener.go:59.2,59.16 1 1
github.com/Venafi/vcert/v4/listener.go:64.2,70.11 4 1
github.com/Venafi/vcert/v4/listener.go:33.16,36.3 2 0
github.com/Venafi/vcert/v4/listener.go:40.28,42.17 2 1
github.com/Venafi/vcert/v4/listener.go:50.3,52.17 3 1
github.com/Venafi/vcert/v4/listener.go:56.3,57.26 2 1
github.com/Venafi/vcert/v4/listener.go:42.17,43.40 1 1
github.com/Venafi/vcert/v4/listener.go:47.4,48.18 2 1
github.com/Venafi/vcert/v4/listener.go:43.40,46.5 2 1
github.com/Venafi/vcert/v4/listener.go:52.17,55.4 2 0
github.com/Venafi/vcert/v4/listener.go:59.16,61.3 1 1
github.com/Venafi/vcert/v4/listener.go:73.88,76.16 3 1
github.com/Venafi/vcert/v4/listener.go:79.2,80.16 2 1
github.com/Venafi/vcert/v4/listener.go:83.2,84.16 2 1
github.com/Venafi/vcert/v4/listener.go:87.2,90.16 4 1
github.com/Venafi/vcert/v4/listener.go:93.2,95.16 2 1
github.com/Venafi/vcert/v4/listener.go:99.2,100.16 2 1
github.com/Venafi/vcert/v4/listener.go:103.2,105.47 2 1
github.com/Venafi/vcert/v4/listener.go:76.16,78.3 1 0
github.com/Venafi/vcert/v4/listener.go:80.16,82.3 1 0
github.com/Venafi/vcert/v4/listener.go:84.16,86.3 1 0
github.com/Venafi/vcert/v4/listener.go:90.16,92.3 1 0
github.com/Venafi/vcert/v4/listener.go:95.16,97.3 1 0
github.com/Venafi/vcert/v4/listener.go:100.16,102.3 1 0
github.com/Venafi/vcert/v4/listener.go:114.48,115.17 1 1
github.com/Venafi/vcert/v4/listener.go:118.2,119.16 2 1
github.com/Venafi/vcert/v4/listener.go:122.2,125.16 3 1
github.com/Venafi/vcert/v4/listener.go:128.2,129.16 2 1
github.com/Venafi/vcert/v4/listener.go:132.2,132.42 1 1
github.com/Venafi/vcert/v4/listener.go:115.17,117.3 1 1
github.com/Venafi/vcert/v4/listener.go:119.16,121.3 1 1
github.com/Venafi/vcert/v4/listener.go:125.16,127.3 1 0
github.com/Venafi/vcert/v4/listener.go:129.16,131.3 1 0
github.com/Venafi/vcert/v4/listener.go:135.35,136.17 1 1
github.com/Venafi/vcert/v4/listener.go:139.2,139.28 1 1
github.com/Venafi/vcert/v4/listener.go:136.17,138.3 1 1
github.com/Venafi/vcert/v4/vcert.go:27.41,28.25 1 0
github.com/Venafi/vcert/v4/vcert.go:31.2,31.22 1 0
github.com/Venafi/vcert/v4/vcert.go:28.25,30.3 1 0
github.com/Venafi/vcert/v4/vcert.go:34.41,35.33 1 0
github.com/Venafi/vcert/v4/vcert.go:38.2,38.30 1 0
github.com/Venafi/vcert/v4/vcert.go:35.33,37.3 1 0
github.com/Venafi/vcert/v4/client.go:34.74,37.31 2 1
github.com/Venafi/vcert/v4/client.go:45.2,45.27 1 1
github.com/Venafi/vcert/v4/client.go:55.2,55.16 1 1
github.com/Venafi/vcert/v4/client.go:59.2,63.8 4 1
github.com/Venafi/vcert/v4/client.go:37.31,40.77 3 0
github.com/Venafi/vcert/v4/client.go:40.77,42.4 1 0
github.com/Venafi/vcert/v4/client.go:46.35,47.100 1 0
github.com/Venafi/vcert/v4/client.go:48.33,49.98 1 0
github.com/Venafi/vcert/v4/client.go:50.34,51.71 1 1
github.com/Venafi/vcert/v4/client.go:52.10,53.77 1 0
github.com/Venafi/vcert/v4/client.go:55.16,57.3 1 0
github.com/Venafi/vcert/v4/client.go:70.57,72.2 1 1
