mode: set
github.com/Venafi/vcert/v4/pkg/certificate/certificate.go:42.42,43.13 1 1
github.com/Venafi/vcert/v4/pkg/certificate/certificate.go:44.25,45.16 1 1
github.com/Venafi/vcert/v4/pkg/certificate/certificate.go:46.25,47.16 1 1
github.com/Venafi/vcert/v4/pkg/certificate/certificate.go:48.25,49.16 1 1
github.com/Venafi/vcert/v4/pkg/certificate/certificate.go:50.10,51.12 1 0
github.com/Venafi/vcert/v4/pkg/certificate/certificate.go:56.50,57.32 1 1
github.com/Venafi/vcert/v4/pkg/certificate/certificate.go:68.2,68.12 1 1
github.com/Venafi/vcert/v4/pkg/certificate/certificate.go:58.23,59.26 1 1
github.com/Venafi/vcert/v4/pkg/certificate/certificate.go:60.23,61.26 1 1
github.com/Venafi/vcert/v4/pkg/certificate/certificate.go:62.23,63.26 1 1
github.com/Venafi/vcert/v4/pkg/certificate/certificate.go:64.10,65.29 1 0
github.com/Venafi/vcert/v4/pkg/certificate/certificate.go:84.43,86.2 1 0
github.com/Venafi/vcert/v4/pkg/certificate/certificate.go:87.35,89.2 1 0
github.com/Venafi/vcert/v4/pkg/certificate/certificate.go:94.36,95.13 1 1
github.com/Venafi/vcert/v4/pkg/certificate/certificate.go:96.18,97.15 1 1
github.com/Venafi/vcert/v4/pkg/certificate/certificate.go:98.20,99.17 1 1
github.com/Venafi/vcert/v4/pkg/certificate/certificate.go:100.10,101.12 1 1
github.com/Venafi/vcert/v4/pkg/certificate/certificate.go:105.55,106.13 1 1
github.com/Venafi/vcert/v4/pkg/certificate/certificate.go:112.2,112.39 1 0
github.com/Venafi/vcert/v4/pkg/certificate/certificate.go:107.18,108.18 1 1
github.com/Venafi/vcert/v4/pkg/certificate/certificate.go:109.20,110.20 1 1
github.com/Venafi/vcert/v4/pkg/certificate/certificate.go:116.44,117.32 1 1
github.com/Venafi/vcert/v4/pkg/certificate/certificate.go:125.2,125.73 1 0
github.com/Venafi/vcert/v4/pkg/certificate/certificate.go:118.13,120.13 2 1
github.com/Venafi/vcert/v4/pkg/certificate/certificate.go:121.28,123.13 2 1
github.com/Venafi/vcert/v4/pkg/certificate/certificate.go:439.50,441.21 2 1
github.com/Venafi/vcert/v4/pkg/certificate/certificate.go:449.2,450.16 2 1
github.com/Venafi/vcert/v4/pkg/certificate/certificate.go:453.2,453.22 1 1
github.com/Venafi/vcert/v4/pkg/certificate/certificate.go:457.2,457.85 1 0
github.com/Venafi/vcert/v4/pkg/certificate/certificate.go:441.21,442.62 1 1
github.com/Venafi/vcert/v4/pkg/certificate/certificate.go:442.62,445.4 2 1
github.com/Venafi/vcert/v4/pkg/certificate/certificate.go:450.16,452.3 1 0
github.com/Venafi/vcert/v4/pkg/certificate/certificate.go:453.22,456.3 2 1
github.com/Venafi/vcert/v4/pkg/certificate/certificate.go:461.40,463.2 1 1
github.com/Venafi/vcert/v4/pkg/certificate/certificate.go:468.72,474.2 5 1
github.com/Venafi/vcert/v4/pkg/certificate/certificate.go:477.45,480.23 3 1
github.com/Venafi/vcert/v4/pkg/certificate/certificate.go:483.2,486.16 3 1
github.com/Venafi/vcert/v4/pkg/certificate/certificate.go:489.2,491.12 2 1
github.com/Venafi/vcert/v4/pkg/certificate/certificate.go:480.23,482.3 1 1
github.com/Venafi/vcert/v4/pkg/certificate/certificate.go:486.16,488.3 1 0
github.com/Venafi/vcert/v4/pkg/certificate/certificate.go:495.52,496.31 1 0
github.com/Venafi/vcert/v4/pkg/certificate/certificate.go:499.2,500.25 2 0
github.com/Venafi/vcert/v4/pkg/certificate/certificate.go:514.2,514.12 1 0
github.com/Venafi/vcert/v4/pkg/certificate/certificate.go:496.31,498.3 1 0
github.com/Venafi/vcert/v4/pkg/certificate/certificate.go:501.20,502.70 1 0
github.com/Venafi/vcert/v4/pkg/certificate/certificate.go:503.18,504.29 1 0
github.com/Venafi/vcert/v4/pkg/certificate/certificate.go:507.3,507.52 1 0
github.com/Venafi/vcert/v4/pkg/certificate/certificate.go:510.3,510.69 1 0
github.com/Venafi/vcert/v4/pkg/certificate/certificate.go:511.10,512.141 1 0
github.com/Venafi/vcert/v4/pkg/certificate/certificate.go:504.29,506.4 1 0
github.com/Venafi/vcert/v4/pkg/certificate/certificate.go:507.52,509.4 1 0
github.com/Venafi/vcert/v4/pkg/certificate/certificate.go:518.64,520.21 2 1
github.com/Venafi/vcert/v4/pkg/certificate/certificate.go:523.2,523.36 1 1
github.com/Venafi/vcert/v4/pkg/certificate/certificate.go:526.2,527.16 2 1
github.com/Venafi/vcert/v4/pkg/certificate/certificate.go:530.2,530.31 1 1
github.com/Venafi/vcert/v4/pkg/certificate/certificate.go:584.2,584.12 1 1
github.com/Venafi/vcert/v4/pkg/certificate/certificate.go:520.21,522.3 1 0
github.com/Venafi/vcert/v4/pkg/certificate/certificate.go:523.36,525.3 1 0
github.com/Venafi/vcert/v4/pkg/certificate/certificate.go:527.16,529.3 1 0
github.com/Venafi/vcert/v4/pkg/certificate/certificate.go:530.31,531.60 1 1
github.com/Venafi/vcert/v4/pkg/certificate/certificate.go:534.3,534.34 1 1
github.com/Venafi/vcert/v4/pkg/certificate/certificate.go:531.60,533.4 1 1
github.com/Venafi/vcert/v4/pkg/certificate/certificate.go:535.17,538.11 3 1
github.com/Venafi/vcert/v4/pkg/certificate/certificate.go:542.4,542.42 1 1
github.com/Venafi/vcert/v4/pkg/certificate/certificate.go:545.19,548.11 3 0
github.com/Venafi/vcert/v4/pkg/certificate/certificate.go:551.4,551.42 1 0
github.com/Venafi/vcert/v4/pkg/certificate/certificate.go:554.11,555.108 1 0
github.com/Venafi/vcert/v4/pkg/certificate/certificate.go:538.11,540.5 1 0
github.com/Venafi/vcert/v4/pkg/certificate/certificate.go:542.42,544.5 1 1
github.com/Venafi/vcert/v4/pkg/certificate/certificate.go:548.11,550.5 1 0
github.com/Venafi/vcert/v4/pkg/certificate/certificate.go:551.42,553.5 1 0
github.com/Venafi/vcert/v4/pkg/certificate/certificate.go:557.8,557.34 1 1
github.com/Venafi/vcert/v4/pkg/certificate/certificate.go:557.34,559.22 2 1
github.com/Venafi/vcert/v4/pkg/certificate/certificate.go:562.3,563.17 2 1
github.com/Venafi/vcert/v4/pkg/certificate/certificate.go:566.3,566.56 1 1
github.com/Venafi/vcert/v4/pkg/certificate/certificate.go:569.3,569.33 1 1
github.com/Venafi/vcert/v4/pkg/certificate/certificate.go:559.22,561.4 1 0
github.com/Venafi/vcert/v4/pkg/certificate/certificate.go:563.17,565.4 1 0
github.com/Venafi/vcert/v4/pkg/certificate/certificate.go:566.56,568.4 1 0
github.com/Venafi/vcert/v4/pkg/certificate/certificate.go:570.17,573.42 3 1
github.com/Venafi/vcert/v4/pkg/certificate/certificate.go:576.19,579.42 3 0
github.com/Venafi/vcert/v4/pkg/certificate/certificate.go:573.42,575.5 1 1
github.com/Venafi/vcert/v4/pkg/certificate/certificate.go:579.42,581.5 1 0
github.com/Venafi/vcert/v4/pkg/certificate/certificate.go:587.53,588.17 1 1
github.com/Venafi/vcert/v4/pkg/certificate/certificate.go:591.2,591.12 1 0
github.com/Venafi/vcert/v4/pkg/certificate/certificate.go:588.17,590.3 1 1
github.com/Venafi/vcert/v4/pkg/certificate/certificate.go:594.53,596.2 1 1
github.com/Venafi/vcert/v4/pkg/certificate/certificate.go:599.84,601.40 2 1
github.com/Venafi/vcert/v4/pkg/certificate/certificate.go:604.2,604.25 1 1
github.com/Venafi/vcert/v4/pkg/certificate/certificate.go:601.40,603.3 1 0
github.com/Venafi/vcert/v4/pkg/certificate/certificate.go:605.23,606.36 1 1
github.com/Venafi/vcert/v4/pkg/certificate/certificate.go:615.25,617.17 2 1
github.com/Venafi/vcert/v4/pkg/certificate/certificate.go:620.3,620.59 1 1
github.com/Venafi/vcert/v4/pkg/certificate/certificate.go:621.10,622.72 1 0
github.com/Venafi/vcert/v4/pkg/certificate/certificate.go:606.36,608.4 1 0
github.com/Venafi/vcert/v4/pkg/certificate/certificate.go:608.9,610.18 2 1
github.com/Venafi/vcert/v4/pkg/certificate/certificate.go:613.4,613.65 1 1
github.com/Venafi/vcert/v4/pkg/certificate/certificate.go:610.18,612.5 1 0
github.com/Venafi/vcert/v4/pkg/certificate/certificate.go:617.17,619.4 1 0
github.com/Venafi/vcert/v4/pkg/certificate/certificate.go:627.110,629.40 2 1
github.com/Venafi/vcert/v4/pkg/certificate/certificate.go:632.2,632.25 1 1
github.com/Venafi/vcert/v4/pkg/certificate/certificate.go:629.40,631.3 1 0
github.com/Venafi/vcert/v4/pkg/certificate/certificate.go:633.23,634.36 1 1
github.com/Venafi/vcert/v4/pkg/certificate/certificate.go:643.25,645.17 2 1
github.com/Venafi/vcert/v4/pkg/certificate/certificate.go:648.3,648.100 1 1
github.com/Venafi/vcert/v4/pkg/certificate/certificate.go:649.10,650.72 1 0
github.com/Venafi/vcert/v4/pkg/certificate/certificate.go:634.36,636.4 1 0
github.com/Venafi/vcert/v4/pkg/certificate/certificate.go:636.9,638.18 2 1
github.com/Venafi/vcert/v4/pkg/certificate/certificate.go:641.4,641.75 1 1
github.com/Venafi/vcert/v4/pkg/certificate/certificate.go:638.18,640.5 1 0
github.com/Venafi/vcert/v4/pkg/certificate/certificate.go:645.17,647.4 1 0
github.com/Venafi/vcert/v4/pkg/certificate/certificate.go:655.53,657.2 1 1
github.com/Venafi/vcert/v4/pkg/certificate/certificate.go:660.63,662.2 1 1
github.com/Venafi/vcert/v4/pkg/certificate/certificate.go:665.78,669.34 4 1
github.com/Venafi/vcert/v4/pkg/certificate/certificate.go:672.2,672.15 1 1
github.com/Venafi/vcert/v4/pkg/certificate/certificate.go:681.2,682.16 2 1
github.com/Venafi/vcert/v4/pkg/certificate/certificate.go:686.2,686.18 1 1
github.com/Venafi/vcert/v4/pkg/certificate/certificate.go:669.34,671.3 1 0
github.com/Venafi/vcert/v4/pkg/certificate/certificate.go:673.25,674.22 1 1
github.com/Venafi/vcert/v4/pkg/certificate/certificate.go:675.25,676.22 1 1
github.com/Venafi/vcert/v4/pkg/certificate/certificate.go:677.25,678.22 1 1
github.com/Venafi/vcert/v4/pkg/certificate/certificate.go:682.16,684.3 1 0
github.com/Venafi/vcert/v4/pkg/certificate/certificate.go:690.63,692.16 2 1
github.com/Venafi/vcert/v4/pkg/certificate/certificate.go:696.2,696.18 1 1
github.com/Venafi/vcert/v4/pkg/certificate/certificate.go:692.16,694.3 1 0
github.com/Venafi/vcert/v4/pkg/certificate/certificate.go:700.50,712.38 9 0
github.com/Venafi/vcert/v4/pkg/certificate/certificate.go:723.2,723.12 1 0
github.com/Venafi/vcert/v4/pkg/certificate/certificate.go:713.22,715.33 2 0
github.com/Venafi/vcert/v4/pkg/certificate/certificate.go:716.24,718.45 2 0
github.com/Venafi/vcert/v4/pkg/certificate/certificate.go:720.10,720.10 0 0
github.com/Venafi/vcert/v4/pkg/certificate/certificateCollection.go:42.54,43.32 1 1
github.com/Venafi/vcert/v4/pkg/certificate/certificateCollection.go:44.20,45.30 1 1
github.com/Venafi/vcert/v4/pkg/certificate/certificateCollection.go:46.16,47.27 1 1
github.com/Venafi/vcert/v4/pkg/certificate/certificateCollection.go:48.10,49.29 1 1
github.com/Venafi/vcert/v4/pkg/certificate/certificateCollection.go:62.149,65.40 3 1
github.com/Venafi/vcert/v4/pkg/certificate/certificateCollection.go:68.2,68.24 1 1
github.com/Venafi/vcert/v4/pkg/certificate/certificateCollection.go:71.2,71.23 1 1
github.com/Venafi/vcert/v4/pkg/certificate/certificateCollection.go:84.2,84.25 1 1
github.com/Venafi/vcert/v4/pkg/certificate/certificateCollection.go:65.40,67.3 1 0
github.com/Venafi/vcert/v4/pkg/certificate/certificateCollection.go:68.24,70.3 1 1
github.com/Venafi/vcert/v4/pkg/certificate/certificateCollection.go:71.23,74.34 3 1
github.com/Venafi/vcert/v4/pkg/certificate/certificateCollection.go:79.3,79.17 1 1
github.com/Venafi/vcert/v4/pkg/certificate/certificateCollection.go:82.3,82.56 1 1
github.com/Venafi/vcert/v4/pkg/certificate/certificateCollection.go:74.34,76.4 1 1
github.com/Venafi/vcert/v4/pkg/certificate/certificateCollection.go:76.9,78.4 1 1
github.com/Venafi/vcert/v4/pkg/certificate/certificateCollection.go:79.17,81.4 1 0
github.com/Venafi/vcert/v4/pkg/certificate/certificateCollection.go:88.95,101.6 3 1
github.com/Venafi/vcert/v4/pkg/certificate/certificateCollection.go:119.2,119.20 1 1
github.com/Venafi/vcert/v4/pkg/certificate/certificateCollection.go:148.2,150.24 2 1
github.com/Venafi/vcert/v4/pkg/certificate/certificateCollection.go:101.6,103.15 2 1
github.com/Venafi/vcert/v4/pkg/certificate/certificateCollection.go:106.3,106.17 1 1
github.com/Venafi/vcert/v4/pkg/certificate/certificateCollection.go:116.3,116.22 1 1
github.com/Venafi/vcert/v4/pkg/certificate/certificateCollection.go:103.15,104.9 1 1
github.com/Venafi/vcert/v4/pkg/certificate/certificateCollection.go:107.22,109.18 2 1
github.com/Venafi/vcert/v4/pkg/certificate/certificateCollection.go:112.4,112.31 1 1
github.com/Venafi/vcert/v4/pkg/certificate/certificateCollection.go:113.84,114.29 1 1
github.com/Venafi/vcert/v4/pkg/certificate/certificateCollection.go:109.18,111.5 1 0
github.com/Venafi/vcert/v4/pkg/certificate/certificateCollection.go:119.20,120.21 1 1
github.com/Venafi/vcert/v4/pkg/certificate/certificateCollection.go:142.3,142.17 1 1
github.com/Venafi/vcert/v4/pkg/certificate/certificateCollection.go:121.29,123.57 2 1
github.com/Venafi/vcert/v4/pkg/certificate/certificateCollection.go:131.11,133.57 2 1
github.com/Venafi/vcert/v4/pkg/certificate/certificateCollection.go:123.57,124.49 1 1
github.com/Venafi/vcert/v4/pkg/certificate/certificateCollection.go:124.49,126.20 2 1
github.com/Venafi/vcert/v4/pkg/certificate/certificateCollection.go:126.20,128.7 1 0
github.com/Venafi/vcert/v4/pkg/certificate/certificateCollection.go:133.57,134.38 1 1
github.com/Venafi/vcert/v4/pkg/certificate/certificateCollection.go:134.38,136.20 2 1
github.com/Venafi/vcert/v4/pkg/certificate/certificateCollection.go:136.20,138.7 1 0
github.com/Venafi/vcert/v4/pkg/certificate/certificateCollection.go:142.17,144.4 1 0
github.com/Venafi/vcert/v4/pkg/certificate/certificateCollection.go:145.8,147.3 1 1
github.com/Venafi/vcert/v4/pkg/certificate/certificateCollection.go:154.118,157.40 2 1
github.com/Venafi/vcert/v4/pkg/certificate/certificateCollection.go:161.2,161.26 1 1
github.com/Venafi/vcert/v4/pkg/certificate/certificateCollection.go:164.2,166.33 3 1
github.com/Venafi/vcert/v4/pkg/certificate/certificateCollection.go:171.2,171.16 1 1
github.com/Venafi/vcert/v4/pkg/certificate/certificateCollection.go:174.2,175.12 2 1
github.com/Venafi/vcert/v4/pkg/certificate/certificateCollection.go:157.40,159.3 1 0
github.com/Venafi/vcert/v4/pkg/certificate/certificateCollection.go:161.26,163.3 1 0
github.com/Venafi/vcert/v4/pkg/certificate/certificateCollection.go:166.33,168.3 1 1
github.com/Venafi/vcert/v4/pkg/certificate/certificateCollection.go:168.8,170.3 1 1
github.com/Venafi/vcert/v4/pkg/certificate/certificateCollection.go:171.16,173.3 1 0
github.com/Venafi/vcert/v4/pkg/certificate/certificateCollection.go:179.80,180.24 1 1
github.com/Venafi/vcert/v4/pkg/certificate/certificateCollection.go:183.2,186.12 4 1
github.com/Venafi/vcert/v4/pkg/certificate/certificateCollection.go:180.24,182.3 1 0
github.com/Venafi/vcert/v4/pkg/certificate/certificateCollection.go:189.62,193.30 4 0
github.com/Venafi/vcert/v4/pkg/certificate/certificateCollection.go:197.2,199.16 2 0
github.com/Venafi/vcert/v4/pkg/certificate/certificateCollection.go:210.2,210.13 1 0
github.com/Venafi/vcert/v4/pkg/certificate/certificateCollection.go:193.30,196.3 2 0
github.com/Venafi/vcert/v4/pkg/certificate/certificateCollection.go:200.24,201.55 1 0
github.com/Venafi/vcert/v4/pkg/certificate/certificateCollection.go:202.25,205.17 3 0
github.com/Venafi/vcert/v4/pkg/certificate/certificateCollection.go:208.3,208.28 1 0
github.com/Venafi/vcert/v4/pkg/certificate/certificateCollection.go:205.17,207.4 1 0
github.com/Venafi/vcert/v4/pkg/certificate/x509SubjectAltName.go:54.145,56.16 2 1
github.com/Venafi/vcert/v4/pkg/certificate/x509SubjectAltName.go:62.2,73.42 4 1
github.com/Venafi/vcert/v4/pkg/certificate/x509SubjectAltName.go:78.2,84.16 5 1
github.com/Venafi/vcert/v4/pkg/certificate/x509SubjectAltName.go:56.16,58.3 1 0
github.com/Venafi/vcert/v4/pkg/certificate/x509SubjectAltName.go:73.42,74.48 1 0
github.com/Venafi/vcert/v4/pkg/certificate/x509SubjectAltName.go:74.48,76.4 1 0
github.com/Venafi/vcert/v4/pkg/certificate/x509SubjectAltName.go:89.139,91.32 2 1
github.com/Venafi/vcert/v4/pkg/certificate/x509SubjectAltName.go:94.2,94.39 1 1
github.com/Venafi/vcert/v4/pkg/certificate/x509SubjectAltName.go:97.2,97.36 1 1
github.com/Venafi/vcert/v4/pkg/certificate/x509SubjectAltName.go:105.2,105.27 1 1
github.com/Venafi/vcert/v4/pkg/certificate/x509SubjectAltName.go:108.2,108.30 1 1
github.com/Venafi/vcert/v4/pkg/certificate/x509SubjectAltName.go:123.2,123.32 1 1
github.com/Venafi/vcert/v4/pkg/certificate/x509SubjectAltName.go:91.32,93.3 1 1
github.com/Venafi/vcert/v4/pkg/certificate/x509SubjectAltName.go:94.39,96.3 1 0
github.com/Venafi/vcert/v4/pkg/certificate/x509SubjectAltName.go:97.36,100.16 2 1
github.com/Venafi/vcert/v4/pkg/certificate/x509SubjectAltName.go:103.3,103.85 1 1
github.com/Venafi/vcert/v4/pkg/certificate/x509SubjectAltName.go:100.16,102.4 1 0
github.com/Venafi/vcert/v4/pkg/certificate/x509SubjectAltName.go:105.27,107.3 1 0
github.com/Venafi/vcert/v4/pkg/certificate/x509SubjectAltName.go:108.30,117.17 4 0
github.com/Venafi/vcert/v4/pkg/certificate/x509SubjectAltName.go:120.3,120.113 1 0
github.com/Venafi/vcert/v4/pkg/certificate/x509SubjectAltName.go:117.17,119.4 1 0
github.com/Venafi/vcert/v4/pkg/certificate/x509SubjectAltName.go:127.81,128.38 1 0
github.com/Venafi/vcert/v4/pkg/certificate/x509SubjectAltName.go:162.2,162.17 1 0
github.com/Venafi/vcert/v4/pkg/certificate/x509SubjectAltName.go:128.38,129.48 1 0
github.com/Venafi/vcert/v4/pkg/certificate/x509SubjectAltName.go:133.3,135.17 3 0
github.com/Venafi/vcert/v4/pkg/certificate/x509SubjectAltName.go:140.3,140.57 1 0
github.com/Venafi/vcert/v4/pkg/certificate/x509SubjectAltName.go:144.3,145.21 2 0
github.com/Venafi/vcert/v4/pkg/certificate/x509SubjectAltName.go:129.48,130.12 1 0
github.com/Venafi/vcert/v4/pkg/certificate/x509SubjectAltName.go:135.17,137.4 1 0
github.com/Venafi/vcert/v4/pkg/certificate/x509SubjectAltName.go:137.9,137.28 1 0
github.com/Venafi/vcert/v4/pkg/certificate/x509SubjectAltName.go:137.28,139.4 1 0
github.com/Venafi/vcert/v4/pkg/certificate/x509SubjectAltName.go:140.57,142.4 1 0
github.com/Venafi/vcert/v4/pkg/certificate/x509SubjectAltName.go:145.21,148.18 3 0
github.com/Venafi/vcert/v4/pkg/certificate/x509SubjectAltName.go:152.4,153.18 2 0
github.com/Venafi/vcert/v4/pkg/certificate/x509SubjectAltName.go:156.4,156.17 1 0
github.com/Venafi/vcert/v4/pkg/certificate/x509SubjectAltName.go:148.18,150.5 1 0
github.com/Venafi/vcert/v4/pkg/certificate/x509SubjectAltName.go:153.18,155.5 1 0
github.com/Venafi/vcert/v4/pkg/certificate/x509SubjectAltName.go:156.17,158.5 1 0
github.com/Venafi/vcert/v4/pkg/certificate/x509SubjectAltName.go:165.79,166.14 1 0
github.com/Venafi/vcert/v4/pkg/certificate/x509SubjectAltName.go:170.2,172.16 3 0
github.com/Venafi/vcert/v4/pkg/certificate/x509SubjectAltName.go:175.2,175.43 1 0
github.com/Venafi/vcert/v4/pkg/certificate/x509SubjectAltName.go:178.2,178.16 1 0
github.com/Venafi/vcert/v4/pkg/certificate/x509SubjectAltName.go:166.14,168.3 1 0
github.com/Venafi/vcert/v4/pkg/certificate/x509SubjectAltName.go:172.16,174.3 1 0
github.com/Venafi/vcert/v4/pkg/certificate/x509SubjectAltName.go:175.43,177.3 1 0
