mode: set
github.com/Venafi/vcert/v4/pkg/endpoint/endpoint.go:52.13,55.2 2 1
github.com/Venafi/vcert/v4/pkg/endpoint/endpoint.go:57.40,58.11 1 0
github.com/Venafi/vcert/v4/pkg/endpoint/endpoint.go:59.30,60.30 1 0
github.com/Venafi/vcert/v4/pkg/endpoint/endpoint.go:61.25,62.25 1 0
github.com/Venafi/vcert/v4/pkg/endpoint/endpoint.go:63.26,64.31 1 0
github.com/Venafi/vcert/v4/pkg/endpoint/endpoint.go:65.24,66.37 1 0
github.com/Venafi/vcert/v4/pkg/endpoint/endpoint.go:67.10,68.57 1 0
github.com/Venafi/vcert/v4/pkg/endpoint/endpoint.go:133.57,135.2 1 0
github.com/Venafi/vcert/v4/pkg/endpoint/endpoint.go:144.49,145.22 1 0
github.com/Venafi/vcert/v4/pkg/endpoint/endpoint.go:148.2,148.154 1 0
github.com/Venafi/vcert/v4/pkg/endpoint/endpoint.go:145.22,147.3 1 0
github.com/Venafi/vcert/v4/pkg/endpoint/endpoint.go:156.50,157.22 1 0
github.com/Venafi/vcert/v4/pkg/endpoint/endpoint.go:160.2,160.46 1 0
github.com/Venafi/vcert/v4/pkg/endpoint/endpoint.go:157.22,159.3 1 0
github.com/Venafi/vcert/v4/pkg/endpoint/endpoint.go:207.48,212.2 3 1
github.com/Venafi/vcert/v4/pkg/endpoint/endpoint.go:215.81,229.16 3 1
github.com/Venafi/vcert/v4/pkg/endpoint/endpoint.go:232.2,233.18 2 1
github.com/Venafi/vcert/v4/pkg/endpoint/endpoint.go:322.2,322.12 1 1
github.com/Venafi/vcert/v4/pkg/endpoint/endpoint.go:229.16,231.3 1 1
github.com/Venafi/vcert/v4/pkg/endpoint/endpoint.go:233.18,236.17 3 1
github.com/Venafi/vcert/v4/pkg/endpoint/endpoint.go:239.3,239.74 1 1
github.com/Venafi/vcert/v4/pkg/endpoint/endpoint.go:242.3,243.44 2 1
github.com/Venafi/vcert/v4/pkg/endpoint/endpoint.go:246.3,246.50 1 1
github.com/Venafi/vcert/v4/pkg/endpoint/endpoint.go:249.3,250.38 2 1
github.com/Venafi/vcert/v4/pkg/endpoint/endpoint.go:253.3,253.52 1 1
github.com/Venafi/vcert/v4/pkg/endpoint/endpoint.go:256.3,256.82 1 1
github.com/Venafi/vcert/v4/pkg/endpoint/endpoint.go:260.3,260.89 1 1
github.com/Venafi/vcert/v4/pkg/endpoint/endpoint.go:264.3,264.77 1 1
github.com/Venafi/vcert/v4/pkg/endpoint/endpoint.go:268.3,268.78 1 1
github.com/Venafi/vcert/v4/pkg/endpoint/endpoint.go:272.3,272.79 1 1
github.com/Venafi/vcert/v4/pkg/endpoint/endpoint.go:275.3,275.42 1 1
github.com/Venafi/vcert/v4/pkg/endpoint/endpoint.go:236.17,238.4 1 0
github.com/Venafi/vcert/v4/pkg/endpoint/endpoint.go:239.74,241.4 1 0
github.com/Venafi/vcert/v4/pkg/endpoint/endpoint.go:243.44,245.4 1 0
github.com/Venafi/vcert/v4/pkg/endpoint/endpoint.go:246.50,248.4 1 0
github.com/Venafi/vcert/v4/pkg/endpoint/endpoint.go:250.38,252.4 1 0
github.com/Venafi/vcert/v4/pkg/endpoint/endpoint.go:253.52,255.4 1 0
github.com/Venafi/vcert/v4/pkg/endpoint/endpoint.go:256.82,258.4 1 0
github.com/Venafi/vcert/v4/pkg/endpoint/endpoint.go:260.89,262.4 1 0
github.com/Venafi/vcert/v4/pkg/endpoint/endpoint.go:264.77,266.4 1 1
github.com/Venafi/vcert/v4/pkg/endpoint/endpoint.go:268.78,270.4 1 0
github.com/Venafi/vcert/v4/pkg/endpoint/endpoint.go:272.79,274.4 1 0
github.com/Venafi/vcert/v4/pkg/endpoint/endpoint.go:275.42,277.48 2 1
github.com/Venafi/vcert/v4/pkg/endpoint/endpoint.go:292.4,292.17 1 1
github.com/Venafi/vcert/v4/pkg/endpoint/endpoint.go:277.48,279.11 2 1
github.com/Venafi/vcert/v4/pkg/endpoint/endpoint.go:279.11,281.6 1 1
github.com/Venafi/vcert/v4/pkg/endpoint/endpoint.go:281.11,283.6 1 0
github.com/Venafi/vcert/v4/pkg/endpoint/endpoint.go:284.10,284.57 1 1
github.com/Venafi/vcert/v4/pkg/endpoint/endpoint.go:284.57,286.11 2 1
github.com/Venafi/vcert/v4/pkg/endpoint/endpoint.go:286.11,288.6 1 1
github.com/Venafi/vcert/v4/pkg/endpoint/endpoint.go:288.11,290.6 1 0
github.com/Venafi/vcert/v4/pkg/endpoint/endpoint.go:292.17,294.5 1 1
github.com/Venafi/vcert/v4/pkg/endpoint/endpoint.go:297.8,299.80 1 1
github.com/Venafi/vcert/v4/pkg/endpoint/endpoint.go:302.3,302.87 1 1
github.com/Venafi/vcert/v4/pkg/endpoint/endpoint.go:305.3,305.77 1 1
github.com/Venafi/vcert/v4/pkg/endpoint/endpoint.go:308.3,308.76 1 1
github.com/Venafi/vcert/v4/pkg/endpoint/endpoint.go:311.3,311.75 1 1
github.com/Venafi/vcert/v4/pkg/endpoint/endpoint.go:315.3,315.42 1 1
github.com/Venafi/vcert/v4/pkg/endpoint/endpoint.go:299.80,301.4 1 1
github.com/Venafi/vcert/v4/pkg/endpoint/endpoint.go:302.87,304.4 1 0
github.com/Venafi/vcert/v4/pkg/endpoint/endpoint.go:305.77,307.4 1 0
github.com/Venafi/vcert/v4/pkg/endpoint/endpoint.go:308.76,310.4 1 0
github.com/Venafi/vcert/v4/pkg/endpoint/endpoint.go:311.75,313.4 1 0
github.com/Venafi/vcert/v4/pkg/endpoint/endpoint.go:315.42,316.108 1 1
github.com/Venafi/vcert/v4/pkg/endpoint/endpoint.go:316.108,318.5 1 0
github.com/Venafi/vcert/v4/pkg/endpoint/endpoint.go:326.86,332.18 3 1
github.com/Venafi/vcert/v4/pkg/endpoint/endpoint.go:352.2,352.12 1 1
github.com/Venafi/vcert/v4/pkg/endpoint/endpoint.go:332.18,335.17 3 1
github.com/Venafi/vcert/v4/pkg/endpoint/endpoint.go:338.3,338.77 1 1
github.com/Venafi/vcert/v4/pkg/endpoint/endpoint.go:341.3,341.66 1 1
github.com/Venafi/vcert/v4/pkg/endpoint/endpoint.go:335.17,337.4 1 0
github.com/Venafi/vcert/v4/pkg/endpoint/endpoint.go:338.77,340.4 1 1
github.com/Venafi/vcert/v4/pkg/endpoint/endpoint.go:341.66,343.4 1 0
github.com/Venafi/vcert/v4/pkg/endpoint/endpoint.go:344.8,345.75 1 1
github.com/Venafi/vcert/v4/pkg/endpoint/endpoint.go:348.3,348.64 1 1
github.com/Venafi/vcert/v4/pkg/endpoint/endpoint.go:345.75,347.4 1 1
github.com/Venafi/vcert/v4/pkg/endpoint/endpoint.go:348.64,350.4 1 0
github.com/Venafi/vcert/v4/pkg/endpoint/endpoint.go:355.117,356.37 1 1
github.com/Venafi/vcert/v4/pkg/endpoint/endpoint.go:372.2,372.8 1 0
github.com/Venafi/vcert/v4/pkg/endpoint/endpoint.go:356.37,357.31 1 1
github.com/Venafi/vcert/v4/pkg/endpoint/endpoint.go:357.31,358.30 1 1
github.com/Venafi/vcert/v4/pkg/endpoint/endpoint.go:359.32,360.52 1 1
github.com/Venafi/vcert/v4/pkg/endpoint/endpoint.go:361.34,363.47 2 1
github.com/Venafi/vcert/v4/pkg/endpoint/endpoint.go:366.5,366.53 1 1
github.com/Venafi/vcert/v4/pkg/endpoint/endpoint.go:367.12,368.11 1 0
github.com/Venafi/vcert/v4/pkg/endpoint/endpoint.go:363.47,365.6 1 0
github.com/Venafi/vcert/v4/pkg/endpoint/endpoint.go:375.38,376.22 1 1
github.com/Venafi/vcert/v4/pkg/endpoint/endpoint.go:381.2,381.14 1 1
github.com/Venafi/vcert/v4/pkg/endpoint/endpoint.go:376.22,377.13 1 1
github.com/Venafi/vcert/v4/pkg/endpoint/endpoint.go:377.13,379.4 1 1
github.com/Venafi/vcert/v4/pkg/endpoint/endpoint.go:384.84,385.22 1 1
github.com/Venafi/vcert/v4/pkg/endpoint/endpoint.go:390.2,390.14 1 1
github.com/Venafi/vcert/v4/pkg/endpoint/endpoint.go:385.22,386.13 1 1
github.com/Venafi/vcert/v4/pkg/endpoint/endpoint.go:386.13,388.4 1 1
github.com/Venafi/vcert/v4/pkg/endpoint/endpoint.go:393.58,394.27 1 1
github.com/Venafi/vcert/v4/pkg/endpoint/endpoint.go:400.2,400.14 1 1
github.com/Venafi/vcert/v4/pkg/endpoint/endpoint.go:394.27,396.28 2 1
github.com/Venafi/vcert/v4/pkg/endpoint/endpoint.go:396.28,398.4 1 1
github.com/Venafi/vcert/v4/pkg/endpoint/endpoint.go:403.73,404.30 1 1
github.com/Venafi/vcert/v4/pkg/endpoint/endpoint.go:407.2,407.18 1 1
github.com/Venafi/vcert/v4/pkg/endpoint/endpoint.go:410.2,410.23 1 1
github.com/Venafi/vcert/v4/pkg/endpoint/endpoint.go:415.2,415.13 1 1
github.com/Venafi/vcert/v4/pkg/endpoint/endpoint.go:404.30,406.3 1 1
github.com/Venafi/vcert/v4/pkg/endpoint/endpoint.go:407.18,409.3 1 1
github.com/Venafi/vcert/v4/pkg/endpoint/endpoint.go:410.23,411.38 1 1
github.com/Venafi/vcert/v4/pkg/endpoint/endpoint.go:411.38,413.4 1 1
github.com/Venafi/vcert/v4/pkg/endpoint/endpoint.go:419.84,420.68 1 1
github.com/Venafi/vcert/v4/pkg/endpoint/endpoint.go:424.2,424.81 1 1
github.com/Venafi/vcert/v4/pkg/endpoint/endpoint.go:428.2,428.58 1 1
github.com/Venafi/vcert/v4/pkg/endpoint/endpoint.go:432.2,432.60 1 1
github.com/Venafi/vcert/v4/pkg/endpoint/endpoint.go:436.2,436.60 1 1
github.com/Venafi/vcert/v4/pkg/endpoint/endpoint.go:440.2,440.55 1 1
github.com/Venafi/vcert/v4/pkg/endpoint/endpoint.go:446.2,446.31 1 1
github.com/Venafi/vcert/v4/pkg/endpoint/endpoint.go:420.68,422.3 1 1
github.com/Venafi/vcert/v4/pkg/endpoint/endpoint.go:424.81,426.3 1 1
github.com/Venafi/vcert/v4/pkg/endpoint/endpoint.go:428.58,430.3 1 1
github.com/Venafi/vcert/v4/pkg/endpoint/endpoint.go:432.60,434.3 1 1
github.com/Venafi/vcert/v4/pkg/endpoint/endpoint.go:436.60,438.3 1 1
github.com/Venafi/vcert/v4/pkg/endpoint/endpoint.go:440.55,442.3 1 1
github.com/Venafi/vcert/v4/pkg/endpoint/endpoint.go:442.8,444.3 1 0
github.com/Venafi/vcert/v4/pkg/endpoint/endpoint.go:446.31,448.70 2 1
github.com/Venafi/vcert/v4/pkg/endpoint/endpoint.go:451.3,451.100 1 1
github.com/Venafi/vcert/v4/pkg/endpoint/endpoint.go:448.70,450.4 1 1
github.com/Venafi/vcert/v4/pkg/endpoint/endpoint.go:451.100,453.4 1 0
github.com/Venafi/vcert/v4/pkg/endpoint/endpoint.go:454.8,456.74 1 1
github.com/Venafi/vcert/v4/pkg/endpoint/endpoint.go:456.74,458.4 1 1
github.com/Venafi/vcert/v4/pkg/endpoint/endpoint.go:462.33,464.16 2 1
github.com/Venafi/vcert/v4/pkg/endpoint/endpoint.go:467.2,468.52 2 1
github.com/Venafi/vcert/v4/pkg/endpoint/endpoint.go:464.16,466.3 1 0
