mode: set
github.com/Venafi/vcert/v4/pkg/venafi/fake/connector.go:42.102,43.41 1 0
github.com/Venafi/vcert/v4/pkg/venafi/fake/connector.go:46.113,47.41 1 0
github.com/Venafi/vcert/v4/pkg/venafi/fake/connector.go:50.83,51.41 1 0
github.com/Venafi/vcert/v4/pkg/venafi/fake/connector.go:54.109,55.41 1 0
github.com/Venafi/vcert/v4/pkg/venafi/fake/connector.go:58.133,59.41 1 0
github.com/Venafi/vcert/v4/pkg/venafi/fake/connector.go:62.132,63.41 1 0
github.com/Venafi/vcert/v4/pkg/venafi/fake/connector.go:66.110,67.41 1 0
github.com/Venafi/vcert/v4/pkg/venafi/fake/connector.go:70.81,134.2 13 0
github.com/Venafi/vcert/v4/pkg/venafi/fake/connector.go:136.92,138.2 1 0
github.com/Venafi/vcert/v4/pkg/venafi/fake/connector.go:140.66,143.2 2 1
github.com/Venafi/vcert/v4/pkg/venafi/fake/connector.go:145.54,147.2 1 0
github.com/Venafi/vcert/v4/pkg/venafi/fake/connector.go:149.40,150.2 0 0
github.com/Venafi/vcert/v4/pkg/venafi/fake/connector.go:152.40,154.2 1 0
github.com/Venafi/vcert/v4/pkg/venafi/fake/connector.go:156.77,158.2 1 0
github.com/Venafi/vcert/v4/pkg/venafi/fake/connector.go:165.54,166.61 1 1
github.com/Venafi/vcert/v4/pkg/venafi/fake/connector.go:169.2,169.12 1 1
github.com/Venafi/vcert/v4/pkg/venafi/fake/connector.go:166.61,168.3 1 0
github.com/Venafi/vcert/v4/pkg/venafi/fake/connector.go:172.96,174.16 2 1
github.com/Venafi/vcert/v4/pkg/venafi/fake/connector.go:178.2,180.23 2 1
github.com/Venafi/vcert/v4/pkg/venafi/fake/connector.go:193.2,194.16 2 1
github.com/Venafi/vcert/v4/pkg/venafi/fake/connector.go:197.2,199.22 3 1
github.com/Venafi/vcert/v4/pkg/venafi/fake/connector.go:174.16,176.3 1 0
github.com/Venafi/vcert/v4/pkg/venafi/fake/connector.go:181.66,183.68 1 1
github.com/Venafi/vcert/v4/pkg/venafi/fake/connector.go:185.39,187.24 1 0
github.com/Venafi/vcert/v4/pkg/venafi/fake/connector.go:189.10,190.65 1 0
github.com/Venafi/vcert/v4/pkg/venafi/fake/connector.go:194.16,196.3 1 0
github.com/Venafi/vcert/v4/pkg/venafi/fake/connector.go:202.69,206.50 3 1
github.com/Venafi/vcert/v4/pkg/venafi/fake/connector.go:220.2,235.16 12 1
github.com/Venafi/vcert/v4/pkg/venafi/fake/connector.go:239.2,240.17 2 1
github.com/Venafi/vcert/v4/pkg/venafi/fake/connector.go:206.50,210.37 3 0
github.com/Venafi/vcert/v4/pkg/venafi/fake/connector.go:213.3,214.29 2 0
github.com/Venafi/vcert/v4/pkg/venafi/fake/connector.go:217.3,217.27 1 0
github.com/Venafi/vcert/v4/pkg/venafi/fake/connector.go:210.37,212.4 1 0
github.com/Venafi/vcert/v4/pkg/venafi/fake/connector.go:214.29,216.4 1 0
github.com/Venafi/vcert/v4/pkg/venafi/fake/connector.go:235.16,237.3 1 0
github.com/Venafi/vcert/v4/pkg/venafi/fake/connector.go:243.111,246.16 2 1
github.com/Venafi/vcert/v4/pkg/venafi/fake/connector.go:250.2,252.16 3 1
github.com/Venafi/vcert/v4/pkg/venafi/fake/connector.go:256.2,259.27 3 1
github.com/Venafi/vcert/v4/pkg/venafi/fake/connector.go:283.2,288.81 3 1
github.com/Venafi/vcert/v4/pkg/venafi/fake/connector.go:292.2,293.16 2 1
github.com/Venafi/vcert/v4/pkg/venafi/fake/connector.go:297.2,298.16 2 1
github.com/Venafi/vcert/v4/pkg/venafi/fake/connector.go:302.2,303.25 2 1
github.com/Venafi/vcert/v4/pkg/venafi/fake/connector.go:309.2,310.16 2 1
github.com/Venafi/vcert/v4/pkg/venafi/fake/connector.go:314.2,314.40 1 1
github.com/Venafi/vcert/v4/pkg/venafi/fake/connector.go:320.2,321.8 2 1
github.com/Venafi/vcert/v4/pkg/venafi/fake/connector.go:246.16,248.3 1 0
github.com/Venafi/vcert/v4/pkg/venafi/fake/connector.go:252.16,254.3 1 0
github.com/Venafi/vcert/v4/pkg/venafi/fake/connector.go:259.27,261.17 2 1
github.com/Venafi/vcert/v4/pkg/venafi/fake/connector.go:261.17,263.4 1 0
github.com/Venafi/vcert/v4/pkg/venafi/fake/connector.go:265.8,269.17 3 0
github.com/Venafi/vcert/v4/pkg/venafi/fake/connector.go:273.3,276.17 3 0
github.com/Venafi/vcert/v4/pkg/venafi/fake/connector.go:279.3,280.22 2 0
github.com/Venafi/vcert/v4/pkg/venafi/fake/connector.go:269.17,271.4 1 0
github.com/Venafi/vcert/v4/pkg/venafi/fake/connector.go:276.17,278.4 1 0
github.com/Venafi/vcert/v4/pkg/venafi/fake/connector.go:288.81,290.3 1 0
github.com/Venafi/vcert/v4/pkg/venafi/fake/connector.go:293.16,295.3 1 0
github.com/Venafi/vcert/v4/pkg/venafi/fake/connector.go:298.16,300.3 1 0
github.com/Venafi/vcert/v4/pkg/venafi/fake/connector.go:304.40,305.58 1 0
github.com/Venafi/vcert/v4/pkg/venafi/fake/connector.go:306.10,307.53 1 1
github.com/Venafi/vcert/v4/pkg/venafi/fake/connector.go:310.16,312.3 1 0
github.com/Venafi/vcert/v4/pkg/venafi/fake/connector.go:314.40,316.17 2 0
github.com/Venafi/vcert/v4/pkg/venafi/fake/connector.go:316.17,318.4 1 0
github.com/Venafi/vcert/v4/pkg/venafi/fake/connector.go:325.90,327.2 1 1
github.com/Venafi/vcert/v4/pkg/venafi/fake/connector.go:329.93,334.2 4 1
github.com/Venafi/vcert/v4/pkg/venafi/fake/connector.go:337.104,339.2 1 0
github.com/Venafi/vcert/v4/pkg/venafi/fake/connector.go:341.108,343.2 1 0
github.com/Venafi/vcert/v4/pkg/venafi/fake/connector.go:345.84,366.2 2 1
github.com/Venafi/vcert/v4/pkg/venafi/fake/connector.go:368.57,369.2 0 0
github.com/Venafi/vcert/v4/pkg/venafi/fake/connector.go:371.101,373.2 1 0
github.com/Venafi/vcert/v4/pkg/venafi/fake/fake.go:26.111,28.23 1 1
github.com/Venafi/vcert/v4/pkg/venafi/fake/fake.go:51.2,51.12 1 1
github.com/Venafi/vcert/v4/pkg/venafi/fake/fake.go:29.37,31.17 2 1
github.com/Venafi/vcert/v4/pkg/venafi/fake/fake.go:34.3,35.17 2 1
github.com/Venafi/vcert/v4/pkg/venafi/fake/fake.go:39.35,40.26 1 1
github.com/Venafi/vcert/v4/pkg/venafi/fake/fake.go:44.39,45.13 1 1
github.com/Venafi/vcert/v4/pkg/venafi/fake/fake.go:47.10,48.61 1 0
github.com/Venafi/vcert/v4/pkg/venafi/fake/fake.go:31.17,33.4 1 0
github.com/Venafi/vcert/v4/pkg/venafi/fake/fake.go:35.17,37.4 1 0
github.com/Venafi/vcert/v4/pkg/venafi/fake/fake.go:40.26,42.4 1 1
