mode: set
github.com/Venafi/vcert/v4/pkg/policy/policyUtils.go:21.35,26.25 3 1
github.com/Venafi/vcert/v4/pkg/policy/policyUtils.go:30.2,30.18 1 1
github.com/Venafi/vcert/v4/pkg/policy/policyUtils.go:26.25,28.3 1 1
github.com/Venafi/vcert/v4/pkg/policy/policyUtils.go:33.33,37.2 3 0
github.com/Venafi/vcert/v4/pkg/policy/policyUtils.go:39.68,41.22 1 1
github.com/Venafi/vcert/v4/pkg/policy/policyUtils.go:53.2,54.16 2 1
github.com/Venafi/vcert/v4/pkg/policy/policyUtils.go:58.2,59.16 2 1
github.com/Venafi/vcert/v4/pkg/policy/policyUtils.go:63.2,64.16 2 1
github.com/Venafi/vcert/v4/pkg/policy/policyUtils.go:68.2,68.112 1 1
github.com/Venafi/vcert/v4/pkg/policy/policyUtils.go:74.2,74.12 1 1
github.com/Venafi/vcert/v4/pkg/policy/policyUtils.go:41.22,43.17 2 1
github.com/Venafi/vcert/v4/pkg/policy/policyUtils.go:47.3,48.17 2 1
github.com/Venafi/vcert/v4/pkg/policy/policyUtils.go:43.17,45.4 1 0
github.com/Venafi/vcert/v4/pkg/policy/policyUtils.go:48.17,50.4 1 0
github.com/Venafi/vcert/v4/pkg/policy/policyUtils.go:54.16,56.3 1 0
github.com/Venafi/vcert/v4/pkg/policy/policyUtils.go:59.16,61.3 1 0
github.com/Venafi/vcert/v4/pkg/policy/policyUtils.go:64.16,66.3 1 0
github.com/Venafi/vcert/v4/pkg/policy/policyUtils.go:68.112,69.64 1 1
github.com/Venafi/vcert/v4/pkg/policy/policyUtils.go:69.64,71.4 1 0
github.com/Venafi/vcert/v4/pkg/policy/policyUtils.go:77.59,79.30 1 1
github.com/Venafi/vcert/v4/pkg/policy/policyUtils.go:82.2,84.27 2 1
github.com/Venafi/vcert/v4/pkg/policy/policyUtils.go:87.2,87.33 1 1
github.com/Venafi/vcert/v4/pkg/policy/policyUtils.go:90.2,90.29 1 1
github.com/Venafi/vcert/v4/pkg/policy/policyUtils.go:93.2,93.32 1 1
github.com/Venafi/vcert/v4/pkg/policy/policyUtils.go:97.2,97.36 1 1
github.com/Venafi/vcert/v4/pkg/policy/policyUtils.go:101.2,101.12 1 1
github.com/Venafi/vcert/v4/pkg/policy/policyUtils.go:79.30,81.3 1 0
github.com/Venafi/vcert/v4/pkg/policy/policyUtils.go:84.27,86.3 1 0
github.com/Venafi/vcert/v4/pkg/policy/policyUtils.go:87.33,89.3 1 0
github.com/Venafi/vcert/v4/pkg/policy/policyUtils.go:90.29,92.3 1 0
github.com/Venafi/vcert/v4/pkg/policy/policyUtils.go:93.32,95.3 1 0
github.com/Venafi/vcert/v4/pkg/policy/policyUtils.go:97.36,99.3 1 0
github.com/Venafi/vcert/v4/pkg/policy/policyUtils.go:104.53,105.30 1 1
github.com/Venafi/vcert/v4/pkg/policy/policyUtils.go:108.2,111.31 2 1
github.com/Venafi/vcert/v4/pkg/policy/policyUtils.go:114.2,114.84 1 1
github.com/Venafi/vcert/v4/pkg/policy/policyUtils.go:119.2,119.34 1 1
github.com/Venafi/vcert/v4/pkg/policy/policyUtils.go:122.2,122.90 1 1
github.com/Venafi/vcert/v4/pkg/policy/policyUtils.go:127.2,127.37 1 1
github.com/Venafi/vcert/v4/pkg/policy/policyUtils.go:130.2,130.103 1 1
github.com/Venafi/vcert/v4/pkg/policy/policyUtils.go:134.2,134.12 1 1
github.com/Venafi/vcert/v4/pkg/policy/policyUtils.go:105.30,107.3 1 0
github.com/Venafi/vcert/v4/pkg/policy/policyUtils.go:111.31,113.3 1 0
github.com/Venafi/vcert/v4/pkg/policy/policyUtils.go:114.84,116.3 1 0
github.com/Venafi/vcert/v4/pkg/policy/policyUtils.go:119.34,121.3 1 0
github.com/Venafi/vcert/v4/pkg/policy/policyUtils.go:122.90,124.3 1 0
github.com/Venafi/vcert/v4/pkg/policy/policyUtils.go:127.37,129.3 1 0
github.com/Venafi/vcert/v4/pkg/policy/policyUtils.go:130.103,132.3 1 0
github.com/Venafi/vcert/v4/pkg/policy/policyUtils.go:137.76,138.31 1 1
github.com/Venafi/vcert/v4/pkg/policy/policyUtils.go:149.2,149.13 1 1
github.com/Venafi/vcert/v4/pkg/policy/policyUtils.go:138.31,140.38 2 1
github.com/Venafi/vcert/v4/pkg/policy/policyUtils.go:145.3,145.13 1 1
github.com/Venafi/vcert/v4/pkg/policy/policyUtils.go:140.38,141.16 1 1
github.com/Venafi/vcert/v4/pkg/policy/policyUtils.go:141.16,143.5 1 1
github.com/Venafi/vcert/v4/pkg/policy/policyUtils.go:145.13,147.4 1 0
github.com/Venafi/vcert/v4/pkg/policy/policyUtils.go:152.67,153.31 1 1
github.com/Venafi/vcert/v4/pkg/policy/policyUtils.go:165.2,165.13 1 1
github.com/Venafi/vcert/v4/pkg/policy/policyUtils.go:153.31,155.38 2 1
github.com/Venafi/vcert/v4/pkg/policy/policyUtils.go:160.3,160.13 1 1
github.com/Venafi/vcert/v4/pkg/policy/policyUtils.go:155.38,156.16 1 1
github.com/Venafi/vcert/v4/pkg/policy/policyUtils.go:156.16,158.5 1 1
github.com/Venafi/vcert/v4/pkg/policy/policyUtils.go:160.13,162.4 1 0
github.com/Venafi/vcert/v4/pkg/policy/policyUtils.go:168.60,170.52 1 1
github.com/Venafi/vcert/v4/pkg/policy/policyUtils.go:216.2,216.12 1 1
github.com/Venafi/vcert/v4/pkg/policy/policyUtils.go:170.52,174.51 2 1
github.com/Venafi/vcert/v4/pkg/policy/policyUtils.go:174.51,178.124 2 1
github.com/Venafi/vcert/v4/pkg/policy/policyUtils.go:184.4,184.75 1 1
github.com/Venafi/vcert/v4/pkg/policy/policyUtils.go:190.4,190.146 1 1
github.com/Venafi/vcert/v4/pkg/policy/policyUtils.go:195.4,195.132 1 1
github.com/Venafi/vcert/v4/pkg/policy/policyUtils.go:200.4,200.142 1 1
github.com/Venafi/vcert/v4/pkg/policy/policyUtils.go:205.4,205.72 1 1
github.com/Venafi/vcert/v4/pkg/policy/policyUtils.go:178.124,179.55 1 1
github.com/Venafi/vcert/v4/pkg/policy/policyUtils.go:179.55,181.6 1 0
github.com/Venafi/vcert/v4/pkg/policy/policyUtils.go:184.75,185.77 1 1
github.com/Venafi/vcert/v4/pkg/policy/policyUtils.go:185.77,187.6 1 0
github.com/Venafi/vcert/v4/pkg/policy/policyUtils.go:190.146,191.66 1 1
github.com/Venafi/vcert/v4/pkg/policy/policyUtils.go:191.66,193.6 1 0
github.com/Venafi/vcert/v4/pkg/policy/policyUtils.go:195.132,196.59 1 1
github.com/Venafi/vcert/v4/pkg/policy/policyUtils.go:196.59,198.6 1 0
github.com/Venafi/vcert/v4/pkg/policy/policyUtils.go:200.142,201.64 1 1
github.com/Venafi/vcert/v4/pkg/policy/policyUtils.go:201.64,203.6 1 0
github.com/Venafi/vcert/v4/pkg/policy/policyUtils.go:205.72,206.44 1 1
github.com/Venafi/vcert/v4/pkg/policy/policyUtils.go:206.44,208.6 1 0
github.com/Venafi/vcert/v4/pkg/policy/policyUtils.go:210.9,213.4 1 0
github.com/Venafi/vcert/v4/pkg/policy/policyUtils.go:219.77,220.100 1 1
github.com/Venafi/vcert/v4/pkg/policy/policyUtils.go:223.2,226.138 3 1
github.com/Venafi/vcert/v4/pkg/policy/policyUtils.go:232.2,232.148 1 1
github.com/Venafi/vcert/v4/pkg/policy/policyUtils.go:238.2,238.162 1 1
github.com/Venafi/vcert/v4/pkg/policy/policyUtils.go:244.2,244.85 1 1
github.com/Venafi/vcert/v4/pkg/policy/policyUtils.go:250.2,250.12 1 1
github.com/Venafi/vcert/v4/pkg/policy/policyUtils.go:220.100,222.3 1 0
github.com/Venafi/vcert/v4/pkg/policy/policyUtils.go:226.138,227.61 1 1
github.com/Venafi/vcert/v4/pkg/policy/policyUtils.go:227.61,229.4 1 0
github.com/Venafi/vcert/v4/pkg/policy/policyUtils.go:232.148,233.67 1 1
github.com/Venafi/vcert/v4/pkg/policy/policyUtils.go:233.67,235.4 1 0
github.com/Venafi/vcert/v4/pkg/policy/policyUtils.go:238.162,239.73 1 0
github.com/Venafi/vcert/v4/pkg/policy/policyUtils.go:239.73,241.4 1 0
github.com/Venafi/vcert/v4/pkg/policy/policyUtils.go:244.85,245.78 1 0
github.com/Venafi/vcert/v4/pkg/policy/policyUtils.go:245.78,247.4 1 0
github.com/Venafi/vcert/v4/pkg/policy/policyUtils.go:253.60,255.23 1 1
github.com/Venafi/vcert/v4/pkg/policy/policyUtils.go:259.2,259.31 1 1
github.com/Venafi/vcert/v4/pkg/policy/policyUtils.go:263.2,265.121 2 1
github.com/Venafi/vcert/v4/pkg/policy/policyUtils.go:270.2,270.125 1 1
github.com/Venafi/vcert/v4/pkg/policy/policyUtils.go:275.2,275.146 1 1
github.com/Venafi/vcert/v4/pkg/policy/policyUtils.go:279.2,279.12 1 1
github.com/Venafi/vcert/v4/pkg/policy/policyUtils.go:255.23,257.3 1 0
github.com/Venafi/vcert/v4/pkg/policy/policyUtils.go:259.31,261.3 1 0
github.com/Venafi/vcert/v4/pkg/policy/policyUtils.go:265.121,267.3 1 0
github.com/Venafi/vcert/v4/pkg/policy/policyUtils.go:270.125,272.3 1 0
github.com/Venafi/vcert/v4/pkg/policy/policyUtils.go:275.146,277.3 1 0
github.com/Venafi/vcert/v4/pkg/policy/policyUtils.go:282.56,294.22 4 1
github.com/Venafi/vcert/v4/pkg/policy/policyUtils.go:298.2,298.58 1 1
github.com/Venafi/vcert/v4/pkg/policy/policyUtils.go:310.2,310.63 1 1
github.com/Venafi/vcert/v4/pkg/policy/policyUtils.go:314.2,315.56 2 1
github.com/Venafi/vcert/v4/pkg/policy/policyUtils.go:328.2,328.120 1 1
github.com/Venafi/vcert/v4/pkg/policy/policyUtils.go:334.2,334.128 1 1
github.com/Venafi/vcert/v4/pkg/policy/policyUtils.go:340.2,340.132 1 1
github.com/Venafi/vcert/v4/pkg/policy/policyUtils.go:346.2,346.124 1 1
github.com/Venafi/vcert/v4/pkg/policy/policyUtils.go:352.2,352.130 1 1
github.com/Venafi/vcert/v4/pkg/policy/policyUtils.go:358.2,358.128 1 1
github.com/Venafi/vcert/v4/pkg/policy/policyUtils.go:364.2,364.133 1 1
github.com/Venafi/vcert/v4/pkg/policy/policyUtils.go:371.2,371.140 1 1
github.com/Venafi/vcert/v4/pkg/policy/policyUtils.go:377.2,377.95 1 1
github.com/Venafi/vcert/v4/pkg/policy/policyUtils.go:391.2,391.91 1 1
github.com/Venafi/vcert/v4/pkg/policy/policyUtils.go:404.2,404.58 1 1
github.com/Venafi/vcert/v4/pkg/policy/policyUtils.go:411.2,411.18 1 1
github.com/Venafi/vcert/v4/pkg/policy/policyUtils.go:294.22,296.3 1 1
github.com/Venafi/vcert/v4/pkg/policy/policyUtils.go:298.58,300.35 1 1
github.com/Venafi/vcert/v4/pkg/policy/policyUtils.go:300.35,303.4 2 1
github.com/Venafi/vcert/v4/pkg/policy/policyUtils.go:303.9,306.4 2 0
github.com/Venafi/vcert/v4/pkg/policy/policyUtils.go:310.63,312.3 1 1
github.com/Venafi/vcert/v4/pkg/policy/policyUtils.go:315.56,316.33 1 0
github.com/Venafi/vcert/v4/pkg/policy/policyUtils.go:319.3,319.73 1 0
github.com/Venafi/vcert/v4/pkg/policy/policyUtils.go:316.33,318.4 1 0
github.com/Venafi/vcert/v4/pkg/policy/policyUtils.go:320.8,320.65 1 1
github.com/Venafi/vcert/v4/pkg/policy/policyUtils.go:320.65,321.34 1 1
github.com/Venafi/vcert/v4/pkg/policy/policyUtils.go:324.3,324.74 1 1
github.com/Venafi/vcert/v4/pkg/policy/policyUtils.go:321.34,323.4 1 0
github.com/Venafi/vcert/v4/pkg/policy/policyUtils.go:328.120,330.3 1 1
github.com/Venafi/vcert/v4/pkg/policy/policyUtils.go:330.8,330.94 1 1
github.com/Venafi/vcert/v4/pkg/policy/policyUtils.go:330.94,332.3 1 1
github.com/Venafi/vcert/v4/pkg/policy/policyUtils.go:334.128,336.3 1 1
github.com/Venafi/vcert/v4/pkg/policy/policyUtils.go:336.8,336.139 1 1
github.com/Venafi/vcert/v4/pkg/policy/policyUtils.go:336.139,338.3 1 1
github.com/Venafi/vcert/v4/pkg/policy/policyUtils.go:340.132,342.3 1 1
github.com/Venafi/vcert/v4/pkg/policy/policyUtils.go:342.8,342.141 1 1
github.com/Venafi/vcert/v4/pkg/policy/policyUtils.go:342.141,344.3 1 1
github.com/Venafi/vcert/v4/pkg/policy/policyUtils.go:346.124,348.3 1 1
github.com/Venafi/vcert/v4/pkg/policy/policyUtils.go:348.8,348.135 1 1
github.com/Venafi/vcert/v4/pkg/policy/policyUtils.go:348.135,350.3 1 1
github.com/Venafi/vcert/v4/pkg/policy/policyUtils.go:352.130,354.3 1 1
github.com/Venafi/vcert/v4/pkg/policy/policyUtils.go:354.8,354.139 1 1
github.com/Venafi/vcert/v4/pkg/policy/policyUtils.go:354.139,356.3 1 1
github.com/Venafi/vcert/v4/pkg/policy/policyUtils.go:358.128,360.3 1 1
github.com/Venafi/vcert/v4/pkg/policy/policyUtils.go:360.8,360.139 1 1
github.com/Venafi/vcert/v4/pkg/policy/policyUtils.go:360.139,362.3 1 1
github.com/Venafi/vcert/v4/pkg/policy/policyUtils.go:364.133,367.3 2 1
github.com/Venafi/vcert/v4/pkg/policy/policyUtils.go:367.8,367.142 1 1
github.com/Venafi/vcert/v4/pkg/policy/policyUtils.go:367.142,369.3 1 1
github.com/Venafi/vcert/v4/pkg/policy/policyUtils.go:371.140,373.3 1 0
github.com/Venafi/vcert/v4/pkg/policy/policyUtils.go:373.8,373.151 1 1
github.com/Venafi/vcert/v4/pkg/policy/policyUtils.go:373.151,375.3 1 0
github.com/Venafi/vcert/v4/pkg/policy/policyUtils.go:377.95,379.44 2 0
github.com/Venafi/vcert/v4/pkg/policy/policyUtils.go:382.3,382.60 1 0
github.com/Venafi/vcert/v4/pkg/policy/policyUtils.go:379.44,381.4 1 0
github.com/Venafi/vcert/v4/pkg/policy/policyUtils.go:383.8,383.107 1 1
github.com/Venafi/vcert/v4/pkg/policy/policyUtils.go:383.107,385.45 2 1
github.com/Venafi/vcert/v4/pkg/policy/policyUtils.go:388.3,388.61 1 1
github.com/Venafi/vcert/v4/pkg/policy/policyUtils.go:385.45,387.4 1 1
github.com/Venafi/vcert/v4/pkg/policy/policyUtils.go:391.91,394.40 2 1
github.com/Venafi/vcert/v4/pkg/policy/policyUtils.go:400.3,401.34 2 1
github.com/Venafi/vcert/v4/pkg/policy/policyUtils.go:394.40,396.4 1 0
github.com/Venafi/vcert/v4/pkg/policy/policyUtils.go:396.9,398.4 1 1
github.com/Venafi/vcert/v4/pkg/policy/policyUtils.go:404.58,406.31 2 1
github.com/Venafi/vcert/v4/pkg/policy/policyUtils.go:406.31,408.4 1 1
github.com/Venafi/vcert/v4/pkg/policy/policyUtils.go:414.72,420.2 2 1
github.com/Venafi/vcert/v4/pkg/policy/policyUtils.go:422.84,428.2 2 1
github.com/Venafi/vcert/v4/pkg/policy/policyUtils.go:430.57,434.49 2 1
github.com/Venafi/vcert/v4/pkg/policy/policyUtils.go:437.2,437.47 1 1
github.com/Venafi/vcert/v4/pkg/policy/policyUtils.go:441.2,441.53 1 1
github.com/Venafi/vcert/v4/pkg/policy/policyUtils.go:445.2,445.49 1 1
github.com/Venafi/vcert/v4/pkg/policy/policyUtils.go:449.2,449.49 1 1
github.com/Venafi/vcert/v4/pkg/policy/policyUtils.go:453.2,453.34 1 1
github.com/Venafi/vcert/v4/pkg/policy/policyUtils.go:457.2,457.27 1 1
github.com/Venafi/vcert/v4/pkg/policy/policyUtils.go:434.49,436.3 1 0
github.com/Venafi/vcert/v4/pkg/policy/policyUtils.go:437.47,439.3 1 0
github.com/Venafi/vcert/v4/pkg/policy/policyUtils.go:441.53,443.3 1 0
github.com/Venafi/vcert/v4/pkg/policy/policyUtils.go:445.49,447.3 1 0
github.com/Venafi/vcert/v4/pkg/policy/policyUtils.go:449.49,451.3 1 1
github.com/Venafi/vcert/v4/pkg/policy/policyUtils.go:453.34,455.3 1 0
github.com/Venafi/vcert/v4/pkg/policy/policyUtils.go:460.104,462.35 1 1
github.com/Venafi/vcert/v4/pkg/policy/policyUtils.go:466.2,474.38 4 1
github.com/Venafi/vcert/v4/pkg/policy/policyUtils.go:478.2,478.45 1 1
github.com/Venafi/vcert/v4/pkg/policy/policyUtils.go:482.2,496.39 11 1
github.com/Venafi/vcert/v4/pkg/policy/policyUtils.go:511.2,511.45 1 1
github.com/Venafi/vcert/v4/pkg/policy/policyUtils.go:523.2,523.54 1 1
github.com/Venafi/vcert/v4/pkg/policy/policyUtils.go:534.2,534.37 1 1
github.com/Venafi/vcert/v4/pkg/policy/policyUtils.go:546.2,546.38 1 1
github.com/Venafi/vcert/v4/pkg/policy/policyUtils.go:557.2,557.40 1 1
github.com/Venafi/vcert/v4/pkg/policy/policyUtils.go:570.2,570.53 1 1
github.com/Venafi/vcert/v4/pkg/policy/policyUtils.go:581.2,581.46 1 1
github.com/Venafi/vcert/v4/pkg/policy/policyUtils.go:602.2,603.17 2 1
github.com/Venafi/vcert/v4/pkg/policy/policyUtils.go:619.2,623.25 3 1
github.com/Venafi/vcert/v4/pkg/policy/policyUtils.go:626.2,626.25 1 1
github.com/Venafi/vcert/v4/pkg/policy/policyUtils.go:629.2,631.28 2 1
github.com/Venafi/vcert/v4/pkg/policy/policyUtils.go:636.2,638.28 2 1
github.com/Venafi/vcert/v4/pkg/policy/policyUtils.go:641.2,641.28 1 1
github.com/Venafi/vcert/v4/pkg/policy/policyUtils.go:645.2,645.82 1 1
github.com/Venafi/vcert/v4/pkg/policy/policyUtils.go:649.2,649.17 1 1
github.com/Venafi/vcert/v4/pkg/policy/policyUtils.go:462.35,464.3 1 0
github.com/Venafi/vcert/v4/pkg/policy/policyUtils.go:474.38,476.3 1 1
github.com/Venafi/vcert/v4/pkg/policy/policyUtils.go:478.45,480.3 1 1
github.com/Venafi/vcert/v4/pkg/policy/policyUtils.go:496.39,498.67 2 1
github.com/Venafi/vcert/v4/pkg/policy/policyUtils.go:501.3,501.35 1 1
github.com/Venafi/vcert/v4/pkg/policy/policyUtils.go:498.67,500.4 1 1
github.com/Venafi/vcert/v4/pkg/policy/policyUtils.go:501.35,503.4 1 1
github.com/Venafi/vcert/v4/pkg/policy/policyUtils.go:503.9,505.4 1 1
github.com/Venafi/vcert/v4/pkg/policy/policyUtils.go:511.45,512.41 1 1
github.com/Venafi/vcert/v4/pkg/policy/policyUtils.go:512.41,515.4 2 1
github.com/Venafi/vcert/v4/pkg/policy/policyUtils.go:515.9,518.4 2 1
github.com/Venafi/vcert/v4/pkg/policy/policyUtils.go:523.54,524.47 1 1
github.com/Venafi/vcert/v4/pkg/policy/policyUtils.go:524.47,527.4 2 1
github.com/Venafi/vcert/v4/pkg/policy/policyUtils.go:527.9,530.4 2 1
github.com/Venafi/vcert/v4/pkg/policy/policyUtils.go:534.37,535.33 1 1
github.com/Venafi/vcert/v4/pkg/policy/policyUtils.go:535.33,538.4 2 1
github.com/Venafi/vcert/v4/pkg/policy/policyUtils.go:538.9,541.4 2 1
github.com/Venafi/vcert/v4/pkg/policy/policyUtils.go:546.38,547.34 1 1
github.com/Venafi/vcert/v4/pkg/policy/policyUtils.go:547.34,550.4 2 1
github.com/Venafi/vcert/v4/pkg/policy/policyUtils.go:550.9,553.4 2 1
github.com/Venafi/vcert/v4/pkg/policy/policyUtils.go:557.40,558.36 1 1
github.com/Venafi/vcert/v4/pkg/policy/policyUtils.go:558.36,561.4 2 1
github.com/Venafi/vcert/v4/pkg/policy/policyUtils.go:561.9,564.4 2 1
github.com/Venafi/vcert/v4/pkg/policy/policyUtils.go:570.53,571.49 1 1
github.com/Venafi/vcert/v4/pkg/policy/policyUtils.go:571.49,573.4 1 1
github.com/Venafi/vcert/v4/pkg/policy/policyUtils.go:573.9,576.4 2 1
github.com/Venafi/vcert/v4/pkg/policy/policyUtils.go:581.46,582.44 1 1
github.com/Venafi/vcert/v4/pkg/policy/policyUtils.go:582.44,584.4 1 1
github.com/Venafi/vcert/v4/pkg/policy/policyUtils.go:584.9,587.4 2 1
github.com/Venafi/vcert/v4/pkg/policy/policyUtils.go:603.17,607.28 2 1
github.com/Venafi/vcert/v4/pkg/policy/policyUtils.go:611.3,611.34 1 1
github.com/Venafi/vcert/v4/pkg/policy/policyUtils.go:607.28,609.4 1 0
github.com/Venafi/vcert/v4/pkg/policy/policyUtils.go:611.34,613.4 1 1
github.com/Venafi/vcert/v4/pkg/policy/policyUtils.go:613.9,616.4 2 1
github.com/Venafi/vcert/v4/pkg/policy/policyUtils.go:623.25,625.3 1 1
github.com/Venafi/vcert/v4/pkg/policy/policyUtils.go:626.25,628.3 1 1
github.com/Venafi/vcert/v4/pkg/policy/policyUtils.go:631.28,633.3 1 1
github.com/Venafi/vcert/v4/pkg/policy/policyUtils.go:638.28,640.3 1 1
github.com/Venafi/vcert/v4/pkg/policy/policyUtils.go:641.28,643.3 1 1
github.com/Venafi/vcert/v4/pkg/policy/policyUtils.go:645.82,647.3 1 1
github.com/Venafi/vcert/v4/pkg/policy/policyUtils.go:653.69,659.34 4 1
github.com/Venafi/vcert/v4/pkg/policy/policyUtils.go:665.2,665.33 1 1
github.com/Venafi/vcert/v4/pkg/policy/policyUtils.go:671.2,671.36 1 1
github.com/Venafi/vcert/v4/pkg/policy/policyUtils.go:677.2,677.34 1 1
github.com/Venafi/vcert/v4/pkg/policy/policyUtils.go:683.2,683.34 1 1
github.com/Venafi/vcert/v4/pkg/policy/policyUtils.go:689.2,689.24 1 1
github.com/Venafi/vcert/v4/pkg/policy/policyUtils.go:659.34,661.3 1 0
github.com/Venafi/vcert/v4/pkg/policy/policyUtils.go:661.8,663.3 1 1
github.com/Venafi/vcert/v4/pkg/policy/policyUtils.go:665.33,667.3 1 0
github.com/Venafi/vcert/v4/pkg/policy/policyUtils.go:667.8,669.3 1 1
github.com/Venafi/vcert/v4/pkg/policy/policyUtils.go:671.36,673.3 1 0
github.com/Venafi/vcert/v4/pkg/policy/policyUtils.go:673.8,675.3 1 1
github.com/Venafi/vcert/v4/pkg/policy/policyUtils.go:677.34,679.3 1 0
github.com/Venafi/vcert/v4/pkg/policy/policyUtils.go:679.8,681.3 1 1
github.com/Venafi/vcert/v4/pkg/policy/policyUtils.go:683.34,685.3 1 0
github.com/Venafi/vcert/v4/pkg/policy/policyUtils.go:685.8,687.3 1 1
github.com/Venafi/vcert/v4/pkg/policy/policyUtils.go:692.59,693.37 1 1
github.com/Venafi/vcert/v4/pkg/policy/policyUtils.go:701.2,701.14 1 0
github.com/Venafi/vcert/v4/pkg/policy/policyUtils.go:693.37,695.28 1 1
github.com/Venafi/vcert/v4/pkg/policy/policyUtils.go:695.28,697.4 1 1
github.com/Venafi/vcert/v4/pkg/policy/policyUtils.go:706.74,707.21 1 1
github.com/Venafi/vcert/v4/pkg/policy/policyUtils.go:712.2,712.40 1 1
github.com/Venafi/vcert/v4/pkg/policy/policyUtils.go:707.21,708.27 1 1
github.com/Venafi/vcert/v4/pkg/policy/policyUtils.go:708.27,710.4 1 0
github.com/Venafi/vcert/v4/pkg/policy/policyUtils.go:715.96,716.28 1 1
github.com/Venafi/vcert/v4/pkg/policy/policyUtils.go:721.2,721.56 1 1
github.com/Venafi/vcert/v4/pkg/policy/policyUtils.go:716.28,717.34 1 0
github.com/Venafi/vcert/v4/pkg/policy/policyUtils.go:717.34,719.4 1 0
github.com/Venafi/vcert/v4/pkg/policy/policyUtils.go:724.70,727.22 1 1
github.com/Venafi/vcert/v4/pkg/policy/policyUtils.go:812.2,812.52 1 1
github.com/Venafi/vcert/v4/pkg/policy/policyUtils.go:829.2,829.12 1 1
github.com/Venafi/vcert/v4/pkg/policy/policyUtils.go:727.22,728.31 1 1
github.com/Venafi/vcert/v4/pkg/policy/policyUtils.go:740.3,740.39 1 1
github.com/Venafi/vcert/v4/pkg/policy/policyUtils.go:757.3,757.31 1 1
github.com/Venafi/vcert/v4/pkg/policy/policyUtils.go:794.3,794.31 1 1
github.com/Venafi/vcert/v4/pkg/policy/policyUtils.go:728.31,731.46 1 1
github.com/Venafi/vcert/v4/pkg/policy/policyUtils.go:731.46,733.27 2 1
github.com/Venafi/vcert/v4/pkg/policy/policyUtils.go:733.27,735.6 1 0
github.com/Venafi/vcert/v4/pkg/policy/policyUtils.go:740.39,742.32 2 1
github.com/Venafi/vcert/v4/pkg/policy/policyUtils.go:742.32,743.39 1 1
github.com/Venafi/vcert/v4/pkg/policy/policyUtils.go:743.39,744.32 1 1
github.com/Venafi/vcert/v4/pkg/policy/policyUtils.go:747.6,747.32 1 1
github.com/Venafi/vcert/v4/pkg/policy/policyUtils.go:744.32,746.7 1 0
github.com/Venafi/vcert/v4/pkg/policy/policyUtils.go:747.32,748.59 1 1
github.com/Venafi/vcert/v4/pkg/policy/policyUtils.go:748.59,750.8 1 0
github.com/Venafi/vcert/v4/pkg/policy/policyUtils.go:757.31,758.122 1 1
github.com/Venafi/vcert/v4/pkg/policy/policyUtils.go:765.4,765.133 1 1
github.com/Venafi/vcert/v4/pkg/policy/policyUtils.go:772.4,772.133 1 1
github.com/Venafi/vcert/v4/pkg/policy/policyUtils.go:779.4,779.126 1 1
github.com/Venafi/vcert/v4/pkg/policy/policyUtils.go:786.4,786.131 1 1
github.com/Venafi/vcert/v4/pkg/policy/policyUtils.go:758.122,760.15 2 1
github.com/Venafi/vcert/v4/pkg/policy/policyUtils.go:760.15,762.6 1 0
github.com/Venafi/vcert/v4/pkg/policy/policyUtils.go:765.133,767.15 2 1
github.com/Venafi/vcert/v4/pkg/policy/policyUtils.go:767.15,769.6 1 0
github.com/Venafi/vcert/v4/pkg/policy/policyUtils.go:772.133,774.15 2 1
github.com/Venafi/vcert/v4/pkg/policy/policyUtils.go:774.15,776.6 1 0
github.com/Venafi/vcert/v4/pkg/policy/policyUtils.go:779.126,781.15 2 1
github.com/Venafi/vcert/v4/pkg/policy/policyUtils.go:781.15,783.6 1 0
github.com/Venafi/vcert/v4/pkg/policy/policyUtils.go:786.131,788.15 2 1
github.com/Venafi/vcert/v4/pkg/policy/policyUtils.go:788.15,790.6 1 0
github.com/Venafi/vcert/v4/pkg/policy/policyUtils.go:794.31,795.130 1 1
github.com/Venafi/vcert/v4/pkg/policy/policyUtils.go:802.4,802.136 1 1
github.com/Venafi/vcert/v4/pkg/policy/policyUtils.go:795.130,797.15 2 1
github.com/Venafi/vcert/v4/pkg/policy/policyUtils.go:797.15,799.6 1 0
github.com/Venafi/vcert/v4/pkg/policy/policyUtils.go:802.136,804.15 2 1
github.com/Venafi/vcert/v4/pkg/policy/policyUtils.go:804.15,806.6 1 0
github.com/Venafi/vcert/v4/pkg/policy/policyUtils.go:812.52,814.79 1 1
github.com/Venafi/vcert/v4/pkg/policy/policyUtils.go:821.3,821.84 1 1
github.com/Venafi/vcert/v4/pkg/policy/policyUtils.go:814.79,815.46 1 1
github.com/Venafi/vcert/v4/pkg/policy/policyUtils.go:815.46,817.5 1 0
github.com/Venafi/vcert/v4/pkg/policy/policyUtils.go:821.84,823.26 2 1
github.com/Venafi/vcert/v4/pkg/policy/policyUtils.go:823.26,825.5 1 0
github.com/Venafi/vcert/v4/pkg/policy/policyUtils.go:832.66,834.50 1 1
github.com/Venafi/vcert/v4/pkg/policy/policyUtils.go:846.2,846.12 1 1
github.com/Venafi/vcert/v4/pkg/policy/policyUtils.go:834.50,836.42 2 1
github.com/Venafi/vcert/v4/pkg/policy/policyUtils.go:842.3,842.13 1 1
github.com/Venafi/vcert/v4/pkg/policy/policyUtils.go:836.42,837.32 1 1
github.com/Venafi/vcert/v4/pkg/policy/policyUtils.go:837.32,839.10 2 1
github.com/Venafi/vcert/v4/pkg/policy/policyUtils.go:842.13,844.4 1 0
github.com/Venafi/vcert/v4/pkg/policy/policyUtils.go:849.64,853.29 2 1
github.com/Venafi/vcert/v4/pkg/policy/policyUtils.go:857.2,857.28 1 1
github.com/Venafi/vcert/v4/pkg/policy/policyUtils.go:861.2,861.31 1 1
github.com/Venafi/vcert/v4/pkg/policy/policyUtils.go:865.2,865.29 1 1
github.com/Venafi/vcert/v4/pkg/policy/policyUtils.go:869.2,869.29 1 1
github.com/Venafi/vcert/v4/pkg/policy/policyUtils.go:873.2,873.24 1 1
github.com/Venafi/vcert/v4/pkg/policy/policyUtils.go:853.29,855.3 1 1
github.com/Venafi/vcert/v4/pkg/policy/policyUtils.go:857.28,859.3 1 1
github.com/Venafi/vcert/v4/pkg/policy/policyUtils.go:861.31,863.3 1 1
github.com/Venafi/vcert/v4/pkg/policy/policyUtils.go:865.29,867.3 1 1
github.com/Venafi/vcert/v4/pkg/policy/policyUtils.go:869.29,871.3 1 1
github.com/Venafi/vcert/v4/pkg/policy/policyUtils.go:877.96,882.106 5 1
github.com/Venafi/vcert/v4/pkg/policy/policyUtils.go:894.2,897.55 3 1
github.com/Venafi/vcert/v4/pkg/policy/policyUtils.go:906.2,912.40 2 1
github.com/Venafi/vcert/v4/pkg/policy/policyUtils.go:920.2,920.39 1 1
github.com/Venafi/vcert/v4/pkg/policy/policyUtils.go:930.2,932.52 2 1
github.com/Venafi/vcert/v4/pkg/policy/policyUtils.go:985.2,985.104 1 1
github.com/Venafi/vcert/v4/pkg/policy/policyUtils.go:1000.2,1000.85 1 1
github.com/Venafi/vcert/v4/pkg/policy/policyUtils.go:1006.2,1006.89 1 1
github.com/Venafi/vcert/v4/pkg/policy/policyUtils.go:1012.2,1012.91 1 1
github.com/Venafi/vcert/v4/pkg/policy/policyUtils.go:1018.2,1018.87 1 1
github.com/Venafi/vcert/v4/pkg/policy/policyUtils.go:1024.2,1024.90 1 1
github.com/Venafi/vcert/v4/pkg/policy/policyUtils.go:1030.2,1032.89 3 1
github.com/Venafi/vcert/v4/pkg/policy/policyUtils.go:1048.2,1048.20 1 1
github.com/Venafi/vcert/v4/pkg/policy/policyUtils.go:1062.2,1062.22 1 1
github.com/Venafi/vcert/v4/pkg/policy/policyUtils.go:1075.2,1077.20 2 1
github.com/Venafi/vcert/v4/pkg/policy/policyUtils.go:1081.2,1081.22 1 1
github.com/Venafi/vcert/v4/pkg/policy/policyUtils.go:1085.2,1085.26 1 1
github.com/Venafi/vcert/v4/pkg/policy/policyUtils.go:1089.2,1089.91 1 1
github.com/Venafi/vcert/v4/pkg/policy/policyUtils.go:1098.2,1106.52 4 1
github.com/Venafi/vcert/v4/pkg/policy/policyUtils.go:1130.2,1131.52 2 1
github.com/Venafi/vcert/v4/pkg/policy/policyUtils.go:1147.2,1147.22 1 1
github.com/Venafi/vcert/v4/pkg/policy/policyUtils.go:1151.2,1151.47 1 1
github.com/Venafi/vcert/v4/pkg/policy/policyUtils.go:1155.2,1155.95 1 1
github.com/Venafi/vcert/v4/pkg/policy/policyUtils.go:1163.2,1163.33 1 1
github.com/Venafi/vcert/v4/pkg/policy/policyUtils.go:882.106,884.17 2 1
github.com/Venafi/vcert/v4/pkg/policy/policyUtils.go:884.17,886.4 1 0
github.com/Venafi/vcert/v4/pkg/policy/policyUtils.go:887.8,889.17 2 1
github.com/Venafi/vcert/v4/pkg/policy/policyUtils.go:889.17,891.4 1 0
github.com/Venafi/vcert/v4/pkg/policy/policyUtils.go:897.55,899.18 2 1
github.com/Venafi/vcert/v4/pkg/policy/policyUtils.go:899.18,901.4 1 0
github.com/Venafi/vcert/v4/pkg/policy/policyUtils.go:902.8,904.3 1 1
github.com/Venafi/vcert/v4/pkg/policy/policyUtils.go:912.40,918.3 5 0
github.com/Venafi/vcert/v4/pkg/policy/policyUtils.go:920.39,928.3 2 0
github.com/Venafi/vcert/v4/pkg/policy/policyUtils.go:932.52,935.86 3 1
github.com/Venafi/vcert/v4/pkg/policy/policyUtils.go:945.3,945.88 1 1
github.com/Venafi/vcert/v4/pkg/policy/policyUtils.go:954.3,954.110 1 1
github.com/Venafi/vcert/v4/pkg/policy/policyUtils.go:935.86,936.47 1 1
github.com/Venafi/vcert/v4/pkg/policy/policyUtils.go:936.47,938.5 1 1
github.com/Venafi/vcert/v4/pkg/policy/policyUtils.go:938.10,940.5 1 0
github.com/Venafi/vcert/v4/pkg/policy/policyUtils.go:941.9,943.4 1 0
github.com/Venafi/vcert/v4/pkg/policy/policyUtils.go:945.88,946.49 1 1
github.com/Venafi/vcert/v4/pkg/policy/policyUtils.go:946.49,949.5 2 1
github.com/Venafi/vcert/v4/pkg/policy/policyUtils.go:949.10,951.5 1 0
github.com/Venafi/vcert/v4/pkg/policy/policyUtils.go:954.110,957.4 2 1
github.com/Venafi/vcert/v4/pkg/policy/policyUtils.go:959.8,963.23 3 1
github.com/Venafi/vcert/v4/pkg/policy/policyUtils.go:963.23,964.89 1 1
github.com/Venafi/vcert/v4/pkg/policy/policyUtils.go:970.4,970.86 1 1
github.com/Venafi/vcert/v4/pkg/policy/policyUtils.go:977.4,977.111 1 1
github.com/Venafi/vcert/v4/pkg/policy/policyUtils.go:964.89,965.50 1 0
github.com/Venafi/vcert/v4/pkg/policy/policyUtils.go:965.50,967.6 1 0
github.com/Venafi/vcert/v4/pkg/policy/policyUtils.go:970.86,971.47 1 0
github.com/Venafi/vcert/v4/pkg/policy/policyUtils.go:971.47,973.6 1 0
github.com/Venafi/vcert/v4/pkg/policy/policyUtils.go:977.111,980.5 2 0
github.com/Venafi/vcert/v4/pkg/policy/policyUtils.go:985.104,986.45 1 1
github.com/Venafi/vcert/v4/pkg/policy/policyUtils.go:986.45,987.56 1 1
github.com/Venafi/vcert/v4/pkg/policy/policyUtils.go:987.56,989.5 1 1
github.com/Venafi/vcert/v4/pkg/policy/policyUtils.go:989.10,993.5 1 0
github.com/Venafi/vcert/v4/pkg/policy/policyUtils.go:995.9,997.4 1 0
github.com/Venafi/vcert/v4/pkg/policy/policyUtils.go:1000.85,1002.3 1 1
github.com/Venafi/vcert/v4/pkg/policy/policyUtils.go:1002.8,1004.3 1 1
github.com/Venafi/vcert/v4/pkg/policy/policyUtils.go:1006.89,1008.3 1 1
github.com/Venafi/vcert/v4/pkg/policy/policyUtils.go:1008.8,1010.3 1 1
github.com/Venafi/vcert/v4/pkg/policy/policyUtils.go:1012.91,1014.3 1 1
github.com/Venafi/vcert/v4/pkg/policy/policyUtils.go:1014.8,1016.3 1 1
github.com/Venafi/vcert/v4/pkg/policy/policyUtils.go:1018.87,1020.3 1 1
github.com/Venafi/vcert/v4/pkg/policy/policyUtils.go:1020.8,1022.3 1 1
github.com/Venafi/vcert/v4/pkg/policy/policyUtils.go:1024.90,1026.3 1 1
github.com/Venafi/vcert/v4/pkg/policy/policyUtils.go:1026.8,1028.3 1 1
github.com/Venafi/vcert/v4/pkg/policy/policyUtils.go:1032.89,1033.50 1 1
github.com/Venafi/vcert/v4/pkg/policy/policyUtils.go:1033.50,1034.20 1 1
github.com/Venafi/vcert/v4/pkg/policy/policyUtils.go:1034.20,1037.5 2 1
github.com/Venafi/vcert/v4/pkg/policy/policyUtils.go:1037.10,1037.26 1 0
github.com/Venafi/vcert/v4/pkg/policy/policyUtils.go:1037.26,1040.5 2 0
github.com/Venafi/vcert/v4/pkg/policy/policyUtils.go:1043.8,1046.3 2 1
github.com/Venafi/vcert/v4/pkg/policy/policyUtils.go:1048.20,1049.93 1 1
github.com/Venafi/vcert/v4/pkg/policy/policyUtils.go:1049.93,1051.4 1 1
github.com/Venafi/vcert/v4/pkg/policy/policyUtils.go:1051.9,1053.94 1 1
github.com/Venafi/vcert/v4/pkg/policy/policyUtils.go:1053.94,1055.5 1 0
github.com/Venafi/vcert/v4/pkg/policy/policyUtils.go:1055.10,1057.5 1 1
github.com/Venafi/vcert/v4/pkg/policy/policyUtils.go:1062.22,1063.96 1 0
github.com/Venafi/vcert/v4/pkg/policy/policyUtils.go:1063.96,1065.4 1 0
github.com/Venafi/vcert/v4/pkg/policy/policyUtils.go:1065.9,1067.97 1 0
github.com/Venafi/vcert/v4/pkg/policy/policyUtils.go:1067.97,1069.5 1 0
github.com/Venafi/vcert/v4/pkg/policy/policyUtils.go:1069.10,1071.5 1 0
github.com/Venafi/vcert/v4/pkg/policy/policyUtils.go:1077.20,1079.3 1 1
github.com/Venafi/vcert/v4/pkg/policy/policyUtils.go:1081.22,1083.3 1 0
github.com/Venafi/vcert/v4/pkg/policy/policyUtils.go:1085.26,1087.3 1 1
github.com/Venafi/vcert/v4/pkg/policy/policyUtils.go:1089.91,1091.3 1 1
github.com/Venafi/vcert/v4/pkg/policy/policyUtils.go:1091.8,1094.3 2 1
github.com/Venafi/vcert/v4/pkg/policy/policyUtils.go:1106.52,1107.36 1 1
github.com/Venafi/vcert/v4/pkg/policy/policyUtils.go:1111.3,1111.41 1 1
github.com/Venafi/vcert/v4/pkg/policy/policyUtils.go:1115.3,1115.41 1 1
github.com/Venafi/vcert/v4/pkg/policy/policyUtils.go:1119.3,1119.38 1 1
github.com/Venafi/vcert/v4/pkg/policy/policyUtils.go:1124.3,1124.40 1 1
github.com/Venafi/vcert/v4/pkg/policy/policyUtils.go:1107.36,1110.4 2 1
github.com/Venafi/vcert/v4/pkg/policy/policyUtils.go:1111.41,1114.4 2 1
github.com/Venafi/vcert/v4/pkg/policy/policyUtils.go:1115.41,1118.4 2 1
github.com/Venafi/vcert/v4/pkg/policy/policyUtils.go:1119.38,1122.4 2 1
github.com/Venafi/vcert/v4/pkg/policy/policyUtils.go:1124.40,1127.4 2 1
github.com/Venafi/vcert/v4/pkg/policy/policyUtils.go:1131.52,1132.40 1 1
github.com/Venafi/vcert/v4/pkg/policy/policyUtils.go:1132.40,1135.44 2 1
github.com/Venafi/vcert/v4/pkg/policy/policyUtils.go:1142.4,1142.27 1 1
github.com/Venafi/vcert/v4/pkg/policy/policyUtils.go:1135.44,1137.5 1 1
github.com/Venafi/vcert/v4/pkg/policy/policyUtils.go:1137.10,1140.5 1 0
github.com/Venafi/vcert/v4/pkg/policy/policyUtils.go:1147.22,1149.3 1 1
github.com/Venafi/vcert/v4/pkg/policy/policyUtils.go:1151.47,1153.3 1 1
github.com/Venafi/vcert/v4/pkg/policy/policyUtils.go:1155.95,1158.3 2 0
github.com/Venafi/vcert/v4/pkg/policy/policyUtils.go:1158.8,1161.3 2 1
github.com/Venafi/vcert/v4/pkg/policy/policyUtils.go:1166.69,1168.33 2 1
github.com/Venafi/vcert/v4/pkg/policy/policyUtils.go:1177.2,1177.24 1 1
github.com/Venafi/vcert/v4/pkg/policy/policyUtils.go:1181.2,1181.12 1 0
github.com/Venafi/vcert/v4/pkg/policy/policyUtils.go:1168.33,1170.22 2 1
github.com/Venafi/vcert/v4/pkg/policy/policyUtils.go:1175.3,1175.46 1 1
github.com/Venafi/vcert/v4/pkg/policy/policyUtils.go:1170.22,1172.4 1 1
github.com/Venafi/vcert/v4/pkg/policy/policyUtils.go:1172.9,1174.4 1 0
github.com/Venafi/vcert/v4/pkg/policy/policyUtils.go:1177.24,1179.3 1 1
github.com/Venafi/vcert/v4/pkg/policy/policyUtils.go:1184.63,1188.35 2 1
github.com/Venafi/vcert/v4/pkg/policy/policyUtils.go:1207.2,1207.18 1 1
github.com/Venafi/vcert/v4/pkg/policy/policyUtils.go:1188.35,1190.18 1 1
github.com/Venafi/vcert/v4/pkg/policy/policyUtils.go:1193.3,1193.18 1 1
github.com/Venafi/vcert/v4/pkg/policy/policyUtils.go:1197.3,1197.25 1 1
github.com/Venafi/vcert/v4/pkg/policy/policyUtils.go:1201.3,1201.25 1 1
github.com/Venafi/vcert/v4/pkg/policy/policyUtils.go:1190.18,1192.4 1 1
github.com/Venafi/vcert/v4/pkg/policy/policyUtils.go:1193.18,1196.4 1 1
github.com/Venafi/vcert/v4/pkg/policy/policyUtils.go:1197.25,1200.4 1 1
github.com/Venafi/vcert/v4/pkg/policy/policyUtils.go:1201.25,1204.4 1 1
github.com/Venafi/vcert/v4/pkg/policy/policyUtils.go:1210.53,1212.33 2 1
github.com/Venafi/vcert/v4/pkg/policy/policyUtils.go:1220.2,1220.24 1 1
github.com/Venafi/vcert/v4/pkg/policy/policyUtils.go:1224.2,1224.12 1 0
github.com/Venafi/vcert/v4/pkg/policy/policyUtils.go:1212.33,1218.3 3 1
github.com/Venafi/vcert/v4/pkg/policy/policyUtils.go:1220.24,1222.3 1 1
github.com/Venafi/vcert/v4/pkg/policy/policyUtils.go:1227.62,1234.34 4 1
github.com/Venafi/vcert/v4/pkg/policy/policyUtils.go:1242.2,1242.24 1 1
github.com/Venafi/vcert/v4/pkg/policy/policyUtils.go:1246.2,1246.12 1 0
github.com/Venafi/vcert/v4/pkg/policy/policyUtils.go:1234.34,1240.3 3 1
github.com/Venafi/vcert/v4/pkg/policy/policyUtils.go:1242.24,1244.3 1 1
github.com/Venafi/vcert/v4/pkg/policy/policyUtils.go:1249.44,1251.33 2 0
github.com/Venafi/vcert/v4/pkg/policy/policyUtils.go:1260.2,1260.24 1 0
github.com/Venafi/vcert/v4/pkg/policy/policyUtils.go:1264.2,1264.12 1 0
github.com/Venafi/vcert/v4/pkg/policy/policyUtils.go:1251.33,1259.3 4 0
github.com/Venafi/vcert/v4/pkg/policy/policyUtils.go:1260.24,1262.3 1 0
github.com/Venafi/vcert/v4/pkg/policy/policyUtils.go:1267.45,1269.34 2 1
github.com/Venafi/vcert/v4/pkg/policy/policyUtils.go:1272.2,1272.11 1 0
github.com/Venafi/vcert/v4/pkg/policy/policyUtils.go:1269.34,1271.3 1 1
github.com/Venafi/vcert/v4/pkg/policy/policyUtils.go:1275.37,1277.20 2 1
github.com/Venafi/vcert/v4/pkg/policy/policyUtils.go:1280.2,1280.11 1 0
github.com/Venafi/vcert/v4/pkg/policy/policyUtils.go:1277.20,1279.3 1 1
github.com/Venafi/vcert/v4/pkg/policy/policyUtils.go:1283.90,1288.19 3 1
github.com/Venafi/vcert/v4/pkg/policy/policyUtils.go:1292.2,1298.20 2 1
github.com/Venafi/vcert/v4/pkg/policy/policyUtils.go:1288.19,1290.3 1 0
github.com/Venafi/vcert/v4/pkg/policy/policyUtils.go:1301.53,1302.58 1 1
github.com/Venafi/vcert/v4/pkg/policy/policyUtils.go:1305.2,1305.14 1 0
github.com/Venafi/vcert/v4/pkg/policy/policyUtils.go:1302.58,1304.3 1 1
github.com/Venafi/vcert/v4/pkg/policy/policyUtils.go:1308.50,1309.22 1 1
github.com/Venafi/vcert/v4/pkg/policy/policyUtils.go:1313.2,1315.35 2 1
github.com/Venafi/vcert/v4/pkg/policy/policyUtils.go:1318.2,1318.35 1 1
github.com/Venafi/vcert/v4/pkg/policy/policyUtils.go:1350.2,1350.80 1 1
github.com/Venafi/vcert/v4/pkg/policy/policyUtils.go:1354.2,1354.32 1 1
github.com/Venafi/vcert/v4/pkg/policy/policyUtils.go:1358.2,1358.29 1 1
github.com/Venafi/vcert/v4/pkg/policy/policyUtils.go:1362.2,1362.27 1 1
github.com/Venafi/vcert/v4/pkg/policy/policyUtils.go:1384.2,1384.27 1 1
github.com/Venafi/vcert/v4/pkg/policy/policyUtils.go:1403.2,1403.13 1 1
github.com/Venafi/vcert/v4/pkg/policy/policyUtils.go:1309.22,1311.3 1 0
github.com/Venafi/vcert/v4/pkg/policy/policyUtils.go:1315.35,1317.3 1 1
github.com/Venafi/vcert/v4/pkg/policy/policyUtils.go:1318.35,1321.28 2 0
github.com/Venafi/vcert/v4/pkg/policy/policyUtils.go:1325.3,1325.28 1 0
github.com/Venafi/vcert/v4/pkg/policy/policyUtils.go:1329.3,1329.30 1 0
github.com/Venafi/vcert/v4/pkg/policy/policyUtils.go:1333.3,1333.27 1 0
github.com/Venafi/vcert/v4/pkg/policy/policyUtils.go:1337.3,1337.28 1 0
github.com/Venafi/vcert/v4/pkg/policy/policyUtils.go:1341.3,1341.33 1 0
github.com/Venafi/vcert/v4/pkg/policy/policyUtils.go:1345.3,1345.32 1 0
github.com/Venafi/vcert/v4/pkg/policy/policyUtils.go:1321.28,1323.4 1 0
github.com/Venafi/vcert/v4/pkg/policy/policyUtils.go:1325.28,1327.4 1 0
github.com/Venafi/vcert/v4/pkg/policy/policyUtils.go:1329.30,1331.4 1 0
github.com/Venafi/vcert/v4/pkg/policy/policyUtils.go:1333.27,1335.4 1 0
github.com/Venafi/vcert/v4/pkg/policy/policyUtils.go:1337.28,1339.4 1 0
github.com/Venafi/vcert/v4/pkg/policy/policyUtils.go:1341.33,1343.4 1 0
github.com/Venafi/vcert/v4/pkg/policy/policyUtils.go:1345.32,1347.4 1 0
github.com/Venafi/vcert/v4/pkg/policy/policyUtils.go:1350.80,1352.3 1 0
github.com/Venafi/vcert/v4/pkg/policy/policyUtils.go:1354.32,1356.3 1 0
github.com/Venafi/vcert/v4/pkg/policy/policyUtils.go:1358.29,1360.3 1 0
github.com/Venafi/vcert/v4/pkg/policy/policyUtils.go:1362.27,1366.32 2 1
github.com/Venafi/vcert/v4/pkg/policy/policyUtils.go:1369.3,1369.33 1 1
github.com/Venafi/vcert/v4/pkg/policy/policyUtils.go:1372.3,1372.30 1 1
github.com/Venafi/vcert/v4/pkg/policy/policyUtils.go:1375.3,1375.34 1 1
github.com/Venafi/vcert/v4/pkg/policy/policyUtils.go:1378.3,1378.28 1 1
github.com/Venafi/vcert/v4/pkg/policy/policyUtils.go:1366.32,1368.4 1 0
github.com/Venafi/vcert/v4/pkg/policy/policyUtils.go:1369.33,1371.4 1 0
github.com/Venafi/vcert/v4/pkg/policy/policyUtils.go:1372.30,1374.4 1 0
github.com/Venafi/vcert/v4/pkg/policy/policyUtils.go:1375.34,1377.4 1 0
github.com/Venafi/vcert/v4/pkg/policy/policyUtils.go:1378.28,1380.4 1 0
github.com/Venafi/vcert/v4/pkg/policy/policyUtils.go:1384.27,1386.34 2 0
github.com/Venafi/vcert/v4/pkg/policy/policyUtils.go:1389.3,1389.35 1 0
github.com/Venafi/vcert/v4/pkg/policy/policyUtils.go:1392.3,1392.32 1 0
github.com/Venafi/vcert/v4/pkg/policy/policyUtils.go:1395.3,1395.38 1 0
github.com/Venafi/vcert/v4/pkg/policy/policyUtils.go:1398.3,1398.38 1 0
github.com/Venafi/vcert/v4/pkg/policy/policyUtils.go:1386.34,1388.4 1 0
github.com/Venafi/vcert/v4/pkg/policy/policyUtils.go:1389.35,1391.4 1 0
github.com/Venafi/vcert/v4/pkg/policy/policyUtils.go:1392.32,1394.4 1 0
github.com/Venafi/vcert/v4/pkg/policy/policyUtils.go:1395.38,1397.4 1 0
github.com/Venafi/vcert/v4/pkg/policy/policyUtils.go:1398.38,1400.4 1 0
github.com/Venafi/vcert/v4/pkg/policy/policyUtils.go:1406.51,1408.23 1 1
github.com/Venafi/vcert/v4/pkg/policy/policyUtils.go:1412.2,1414.46 2 1
github.com/Venafi/vcert/v4/pkg/policy/policyUtils.go:1418.2,1418.24 1 1
github.com/Venafi/vcert/v4/pkg/policy/policyUtils.go:1438.2,1438.24 1 1
github.com/Venafi/vcert/v4/pkg/policy/policyUtils.go:1463.2,1463.13 1 1
github.com/Venafi/vcert/v4/pkg/policy/policyUtils.go:1408.23,1410.3 1 0
github.com/Venafi/vcert/v4/pkg/policy/policyUtils.go:1414.46,1416.3 1 0
github.com/Venafi/vcert/v4/pkg/policy/policyUtils.go:1418.24,1421.38 2 1
github.com/Venafi/vcert/v4/pkg/policy/policyUtils.go:1425.3,1425.69 1 1
github.com/Venafi/vcert/v4/pkg/policy/policyUtils.go:1429.3,1429.32 1 1
github.com/Venafi/vcert/v4/pkg/policy/policyUtils.go:1432.3,1432.57 1 1
github.com/Venafi/vcert/v4/pkg/policy/policyUtils.go:1421.38,1423.4 1 0
github.com/Venafi/vcert/v4/pkg/policy/policyUtils.go:1425.69,1427.4 1 0
github.com/Venafi/vcert/v4/pkg/policy/policyUtils.go:1429.32,1431.4 1 0
github.com/Venafi/vcert/v4/pkg/policy/policyUtils.go:1432.57,1434.4 1 0
github.com/Venafi/vcert/v4/pkg/policy/policyUtils.go:1438.24,1441.32 2 1
github.com/Venafi/vcert/v4/pkg/policy/policyUtils.go:1445.3,1445.49 1 1
github.com/Venafi/vcert/v4/pkg/policy/policyUtils.go:1449.3,1449.53 1 1
github.com/Venafi/vcert/v4/pkg/policy/policyUtils.go:1453.3,1453.57 1 1
github.com/Venafi/vcert/v4/pkg/policy/policyUtils.go:1457.3,1457.59 1 1
github.com/Venafi/vcert/v4/pkg/policy/policyUtils.go:1441.32,1443.4 1 0
github.com/Venafi/vcert/v4/pkg/policy/policyUtils.go:1445.49,1447.4 1 0
github.com/Venafi/vcert/v4/pkg/policy/policyUtils.go:1449.53,1451.4 1 0
github.com/Venafi/vcert/v4/pkg/policy/policyUtils.go:1453.57,1455.4 1 0
github.com/Venafi/vcert/v4/pkg/policy/policyUtils.go:1457.59,1459.4 1 0
github.com/Venafi/vcert/v4/pkg/policy/policyUtils.go:1466.59,1471.30 3 1
github.com/Venafi/vcert/v4/pkg/policy/policyUtils.go:1485.2,1485.12 1 1
github.com/Venafi/vcert/v4/pkg/policy/policyUtils.go:1471.30,1473.17 2 1
github.com/Venafi/vcert/v4/pkg/policy/policyUtils.go:1473.17,1475.4 1 0
github.com/Venafi/vcert/v4/pkg/policy/policyUtils.go:1476.8,1476.37 1 1
github.com/Venafi/vcert/v4/pkg/policy/policyUtils.go:1476.37,1478.17 2 1
github.com/Venafi/vcert/v4/pkg/policy/policyUtils.go:1478.17,1480.4 1 0
github.com/Venafi/vcert/v4/pkg/policy/policyUtils.go:1481.8,1483.3 1 0
github.com/Venafi/vcert/v4/pkg/policy/policyUtils.go:1488.58,1490.16 2 1
github.com/Venafi/vcert/v4/pkg/policy/policyUtils.go:1494.2,1495.16 2 1
github.com/Venafi/vcert/v4/pkg/policy/policyUtils.go:1498.2,1498.25 1 1
github.com/Venafi/vcert/v4/pkg/policy/policyUtils.go:1490.16,1492.3 1 0
github.com/Venafi/vcert/v4/pkg/policy/policyUtils.go:1495.16,1497.3 1 0
github.com/Venafi/vcert/v4/pkg/policy/policyUtils.go:1500.43,1555.2 5 1
