mode: set
github.com/Venafi/vcert/v4/pkg/util/pemUtil.go:79.45,80.30 1 0
github.com/Venafi/vcert/v4/pkg/util/pemUtil.go:86.2,86.12 1 0
github.com/Venafi/vcert/v4/pkg/util/pemUtil.go:80.30,82.23 2 0
github.com/Venafi/vcert/v4/pkg/util/pemUtil.go:82.23,84.4 1 0
github.com/Venafi/vcert/v4/pkg/util/pemUtil.go:97.73,99.9 2 0
github.com/Venafi/vcert/v4/pkg/util/pemUtil.go:103.2,104.15 2 0
github.com/Venafi/vcert/v4/pkg/util/pemUtil.go:108.2,110.17 3 0
github.com/Venafi/vcert/v4/pkg/util/pemUtil.go:113.2,114.16 2 0
github.com/Venafi/vcert/v4/pkg/util/pemUtil.go:117.2,117.31 1 0
github.com/Venafi/vcert/v4/pkg/util/pemUtil.go:123.2,125.16 3 0
github.com/Venafi/vcert/v4/pkg/util/pemUtil.go:129.2,129.41 1 0
github.com/Venafi/vcert/v4/pkg/util/pemUtil.go:133.2,144.43 5 0
github.com/Venafi/vcert/v4/pkg/util/pemUtil.go:147.2,148.17 2 0
github.com/Venafi/vcert/v4/pkg/util/pemUtil.go:151.2,151.40 1 0
github.com/Venafi/vcert/v4/pkg/util/pemUtil.go:154.2,154.39 1 0
github.com/Venafi/vcert/v4/pkg/util/pemUtil.go:159.2,159.30 1 0
github.com/Venafi/vcert/v4/pkg/util/pemUtil.go:99.9,101.3 1 0
github.com/Venafi/vcert/v4/pkg/util/pemUtil.go:104.15,106.3 1 0
github.com/Venafi/vcert/v4/pkg/util/pemUtil.go:110.17,112.3 1 0
github.com/Venafi/vcert/v4/pkg/util/pemUtil.go:114.16,116.3 1 0
github.com/Venafi/vcert/v4/pkg/util/pemUtil.go:117.31,119.3 1 0
github.com/Venafi/vcert/v4/pkg/util/pemUtil.go:125.16,127.3 1 0
github.com/Venafi/vcert/v4/pkg/util/pemUtil.go:129.41,131.3 1 0
github.com/Venafi/vcert/v4/pkg/util/pemUtil.go:144.43,146.3 1 0
github.com/Venafi/vcert/v4/pkg/util/pemUtil.go:148.17,150.3 1 0
github.com/Venafi/vcert/v4/pkg/util/pemUtil.go:151.40,153.3 1 0
github.com/Venafi/vcert/v4/pkg/util/pemUtil.go:154.39,155.23 1 0
github.com/Venafi/vcert/v4/pkg/util/pemUtil.go:155.23,157.4 1 0
github.com/Venafi/vcert/v4/pkg/util/pemUtil.go:165.118,167.17 2 1
github.com/Venafi/vcert/v4/pkg/util/pemUtil.go:170.2,171.49 2 1
github.com/Venafi/vcert/v4/pkg/util/pemUtil.go:176.2,178.16 3 1
github.com/Venafi/vcert/v4/pkg/util/pemUtil.go:181.2,189.27 5 1
github.com/Venafi/vcert/v4/pkg/util/pemUtil.go:192.2,201.8 2 1
github.com/Venafi/vcert/v4/pkg/util/pemUtil.go:167.17,169.3 1 0
github.com/Venafi/vcert/v4/pkg/util/pemUtil.go:171.49,173.3 1 0
github.com/Venafi/vcert/v4/pkg/util/pemUtil.go:178.16,180.3 1 0
github.com/Venafi/vcert/v4/pkg/util/pemUtil.go:189.27,191.3 1 1
github.com/Venafi/vcert/v4/pkg/util/pemUtil.go:207.62,212.45 4 1
github.com/Venafi/vcert/v4/pkg/util/pemUtil.go:220.2,220.12 1 1
github.com/Venafi/vcert/v4/pkg/util/pemUtil.go:212.45,219.3 6 1
github.com/Venafi/vcert/v4/pkg/util/pemUtil.go:223.46,224.30 1 1
github.com/Venafi/vcert/v4/pkg/util/pemUtil.go:230.2,230.12 1 0
github.com/Venafi/vcert/v4/pkg/util/pemUtil.go:224.30,226.24 2 1
github.com/Venafi/vcert/v4/pkg/util/pemUtil.go:226.24,228.4 1 1
github.com/Venafi/vcert/v4/pkg/util/pemUtil.go:237.49,240.2 2 0
github.com/Venafi/vcert/v4/pkg/util/sshKeyGenerator.go:20.60,23.16 2 1
github.com/Venafi/vcert/v4/pkg/util/sshKeyGenerator.go:27.2,28.16 2 1
github.com/Venafi/vcert/v4/pkg/util/sshKeyGenerator.go:32.2,33.21 2 1
github.com/Venafi/vcert/v4/pkg/util/sshKeyGenerator.go:23.16,25.3 1 0
github.com/Venafi/vcert/v4/pkg/util/sshKeyGenerator.go:28.16,30.3 1 0
github.com/Venafi/vcert/v4/pkg/util/sshKeyGenerator.go:36.107,41.23 4 1
github.com/Venafi/vcert/v4/pkg/util/sshKeyGenerator.go:80.2,82.24 2 1
github.com/Venafi/vcert/v4/pkg/util/sshKeyGenerator.go:41.23,42.29 1 1
github.com/Venafi/vcert/v4/pkg/util/sshKeyGenerator.go:42.29,45.18 3 1
github.com/Venafi/vcert/v4/pkg/util/sshKeyGenerator.go:45.18,47.5 1 0
github.com/Venafi/vcert/v4/pkg/util/sshKeyGenerator.go:48.9,50.18 2 1
github.com/Venafi/vcert/v4/pkg/util/sshKeyGenerator.go:53.4,57.5 1 1
github.com/Venafi/vcert/v4/pkg/util/sshKeyGenerator.go:50.18,52.5 1 0
github.com/Venafi/vcert/v4/pkg/util/sshKeyGenerator.go:59.8,60.29 1 1
github.com/Venafi/vcert/v4/pkg/util/sshKeyGenerator.go:60.29,67.4 2 1
github.com/Venafi/vcert/v4/pkg/util/sshKeyGenerator.go:67.9,69.18 2 1
github.com/Venafi/vcert/v4/pkg/util/sshKeyGenerator.go:72.4,76.5 1 1
github.com/Venafi/vcert/v4/pkg/util/sshKeyGenerator.go:69.18,71.5 1 0
github.com/Venafi/vcert/v4/pkg/util/sshKeyGenerator.go:85.60,88.16 2 1
github.com/Venafi/vcert/v4/pkg/util/sshKeyGenerator.go:92.2,95.25 3 1
github.com/Venafi/vcert/v4/pkg/util/sshKeyGenerator.go:88.16,90.3 1 0
github.com/Venafi/vcert/v4/pkg/util/sshKeyGenerator.go:99.108,102.40 2 1
github.com/Venafi/vcert/v4/pkg/util/sshKeyGenerator.go:106.2,108.16 2 1
github.com/Venafi/vcert/v4/pkg/util/sshKeyGenerator.go:112.2,114.16 2 1
github.com/Venafi/vcert/v4/pkg/util/sshKeyGenerator.go:118.2,120.16 2 1
github.com/Venafi/vcert/v4/pkg/util/sshKeyGenerator.go:124.2,128.46 4 1
github.com/Venafi/vcert/v4/pkg/util/sshKeyGenerator.go:102.40,104.3 1 1
github.com/Venafi/vcert/v4/pkg/util/sshKeyGenerator.go:108.16,110.3 1 0
github.com/Venafi/vcert/v4/pkg/util/sshKeyGenerator.go:114.16,116.3 1 0
github.com/Venafi/vcert/v4/pkg/util/sshKeyGenerator.go:120.16,122.3 1 0
github.com/Venafi/vcert/v4/pkg/util/utils.go:17.46,19.2 1 0
github.com/Venafi/vcert/v4/pkg/util/utils.go:21.48,25.2 3 0
github.com/Venafi/vcert/v4/pkg/util/utils.go:27.74,32.16 3 0
github.com/Venafi/vcert/v4/pkg/util/utils.go:36.2,38.20 2 0
github.com/Venafi/vcert/v4/pkg/util/utils.go:48.2,50.16 2 0
github.com/Venafi/vcert/v4/pkg/util/utils.go:54.2,56.30 2 0
github.com/Venafi/vcert/v4/pkg/util/utils.go:32.16,34.3 1 0
github.com/Venafi/vcert/v4/pkg/util/utils.go:39.23,40.30 1 0
github.com/Venafi/vcert/v4/pkg/util/utils.go:41.25,42.29 1 0
github.com/Venafi/vcert/v4/pkg/util/utils.go:43.26,44.26 1 0
github.com/Venafi/vcert/v4/pkg/util/utils.go:45.10,46.64 1 0
github.com/Venafi/vcert/v4/pkg/util/utils.go:50.16,52.3 1 0
github.com/Venafi/vcert/v4/pkg/util/utils.go:59.74,65.16 3 0
github.com/Venafi/vcert/v4/pkg/util/utils.go:68.2,68.51 1 0
github.com/Venafi/vcert/v4/pkg/util/utils.go:65.16,67.3 1 0
github.com/Venafi/vcert/v4/pkg/util/utils.go:71.36,73.2 1 0
