mode: set
github.com/Venafi/vcert/v4/cmd/vcert/config.go:31.85,34.24 2 1
github.com/Venafi/vcert/v4/cmd/vcert/config.go:111.2,111.29 1 1
github.com/Venafi/vcert/v4/cmd/vcert/config.go:137.2,137.22 1 1
github.com/Venafi/vcert/v4/cmd/vcert/config.go:144.2,145.34 2 1
github.com/Venafi/vcert/v4/cmd/vcert/config.go:149.2,149.80 1 1
github.com/Venafi/vcert/v4/cmd/vcert/config.go:155.2,155.17 1 1
github.com/Venafi/vcert/v4/cmd/vcert/config.go:34.24,37.17 2 0
github.com/Venafi/vcert/v4/cmd/vcert/config.go:37.17,39.4 1 0
github.com/Venafi/vcert/v4/cmd/vcert/config.go:40.8,49.22 5 1
github.com/Venafi/vcert/v4/cmd/vcert/config.go:53.3,53.21 1 1
github.com/Venafi/vcert/v4/cmd/vcert/config.go:105.3,107.24 3 1
github.com/Venafi/vcert/v4/cmd/vcert/config.go:49.22,51.4 1 1
github.com/Venafi/vcert/v4/cmd/vcert/config.go:53.21,55.31 2 0
github.com/Venafi/vcert/v4/cmd/vcert/config.go:55.31,59.32 3 0
github.com/Venafi/vcert/v4/cmd/vcert/config.go:59.32,61.6 1 0
github.com/Venafi/vcert/v4/cmd/vcert/config.go:63.9,63.113 1 1
github.com/Venafi/vcert/v4/cmd/vcert/config.go:63.113,68.21 3 1
github.com/Venafi/vcert/v4/cmd/vcert/config.go:73.4,73.111 1 1
github.com/Venafi/vcert/v4/cmd/vcert/config.go:77.4,77.28 1 1
github.com/Venafi/vcert/v4/cmd/vcert/config.go:68.21,70.5 1 0
github.com/Venafi/vcert/v4/cmd/vcert/config.go:73.111,75.5 1 0
github.com/Venafi/vcert/v4/cmd/vcert/config.go:77.28,78.45 1 1
github.com/Venafi/vcert/v4/cmd/vcert/config.go:78.45,80.6 1 0
github.com/Venafi/vcert/v4/cmd/vcert/config.go:80.11,82.6 1 1
github.com/Venafi/vcert/v4/cmd/vcert/config.go:83.10,83.61 1 1
github.com/Venafi/vcert/v4/cmd/vcert/config.go:83.61,86.5 2 0
github.com/Venafi/vcert/v4/cmd/vcert/config.go:86.10,88.21 2 1
github.com/Venafi/vcert/v4/cmd/vcert/config.go:88.21,89.46 1 1
github.com/Venafi/vcert/v4/cmd/vcert/config.go:89.46,91.7 1 0
github.com/Venafi/vcert/v4/cmd/vcert/config.go:91.12,93.7 1 1
github.com/Venafi/vcert/v4/cmd/vcert/config.go:96.9,98.20 2 1
github.com/Venafi/vcert/v4/cmd/vcert/config.go:101.4,103.24 3 1
github.com/Venafi/vcert/v4/cmd/vcert/config.go:98.20,100.5 1 1
github.com/Venafi/vcert/v4/cmd/vcert/config.go:111.29,113.32 2 0
github.com/Venafi/vcert/v4/cmd/vcert/config.go:116.3,117.17 2 0
github.com/Venafi/vcert/v4/cmd/vcert/config.go:120.3,120.37 1 0
github.com/Venafi/vcert/v4/cmd/vcert/config.go:113.32,115.4 1 0
github.com/Venafi/vcert/v4/cmd/vcert/config.go:117.17,119.4 1 0
github.com/Venafi/vcert/v4/cmd/vcert/config.go:121.8,123.27 2 1
github.com/Venafi/vcert/v4/cmd/vcert/config.go:123.27,125.33 2 0
github.com/Venafi/vcert/v4/cmd/vcert/config.go:128.4,129.18 2 0
github.com/Venafi/vcert/v4/cmd/vcert/config.go:132.4,132.38 1 0
github.com/Venafi/vcert/v4/cmd/vcert/config.go:125.33,127.5 1 0
github.com/Venafi/vcert/v4/cmd/vcert/config.go:129.18,131.5 1 0
github.com/Venafi/vcert/v4/cmd/vcert/config.go:137.22,138.21 1 1
github.com/Venafi/vcert/v4/cmd/vcert/config.go:141.3,141.24 1 1
github.com/Venafi/vcert/v4/cmd/vcert/config.go:138.21,140.4 1 0
github.com/Venafi/vcert/v4/cmd/vcert/config.go:145.34,147.3 1 1
github.com/Venafi/vcert/v4/cmd/vcert/config.go:149.80,150.127 1 1
github.com/Venafi/vcert/v4/cmd/vcert/config.go:150.127,152.4 1 1
github.com/Venafi/vcert/v4/cmd/vcert/main.go:45.13,46.15 1 0
github.com/Venafi/vcert/v4/cmd/vcert/main.go:58.2,144.16 6 0
github.com/Venafi/vcert/v4/cmd/vcert/main.go:46.15,47.31 1 0
github.com/Venafi/vcert/v4/cmd/vcert/main.go:47.31,53.12 2 0
github.com/Venafi/vcert/v4/cmd/vcert/main.go:144.16,148.3 2 0
github.com/Venafi/vcert/v4/cmd/vcert/test_utils.go:18.38,22.2 3 1
github.com/Venafi/vcert/v4/cmd/vcert/test_utils.go:24.34,30.2 5 1
github.com/Venafi/vcert/v4/cmd/vcert/test_utils.go:32.35,39.2 2 1
github.com/Venafi/vcert/v4/cmd/vcert/test_utils.go:41.41,48.2 2 1
github.com/Venafi/vcert/v4/cmd/vcert/test_utils.go:50.40,53.2 2 1
github.com/Venafi/vcert/v4/cmd/vcert/test_utils.go:55.45,57.2 1 1
github.com/Venafi/vcert/v4/cmd/vcert/test_utils.go:59.19,66.2 6 1
github.com/Venafi/vcert/v4/cmd/vcert/test_utils.go:68.28,74.2 5 1
github.com/Venafi/vcert/v4/cmd/vcert/usage.go:25.54,35.28 4 1
github.com/Venafi/vcert/v4/cmd/vcert/usage.go:61.2,61.21 1 1
github.com/Venafi/vcert/v4/cmd/vcert/usage.go:73.2,73.21 1 1
github.com/Venafi/vcert/v4/cmd/vcert/usage.go:35.28,36.28 1 1
github.com/Venafi/vcert/v4/cmd/vcert/usage.go:36.28,37.42 1 1
github.com/Venafi/vcert/v4/cmd/vcert/usage.go:47.4,47.25 1 1
github.com/Venafi/vcert/v4/cmd/vcert/usage.go:37.42,45.5 5 1
github.com/Venafi/vcert/v4/cmd/vcert/usage.go:48.9,52.68 2 1
github.com/Venafi/vcert/v4/cmd/vcert/usage.go:52.68,57.5 4 1
github.com/Venafi/vcert/v4/cmd/vcert/usage.go:61.21,62.35 1 0
github.com/Venafi/vcert/v4/cmd/vcert/usage.go:62.35,65.4 1 0
github.com/Venafi/vcert/v4/cmd/vcert/usage.go:66.8,71.3 2 1
github.com/Venafi/vcert/v4/cmd/vcert/usage.go:76.23,87.2 10 0
github.com/Venafi/vcert/v4/cmd/vcert/commands.go:180.45,193.38 11 0
github.com/Venafi/vcert/v4/cmd/vcert/commands.go:209.2,209.51 1 0
github.com/Venafi/vcert/v4/cmd/vcert/commands.go:213.2,213.53 1 0
github.com/Venafi/vcert/v4/cmd/vcert/commands.go:218.2,218.12 1 0
github.com/Venafi/vcert/v4/cmd/vcert/commands.go:193.38,194.32 1 0
github.com/Venafi/vcert/v4/cmd/vcert/commands.go:194.32,196.4 1 0
github.com/Venafi/vcert/v4/cmd/vcert/commands.go:196.9,196.40 1 0
github.com/Venafi/vcert/v4/cmd/vcert/commands.go:196.40,197.13 1 0
github.com/Venafi/vcert/v4/cmd/vcert/commands.go:198.20,199.41 1 0
github.com/Venafi/vcert/v4/cmd/vcert/commands.go:200.23,201.43 1 0
github.com/Venafi/vcert/v4/cmd/vcert/commands.go:202.20,203.40 1 0
github.com/Venafi/vcert/v4/cmd/vcert/commands.go:209.51,212.3 2 0
github.com/Venafi/vcert/v4/cmd/vcert/commands.go:213.53,216.3 2 0
github.com/Venafi/vcert/v4/cmd/vcert/commands.go:221.27,223.24 1 0
github.com/Venafi/vcert/v4/cmd/vcert/commands.go:227.2,227.20 1 0
github.com/Venafi/vcert/v4/cmd/vcert/commands.go:231.2,231.27 1 0
github.com/Venafi/vcert/v4/cmd/vcert/commands.go:265.2,267.12 2 0
github.com/Venafi/vcert/v4/cmd/vcert/commands.go:223.24,225.3 1 0
github.com/Venafi/vcert/v4/cmd/vcert/commands.go:227.20,229.3 1 0
github.com/Venafi/vcert/v4/cmd/vcert/commands.go:231.27,234.17 2 0
github.com/Venafi/vcert/v4/cmd/vcert/commands.go:238.3,239.17 2 0
github.com/Venafi/vcert/v4/cmd/vcert/commands.go:243.3,244.28 2 0
github.com/Venafi/vcert/v4/cmd/vcert/commands.go:249.3,250.17 2 0
github.com/Venafi/vcert/v4/cmd/vcert/commands.go:254.3,261.37 5 0
github.com/Venafi/vcert/v4/cmd/vcert/commands.go:234.17,236.4 1 0
github.com/Venafi/vcert/v4/cmd/vcert/commands.go:239.17,241.4 1 0
github.com/Venafi/vcert/v4/cmd/vcert/commands.go:244.28,246.4 1 0
github.com/Venafi/vcert/v4/cmd/vcert/commands.go:250.17,252.4 1 0
github.com/Venafi/vcert/v4/cmd/vcert/commands.go:270.45,272.16 2 0
github.com/Venafi/vcert/v4/cmd/vcert/commands.go:275.2,276.16 2 0
github.com/Venafi/vcert/v4/cmd/vcert/commands.go:280.2,283.16 3 0
github.com/Venafi/vcert/v4/cmd/vcert/commands.go:287.2,288.16 2 0
github.com/Venafi/vcert/v4/cmd/vcert/commands.go:293.2,298.16 4 0
github.com/Venafi/vcert/v4/cmd/vcert/commands.go:301.2,304.16 4 0
github.com/Venafi/vcert/v4/cmd/vcert/commands.go:308.2,309.34 2 0
github.com/Venafi/vcert/v4/cmd/vcert/commands.go:315.2,317.16 3 0
github.com/Venafi/vcert/v4/cmd/vcert/commands.go:320.2,323.20 3 0
github.com/Venafi/vcert/v4/cmd/vcert/commands.go:355.2,355.275 1 0
github.com/Venafi/vcert/v4/cmd/vcert/commands.go:366.2,366.89 1 0
github.com/Venafi/vcert/v4/cmd/vcert/commands.go:373.2,373.22 1 0
github.com/Venafi/vcert/v4/cmd/vcert/commands.go:376.2,396.16 3 0
github.com/Venafi/vcert/v4/cmd/vcert/commands.go:399.2,399.12 1 0
github.com/Venafi/vcert/v4/cmd/vcert/commands.go:272.16,274.3 1 0
github.com/Venafi/vcert/v4/cmd/vcert/commands.go:276.16,278.3 1 0
github.com/Venafi/vcert/v4/cmd/vcert/commands.go:283.16,285.3 1 0
github.com/Venafi/vcert/v4/cmd/vcert/commands.go:288.16,290.3 1 0
github.com/Venafi/vcert/v4/cmd/vcert/commands.go:290.8,292.3 1 0
github.com/Venafi/vcert/v4/cmd/vcert/commands.go:298.16,300.3 1 0
github.com/Venafi/vcert/v4/cmd/vcert/commands.go:304.16,306.3 1 0
github.com/Venafi/vcert/v4/cmd/vcert/commands.go:309.34,311.3 1 0
github.com/Venafi/vcert/v4/cmd/vcert/commands.go:311.8,313.3 1 0
github.com/Venafi/vcert/v4/cmd/vcert/commands.go:317.16,319.3 1 0
github.com/Venafi/vcert/v4/cmd/vcert/commands.go:323.20,325.17 2 0
github.com/Venafi/vcert/v4/cmd/vcert/commands.go:325.17,327.4 1 0
github.com/Venafi/vcert/v4/cmd/vcert/commands.go:328.8,333.133 4 0
github.com/Venafi/vcert/v4/cmd/vcert/commands.go:339.3,341.17 3 0
github.com/Venafi/vcert/v4/cmd/vcert/commands.go:344.3,346.53 2 0
github.com/Venafi/vcert/v4/cmd/vcert/commands.go:333.133,337.4 3 0
github.com/Venafi/vcert/v4/cmd/vcert/commands.go:341.17,343.4 1 0
github.com/Venafi/vcert/v4/cmd/vcert/commands.go:346.53,349.18 2 0
github.com/Venafi/vcert/v4/cmd/vcert/commands.go:349.18,351.5 1 0
github.com/Venafi/vcert/v4/cmd/vcert/commands.go:355.275,357.17 2 0
github.com/Venafi/vcert/v4/cmd/vcert/commands.go:363.3,363.27 1 0
github.com/Venafi/vcert/v4/cmd/vcert/commands.go:357.17,358.104 1 0
github.com/Venafi/vcert/v4/cmd/vcert/commands.go:361.4,361.14 1 0
github.com/Venafi/vcert/v4/cmd/vcert/commands.go:358.104,360.5 1 0
github.com/Venafi/vcert/v4/cmd/vcert/commands.go:366.89,368.17 2 0
github.com/Venafi/vcert/v4/cmd/vcert/commands.go:368.17,370.4 1 0
github.com/Venafi/vcert/v4/cmd/vcert/commands.go:373.22,375.3 1 0
github.com/Venafi/vcert/v4/cmd/vcert/commands.go:396.16,398.3 1 0
github.com/Venafi/vcert/v4/cmd/vcert/commands.go:402.51,406.16 2 0
github.com/Venafi/vcert/v4/cmd/vcert/commands.go:410.2,411.16 2 0
github.com/Venafi/vcert/v4/cmd/vcert/commands.go:415.2,416.16 2 0
github.com/Venafi/vcert/v4/cmd/vcert/commands.go:420.2,422.16 2 0
github.com/Venafi/vcert/v4/cmd/vcert/commands.go:430.2,432.16 2 0
github.com/Venafi/vcert/v4/cmd/vcert/commands.go:440.2,444.38 3 0
github.com/Venafi/vcert/v4/cmd/vcert/commands.go:448.2,451.47 3 0
github.com/Venafi/vcert/v4/cmd/vcert/commands.go:468.2,468.22 1 0
github.com/Venafi/vcert/v4/cmd/vcert/commands.go:482.2,485.16 3 0
github.com/Venafi/vcert/v4/cmd/vcert/commands.go:490.2,490.133 1 0
github.com/Venafi/vcert/v4/cmd/vcert/commands.go:512.2,512.31 1 0
github.com/Venafi/vcert/v4/cmd/vcert/commands.go:515.2,515.19 1 0
github.com/Venafi/vcert/v4/cmd/vcert/commands.go:519.2,521.26 3 0
github.com/Venafi/vcert/v4/cmd/vcert/commands.go:525.2,526.30 2 0
github.com/Venafi/vcert/v4/cmd/vcert/commands.go:531.2,531.21 1 0
github.com/Venafi/vcert/v4/cmd/vcert/commands.go:538.2,539.16 2 0
github.com/Venafi/vcert/v4/cmd/vcert/commands.go:543.2,543.12 1 0
github.com/Venafi/vcert/v4/cmd/vcert/commands.go:406.16,408.3 1 0
github.com/Venafi/vcert/v4/cmd/vcert/commands.go:411.16,413.3 1 0
github.com/Venafi/vcert/v4/cmd/vcert/commands.go:416.16,418.3 1 0
github.com/Venafi/vcert/v4/cmd/vcert/commands.go:422.16,424.3 1 0
github.com/Venafi/vcert/v4/cmd/vcert/commands.go:424.8,425.20 1 0
github.com/Venafi/vcert/v4/cmd/vcert/commands.go:425.20,427.4 1 0
github.com/Venafi/vcert/v4/cmd/vcert/commands.go:432.16,434.3 1 0
github.com/Venafi/vcert/v4/cmd/vcert/commands.go:434.8,435.20 1 0
github.com/Venafi/vcert/v4/cmd/vcert/commands.go:435.20,437.4 1 0
github.com/Venafi/vcert/v4/cmd/vcert/commands.go:444.38,446.3 1 0
github.com/Venafi/vcert/v4/cmd/vcert/commands.go:451.47,454.19 2 0
github.com/Venafi/vcert/v4/cmd/vcert/commands.go:458.3,460.17 2 0
github.com/Venafi/vcert/v4/cmd/vcert/commands.go:464.3,465.30 2 0
github.com/Venafi/vcert/v4/cmd/vcert/commands.go:454.19,456.4 1 0
github.com/Venafi/vcert/v4/cmd/vcert/commands.go:460.17,462.4 1 0
github.com/Venafi/vcert/v4/cmd/vcert/commands.go:468.22,471.17 2 0
github.com/Venafi/vcert/v4/cmd/vcert/commands.go:475.3,475.20 1 0
github.com/Venafi/vcert/v4/cmd/vcert/commands.go:479.3,479.30 1 0
github.com/Venafi/vcert/v4/cmd/vcert/commands.go:471.17,473.4 1 0
github.com/Venafi/vcert/v4/cmd/vcert/commands.go:475.20,477.4 1 0
github.com/Venafi/vcert/v4/cmd/vcert/commands.go:485.16,487.3 1 0
github.com/Venafi/vcert/v4/cmd/vcert/commands.go:490.133,498.30 4 0
github.com/Venafi/vcert/v4/cmd/vcert/commands.go:502.3,504.17 3 0
github.com/Venafi/vcert/v4/cmd/vcert/commands.go:498.30,500.4 1 0
github.com/Venafi/vcert/v4/cmd/vcert/commands.go:504.17,506.4 1 0
github.com/Venafi/vcert/v4/cmd/vcert/commands.go:507.8,509.3 1 0
github.com/Venafi/vcert/v4/cmd/vcert/commands.go:512.31,514.3 1 0
github.com/Venafi/vcert/v4/cmd/vcert/commands.go:515.19,517.3 1 0
github.com/Venafi/vcert/v4/cmd/vcert/commands.go:521.26,523.3 1 0
github.com/Venafi/vcert/v4/cmd/vcert/commands.go:526.30,528.3 1 0
github.com/Venafi/vcert/v4/cmd/vcert/commands.go:531.21,533.17 2 0
github.com/Venafi/vcert/v4/cmd/vcert/commands.go:533.17,535.4 1 0
github.com/Venafi/vcert/v4/cmd/vcert/commands.go:539.16,541.3 1 0
github.com/Venafi/vcert/v4/cmd/vcert/commands.go:546.111,548.30 1 0
github.com/Venafi/vcert/v4/cmd/vcert/commands.go:552.2,552.27 1 0
github.com/Venafi/vcert/v4/cmd/vcert/commands.go:556.2,556.32 1 0
github.com/Venafi/vcert/v4/cmd/vcert/commands.go:560.2,560.30 1 0
github.com/Venafi/vcert/v4/cmd/vcert/commands.go:564.2,564.28 1 0
github.com/Venafi/vcert/v4/cmd/vcert/commands.go:568.2,568.34 1 0
github.com/Venafi/vcert/v4/cmd/vcert/commands.go:572.2,572.34 1 0
github.com/Venafi/vcert/v4/cmd/vcert/commands.go:576.2,576.34 1 0
github.com/Venafi/vcert/v4/cmd/vcert/commands.go:580.2,580.36 1 0
github.com/Venafi/vcert/v4/cmd/vcert/commands.go:584.2,584.32 1 0
github.com/Venafi/vcert/v4/cmd/vcert/commands.go:588.2,588.34 1 0
github.com/Venafi/vcert/v4/cmd/vcert/commands.go:592.2,592.12 1 0
github.com/Venafi/vcert/v4/cmd/vcert/commands.go:548.30,550.3 1 0
github.com/Venafi/vcert/v4/cmd/vcert/commands.go:552.27,554.3 1 0
github.com/Venafi/vcert/v4/cmd/vcert/commands.go:556.32,558.3 1 0
github.com/Venafi/vcert/v4/cmd/vcert/commands.go:560.30,562.3 1 0
github.com/Venafi/vcert/v4/cmd/vcert/commands.go:564.28,566.3 1 0
github.com/Venafi/vcert/v4/cmd/vcert/commands.go:568.34,570.3 1 0
github.com/Venafi/vcert/v4/cmd/vcert/commands.go:572.34,574.3 1 0
github.com/Venafi/vcert/v4/cmd/vcert/commands.go:576.34,578.3 1 0
github.com/Venafi/vcert/v4/cmd/vcert/commands.go:580.36,582.3 1 0
github.com/Venafi/vcert/v4/cmd/vcert/commands.go:584.32,586.3 1 0
github.com/Venafi/vcert/v4/cmd/vcert/commands.go:588.34,590.3 1 0
github.com/Venafi/vcert/v4/cmd/vcert/commands.go:595.47,597.16 2 0
github.com/Venafi/vcert/v4/cmd/vcert/commands.go:600.2,603.16 3 0
github.com/Venafi/vcert/v4/cmd/vcert/commands.go:607.2,608.16 2 0
github.com/Venafi/vcert/v4/cmd/vcert/commands.go:612.2,613.27 2 0
github.com/Venafi/vcert/v4/cmd/vcert/commands.go:616.2,617.31 2 0
github.com/Venafi/vcert/v4/cmd/vcert/commands.go:624.2,625.16 2 0
github.com/Venafi/vcert/v4/cmd/vcert/commands.go:629.2,629.24 1 0
github.com/Venafi/vcert/v4/cmd/vcert/commands.go:753.2,753.12 1 0
github.com/Venafi/vcert/v4/cmd/vcert/commands.go:597.16,599.3 1 0
github.com/Venafi/vcert/v4/cmd/vcert/commands.go:603.16,605.3 1 0
github.com/Venafi/vcert/v4/cmd/vcert/commands.go:608.16,610.3 1 0
github.com/Venafi/vcert/v4/cmd/vcert/commands.go:613.27,615.3 1 0
github.com/Venafi/vcert/v4/cmd/vcert/commands.go:617.31,620.77 3 0
github.com/Venafi/vcert/v4/cmd/vcert/commands.go:620.77,622.4 1 0
github.com/Venafi/vcert/v4/cmd/vcert/commands.go:625.16,627.3 1 0
github.com/Venafi/vcert/v4/cmd/vcert/commands.go:630.26,632.33 1 0
github.com/Venafi/vcert/v4/cmd/vcert/commands.go:636.3,636.41 1 0
github.com/Venafi/vcert/v4/cmd/vcert/commands.go:708.28,710.33 1 0
github.com/Venafi/vcert/v4/cmd/vcert/commands.go:714.3,714.40 1 0
github.com/Venafi/vcert/v4/cmd/vcert/commands.go:737.27,738.40 1 0
github.com/Venafi/vcert/v4/cmd/vcert/commands.go:749.10,750.74 1 0
github.com/Venafi/vcert/v4/cmd/vcert/commands.go:632.33,634.4 1 0
github.com/Venafi/vcert/v4/cmd/vcert/commands.go:636.41,642.18 2 0
github.com/Venafi/vcert/v4/cmd/vcert/commands.go:645.4,645.34 1 0
github.com/Venafi/vcert/v4/cmd/vcert/commands.go:642.18,644.5 1 0
github.com/Venafi/vcert/v4/cmd/vcert/commands.go:645.34,646.44 1 0
github.com/Venafi/vcert/v4/cmd/vcert/commands.go:646.44,648.6 1 0
github.com/Venafi/vcert/v4/cmd/vcert/commands.go:649.10,654.5 4 0
github.com/Venafi/vcert/v4/cmd/vcert/commands.go:655.9,655.74 1 0
github.com/Venafi/vcert/v4/cmd/vcert/commands.go:655.74,663.21 2 0
github.com/Venafi/vcert/v4/cmd/vcert/commands.go:669.4,670.18 2 0
github.com/Venafi/vcert/v4/cmd/vcert/commands.go:673.4,673.34 1 0
github.com/Venafi/vcert/v4/cmd/vcert/commands.go:663.21,665.5 1 0
github.com/Venafi/vcert/v4/cmd/vcert/commands.go:665.10,665.27 1 0
github.com/Venafi/vcert/v4/cmd/vcert/commands.go:665.27,667.5 1 0
github.com/Venafi/vcert/v4/cmd/vcert/commands.go:670.18,672.5 1 0
github.com/Venafi/vcert/v4/cmd/vcert/commands.go:673.34,674.44 1 0
github.com/Venafi/vcert/v4/cmd/vcert/commands.go:674.44,676.6 1 0
github.com/Venafi/vcert/v4/cmd/vcert/commands.go:677.10,681.33 4 0
github.com/Venafi/vcert/v4/cmd/vcert/commands.go:681.33,683.6 1 0
github.com/Venafi/vcert/v4/cmd/vcert/commands.go:685.9,685.23 1 0
github.com/Venafi/vcert/v4/cmd/vcert/commands.go:685.23,690.18 2 0
github.com/Venafi/vcert/v4/cmd/vcert/commands.go:693.4,693.34 1 0
github.com/Venafi/vcert/v4/cmd/vcert/commands.go:690.18,692.5 1 0
github.com/Venafi/vcert/v4/cmd/vcert/commands.go:693.34,694.44 1 0
github.com/Venafi/vcert/v4/cmd/vcert/commands.go:694.44,696.6 1 0
github.com/Venafi/vcert/v4/cmd/vcert/commands.go:697.10,701.33 4 0
github.com/Venafi/vcert/v4/cmd/vcert/commands.go:701.33,703.6 1 0
github.com/Venafi/vcert/v4/cmd/vcert/commands.go:705.9,707.4 1 0
github.com/Venafi/vcert/v4/cmd/vcert/commands.go:710.33,712.4 1 0
github.com/Venafi/vcert/v4/cmd/vcert/commands.go:714.40,718.18 2 0
github.com/Venafi/vcert/v4/cmd/vcert/commands.go:721.4,721.34 1 0
github.com/Venafi/vcert/v4/cmd/vcert/commands.go:718.18,720.5 1 0
github.com/Venafi/vcert/v4/cmd/vcert/commands.go:721.34,722.44 1 0
github.com/Venafi/vcert/v4/cmd/vcert/commands.go:722.44,724.6 1 0
github.com/Venafi/vcert/v4/cmd/vcert/commands.go:725.10,733.5 7 0
github.com/Venafi/vcert/v4/cmd/vcert/commands.go:734.9,736.4 1 0
github.com/Venafi/vcert/v4/cmd/vcert/commands.go:738.40,742.18 2 0
github.com/Venafi/vcert/v4/cmd/vcert/commands.go:745.4,745.51 1 0
github.com/Venafi/vcert/v4/cmd/vcert/commands.go:742.18,744.5 1 0
github.com/Venafi/vcert/v4/cmd/vcert/commands.go:746.9,748.4 1 0
github.com/Venafi/vcert/v4/cmd/vcert/commands.go:756.45,758.16 2 0
github.com/Venafi/vcert/v4/cmd/vcert/commands.go:761.2,762.16 2 0
github.com/Venafi/vcert/v4/cmd/vcert/commands.go:765.2,766.16 2 0
github.com/Venafi/vcert/v4/cmd/vcert/commands.go:770.2,770.12 1 0
github.com/Venafi/vcert/v4/cmd/vcert/commands.go:758.16,760.3 1 0
github.com/Venafi/vcert/v4/cmd/vcert/commands.go:762.16,764.3 1 0
github.com/Venafi/vcert/v4/cmd/vcert/commands.go:766.16,768.3 1 0
github.com/Venafi/vcert/v4/cmd/vcert/commands.go:773.45,777.152 3 0
github.com/Venafi/vcert/v4/cmd/vcert/commands.go:782.2,783.16 2 0
github.com/Venafi/vcert/v4/cmd/vcert/commands.go:786.2,787.16 2 0
github.com/Venafi/vcert/v4/cmd/vcert/commands.go:791.2,794.16 3 0
github.com/Venafi/vcert/v4/cmd/vcert/commands.go:798.2,799.16 2 0
github.com/Venafi/vcert/v4/cmd/vcert/commands.go:805.2,805.30 1 0
github.com/Venafi/vcert/v4/cmd/vcert/commands.go:812.2,816.29 2 0
github.com/Venafi/vcert/v4/cmd/vcert/commands.go:821.2,823.16 3 0
github.com/Venafi/vcert/v4/cmd/vcert/commands.go:841.2,843.181 2 0
github.com/Venafi/vcert/v4/cmd/vcert/commands.go:854.2,854.81 1 0
github.com/Venafi/vcert/v4/cmd/vcert/commands.go:861.2,861.22 1 0
github.com/Venafi/vcert/v4/cmd/vcert/commands.go:865.2,884.16 3 0
github.com/Venafi/vcert/v4/cmd/vcert/commands.go:887.2,887.12 1 0
github.com/Venafi/vcert/v4/cmd/vcert/commands.go:777.152,780.3 2 0
github.com/Venafi/vcert/v4/cmd/vcert/commands.go:783.16,785.3 1 0
github.com/Venafi/vcert/v4/cmd/vcert/commands.go:787.16,789.3 1 0
github.com/Venafi/vcert/v4/cmd/vcert/commands.go:794.16,796.3 1 0
github.com/Venafi/vcert/v4/cmd/vcert/commands.go:799.16,801.3 1 0
github.com/Venafi/vcert/v4/cmd/vcert/commands.go:801.8,803.3 1 0
github.com/Venafi/vcert/v4/cmd/vcert/commands.go:805.30,807.17 2 0
github.com/Venafi/vcert/v4/cmd/vcert/commands.go:810.3,810.52 1 0
github.com/Venafi/vcert/v4/cmd/vcert/commands.go:807.17,809.4 1 0
github.com/Venafi/vcert/v4/cmd/vcert/commands.go:816.29,820.3 2 0
github.com/Venafi/vcert/v4/cmd/vcert/commands.go:823.16,828.102 5 0
github.com/Venafi/vcert/v4/cmd/vcert/commands.go:828.102,833.18 4 0
github.com/Venafi/vcert/v4/cmd/vcert/commands.go:833.18,835.5 1 0
github.com/Venafi/vcert/v4/cmd/vcert/commands.go:837.9,839.4 1 0
github.com/Venafi/vcert/v4/cmd/vcert/commands.go:843.181,845.17 2 0
github.com/Venafi/vcert/v4/cmd/vcert/commands.go:851.3,851.27 1 0
github.com/Venafi/vcert/v4/cmd/vcert/commands.go:845.17,846.104 1 0
github.com/Venafi/vcert/v4/cmd/vcert/commands.go:849.4,849.14 1 0
github.com/Venafi/vcert/v4/cmd/vcert/commands.go:846.104,848.5 1 0
github.com/Venafi/vcert/v4/cmd/vcert/commands.go:854.81,856.17 2 0
github.com/Venafi/vcert/v4/cmd/vcert/commands.go:856.17,858.4 1 0
github.com/Venafi/vcert/v4/cmd/vcert/commands.go:861.22,863.3 1 0
github.com/Venafi/vcert/v4/cmd/vcert/commands.go:884.16,886.3 1 0
github.com/Venafi/vcert/v4/cmd/vcert/commands.go:890.45,892.16 2 0
github.com/Venafi/vcert/v4/cmd/vcert/commands.go:895.2,896.16 2 0
github.com/Venafi/vcert/v4/cmd/vcert/commands.go:900.2,903.16 3 0
github.com/Venafi/vcert/v4/cmd/vcert/commands.go:907.2,908.16 2 0
github.com/Venafi/vcert/v4/cmd/vcert/commands.go:914.2,915.14 2 0
github.com/Venafi/vcert/v4/cmd/vcert/commands.go:926.2,926.32 1 0
github.com/Venafi/vcert/v4/cmd/vcert/commands.go:936.2,940.16 4 0
github.com/Venafi/vcert/v4/cmd/vcert/commands.go:943.2,945.12 2 0
github.com/Venafi/vcert/v4/cmd/vcert/commands.go:892.16,894.3 1 0
github.com/Venafi/vcert/v4/cmd/vcert/commands.go:896.16,898.3 1 0
github.com/Venafi/vcert/v4/cmd/vcert/commands.go:903.16,905.3 1 0
github.com/Venafi/vcert/v4/cmd/vcert/commands.go:908.16,910.3 1 0
github.com/Venafi/vcert/v4/cmd/vcert/commands.go:910.8,912.3 1 0
github.com/Venafi/vcert/v4/cmd/vcert/commands.go:916.37,918.35 2 0
github.com/Venafi/vcert/v4/cmd/vcert/commands.go:919.30,921.25 2 0
github.com/Venafi/vcert/v4/cmd/vcert/commands.go:922.10,923.64 1 0
github.com/Venafi/vcert/v4/cmd/vcert/commands.go:926.32,927.36 1 0
github.com/Venafi/vcert/v4/cmd/vcert/commands.go:930.3,930.29 1 0
github.com/Venafi/vcert/v4/cmd/vcert/commands.go:933.3,933.12 1 0
github.com/Venafi/vcert/v4/cmd/vcert/commands.go:927.36,929.4 1 0
github.com/Venafi/vcert/v4/cmd/vcert/commands.go:930.29,932.4 1 0
github.com/Venafi/vcert/v4/cmd/vcert/commands.go:940.16,942.3 1 0
github.com/Venafi/vcert/v4/cmd/vcert/commands.go:948.50,952.16 2 0
github.com/Venafi/vcert/v4/cmd/vcert/commands.go:956.2,963.16 5 0
github.com/Venafi/vcert/v4/cmd/vcert/commands.go:967.2,967.19 1 0
github.com/Venafi/vcert/v4/cmd/vcert/commands.go:971.2,974.30 3 0
github.com/Venafi/vcert/v4/cmd/vcert/commands.go:987.2,988.37 2 0
github.com/Venafi/vcert/v4/cmd/vcert/commands.go:1002.2,1004.16 2 0
github.com/Venafi/vcert/v4/cmd/vcert/commands.go:1007.2,1009.16 2 0
github.com/Venafi/vcert/v4/cmd/vcert/commands.go:1013.2,1017.12 3 0
github.com/Venafi/vcert/v4/cmd/vcert/commands.go:952.16,954.3 1 0
github.com/Venafi/vcert/v4/cmd/vcert/commands.go:963.16,965.3 1 0
github.com/Venafi/vcert/v4/cmd/vcert/commands.go:967.19,969.3 1 0
github.com/Venafi/vcert/v4/cmd/vcert/commands.go:974.30,976.17 2 0
github.com/Venafi/vcert/v4/cmd/vcert/commands.go:976.17,979.4 2 0
github.com/Venafi/vcert/v4/cmd/vcert/commands.go:979.9,982.4 2 0
github.com/Venafi/vcert/v4/cmd/vcert/commands.go:988.37,990.17 2 0
github.com/Venafi/vcert/v4/cmd/vcert/commands.go:990.17,992.4 1 0
github.com/Venafi/vcert/v4/cmd/vcert/commands.go:993.8,993.44 1 0
github.com/Venafi/vcert/v4/cmd/vcert/commands.go:993.44,995.17 2 0
github.com/Venafi/vcert/v4/cmd/vcert/commands.go:995.17,997.4 1 0
github.com/Venafi/vcert/v4/cmd/vcert/commands.go:998.8,1000.3 1 0
github.com/Venafi/vcert/v4/cmd/vcert/commands.go:1004.16,1006.3 1 0
github.com/Venafi/vcert/v4/cmd/vcert/commands.go:1009.16,1011.3 1 0
github.com/Venafi/vcert/v4/cmd/vcert/commands.go:1020.47,1024.16 2 0
github.com/Venafi/vcert/v4/cmd/vcert/commands.go:1028.2,1034.32 4 0
github.com/Venafi/vcert/v4/cmd/vcert/commands.go:1061.2,1063.30 2 0
github.com/Venafi/vcert/v4/cmd/vcert/commands.go:1098.2,1098.12 1 0
github.com/Venafi/vcert/v4/cmd/vcert/commands.go:1024.16,1026.3 1 0
github.com/Venafi/vcert/v4/cmd/vcert/commands.go:1034.32,1037.17 2 0
github.com/Venafi/vcert/v4/cmd/vcert/commands.go:1041.3,1043.17 2 0
github.com/Venafi/vcert/v4/cmd/vcert/commands.go:1049.3,1051.17 2 0
github.com/Venafi/vcert/v4/cmd/vcert/commands.go:1037.17,1039.4 1 0
github.com/Venafi/vcert/v4/cmd/vcert/commands.go:1043.17,1047.4 1 0
github.com/Venafi/vcert/v4/cmd/vcert/commands.go:1051.17,1053.4 1 0
github.com/Venafi/vcert/v4/cmd/vcert/commands.go:1055.8,1059.3 1 0
github.com/Venafi/vcert/v4/cmd/vcert/commands.go:1063.30,1067.38 3 0
github.com/Venafi/vcert/v4/cmd/vcert/commands.go:1081.3,1082.17 2 0
github.com/Venafi/vcert/v4/cmd/vcert/commands.go:1085.3,1085.62 1 0
github.com/Venafi/vcert/v4/cmd/vcert/commands.go:1067.38,1069.18 2 0
github.com/Venafi/vcert/v4/cmd/vcert/commands.go:1069.18,1071.5 1 0
github.com/Venafi/vcert/v4/cmd/vcert/commands.go:1072.9,1072.45 1 0
github.com/Venafi/vcert/v4/cmd/vcert/commands.go:1072.45,1074.18 2 0
github.com/Venafi/vcert/v4/cmd/vcert/commands.go:1074.18,1076.5 1 0
github.com/Venafi/vcert/v4/cmd/vcert/commands.go:1077.9,1079.4 1 0
github.com/Venafi/vcert/v4/cmd/vcert/commands.go:1082.17,1084.4 1 0
github.com/Venafi/vcert/v4/cmd/vcert/commands.go:1087.8,1091.17 2 0
github.com/Venafi/vcert/v4/cmd/vcert/commands.go:1094.3,1095.28 2 0
github.com/Venafi/vcert/v4/cmd/vcert/commands.go:1091.17,1093.4 1 0
github.com/Venafi/vcert/v4/cmd/vcert/commands.go:1101.44,1103.16 2 0
github.com/Venafi/vcert/v4/cmd/vcert/commands.go:1107.2,1108.16 2 0
github.com/Venafi/vcert/v4/cmd/vcert/commands.go:1112.2,1114.16 3 0
github.com/Venafi/vcert/v4/cmd/vcert/commands.go:1118.2,1119.16 2 0
github.com/Venafi/vcert/v4/cmd/vcert/commands.go:1125.2,1135.16 5 0
github.com/Venafi/vcert/v4/cmd/vcert/commands.go:1138.2,1139.63 2 0
github.com/Venafi/vcert/v4/cmd/vcert/commands.go:1142.2,1143.16 2 0
github.com/Venafi/vcert/v4/cmd/vcert/commands.go:1147.2,1149.14 2 0
github.com/Venafi/vcert/v4/cmd/vcert/commands.go:1169.2,1172.16 3 0
github.com/Venafi/vcert/v4/cmd/vcert/commands.go:1176.2,1176.32 1 0
github.com/Venafi/vcert/v4/cmd/vcert/commands.go:1186.2,1192.16 4 0
github.com/Venafi/vcert/v4/cmd/vcert/commands.go:1195.2,1197.20 2 0
github.com/Venafi/vcert/v4/cmd/vcert/commands.go:1223.2,1224.63 2 0
github.com/Venafi/vcert/v4/cmd/vcert/commands.go:1235.2,1254.16 3 0
github.com/Venafi/vcert/v4/cmd/vcert/commands.go:1257.2,1257.12 1 0
github.com/Venafi/vcert/v4/cmd/vcert/commands.go:1103.16,1105.3 1 0
github.com/Venafi/vcert/v4/cmd/vcert/commands.go:1108.16,1110.3 1 0
github.com/Venafi/vcert/v4/cmd/vcert/commands.go:1114.16,1116.3 1 0
github.com/Venafi/vcert/v4/cmd/vcert/commands.go:1119.16,1121.3 1 0
github.com/Venafi/vcert/v4/cmd/vcert/commands.go:1121.8,1123.3 1 0
github.com/Venafi/vcert/v4/cmd/vcert/commands.go:1135.16,1137.3 1 0
github.com/Venafi/vcert/v4/cmd/vcert/commands.go:1139.63,1141.3 1 0
github.com/Venafi/vcert/v4/cmd/vcert/commands.go:1143.16,1145.3 1 0
github.com/Venafi/vcert/v4/cmd/vcert/commands.go:1150.51,1152.44 1 0
github.com/Venafi/vcert/v4/cmd/vcert/commands.go:1154.59,1158.44 2 0
github.com/Venafi/vcert/v4/cmd/vcert/commands.go:1160.36,1162.44 1 0
github.com/Venafi/vcert/v4/cmd/vcert/commands.go:1164.10,1165.67 1 0
github.com/Venafi/vcert/v4/cmd/vcert/commands.go:1172.16,1174.3 1 0
github.com/Venafi/vcert/v4/cmd/vcert/commands.go:1176.32,1177.36 1 0
github.com/Venafi/vcert/v4/cmd/vcert/commands.go:1180.3,1180.29 1 0
github.com/Venafi/vcert/v4/cmd/vcert/commands.go:1183.3,1183.12 1 0
github.com/Venafi/vcert/v4/cmd/vcert/commands.go:1177.36,1179.4 1 0
github.com/Venafi/vcert/v4/cmd/vcert/commands.go:1180.29,1182.4 1 0
github.com/Venafi/vcert/v4/cmd/vcert/commands.go:1192.16,1194.3 1 0
github.com/Venafi/vcert/v4/cmd/vcert/commands.go:1197.20,1199.17 2 0
github.com/Venafi/vcert/v4/cmd/vcert/commands.go:1199.17,1201.4 1 0
github.com/Venafi/vcert/v4/cmd/vcert/commands.go:1202.8,1208.17 5 0
github.com/Venafi/vcert/v4/cmd/vcert/commands.go:1211.3,1213.53 2 0
github.com/Venafi/vcert/v4/cmd/vcert/commands.go:1208.17,1210.4 1 0
github.com/Venafi/vcert/v4/cmd/vcert/commands.go:1213.53,1216.18 2 0
github.com/Venafi/vcert/v4/cmd/vcert/commands.go:1216.18,1218.5 1 0
github.com/Venafi/vcert/v4/cmd/vcert/commands.go:1224.63,1226.17 2 0
github.com/Venafi/vcert/v4/cmd/vcert/commands.go:1226.17,1229.50 3 0
github.com/Venafi/vcert/v4/cmd/vcert/commands.go:1229.50,1231.5 1 0
github.com/Venafi/vcert/v4/cmd/vcert/commands.go:1254.16,1256.3 1 0
github.com/Venafi/vcert/v4/cmd/vcert/commands.go:1260.50,1264.16 2 0
github.com/Venafi/vcert/v4/cmd/vcert/commands.go:1268.2,1269.16 2 0
github.com/Venafi/vcert/v4/cmd/vcert/commands.go:1273.2,1274.16 2 0
github.com/Venafi/vcert/v4/cmd/vcert/commands.go:1278.2,1280.16 2 0
github.com/Venafi/vcert/v4/cmd/vcert/commands.go:1291.2,1293.16 2 0
github.com/Venafi/vcert/v4/cmd/vcert/commands.go:1299.2,1300.33 2 0
github.com/Venafi/vcert/v4/cmd/vcert/commands.go:1303.2,1303.29 1 0
github.com/Venafi/vcert/v4/cmd/vcert/commands.go:1307.2,1308.16 2 0
github.com/Venafi/vcert/v4/cmd/vcert/commands.go:1312.2,1316.30 4 0
github.com/Venafi/vcert/v4/cmd/vcert/commands.go:1324.2,1324.34 1 0
github.com/Venafi/vcert/v4/cmd/vcert/commands.go:1339.2,1339.12 1 0
github.com/Venafi/vcert/v4/cmd/vcert/commands.go:1264.16,1266.3 1 0
github.com/Venafi/vcert/v4/cmd/vcert/commands.go:1269.16,1271.3 1 0
github.com/Venafi/vcert/v4/cmd/vcert/commands.go:1274.16,1276.3 1 0
github.com/Venafi/vcert/v4/cmd/vcert/commands.go:1280.16,1282.134 2 0
github.com/Venafi/vcert/v4/cmd/vcert/commands.go:1282.134,1284.4 1 0
github.com/Venafi/vcert/v4/cmd/vcert/commands.go:1284.9,1286.4 1 0
github.com/Venafi/vcert/v4/cmd/vcert/commands.go:1287.8,1289.3 1 0
github.com/Venafi/vcert/v4/cmd/vcert/commands.go:1293.16,1295.3 1 0
github.com/Venafi/vcert/v4/cmd/vcert/commands.go:1295.8,1297.3 1 0
github.com/Venafi/vcert/v4/cmd/vcert/commands.go:1300.33,1302.3 1 0
github.com/Venafi/vcert/v4/cmd/vcert/commands.go:1303.29,1305.3 1 0
github.com/Venafi/vcert/v4/cmd/vcert/commands.go:1308.16,1310.3 1 0
github.com/Venafi/vcert/v4/cmd/vcert/commands.go:1316.30,1319.37 3 0
github.com/Venafi/vcert/v4/cmd/vcert/commands.go:1319.37,1321.4 1 0
github.com/Venafi/vcert/v4/cmd/vcert/commands.go:1324.34,1326.22 1 0
github.com/Venafi/vcert/v4/cmd/vcert/commands.go:1333.3,1334.17 2 0
github.com/Venafi/vcert/v4/cmd/vcert/commands.go:1326.22,1328.18 2 0
github.com/Venafi/vcert/v4/cmd/vcert/commands.go:1328.18,1330.5 1 0
github.com/Venafi/vcert/v4/cmd/vcert/commands.go:1334.17,1336.4 1 0
github.com/Venafi/vcert/v4/cmd/vcert/commands.go:1342.118,1344.23 2 1
github.com/Venafi/vcert/v4/cmd/vcert/commands.go:1347.2,1348.52 2 1
github.com/Venafi/vcert/v4/cmd/vcert/commands.go:1351.2,1352.16 2 1
github.com/Venafi/vcert/v4/cmd/vcert/commands.go:1356.2,1357.30 2 1
github.com/Venafi/vcert/v4/cmd/vcert/commands.go:1370.2,1372.16 3 1
github.com/Venafi/vcert/v4/cmd/vcert/commands.go:1375.2,1376.16 2 1
github.com/Venafi/vcert/v4/cmd/vcert/commands.go:1379.2,1381.8 2 1
github.com/Venafi/vcert/v4/cmd/vcert/commands.go:1344.23,1346.3 1 1
github.com/Venafi/vcert/v4/cmd/vcert/commands.go:1348.52,1350.3 1 1
github.com/Venafi/vcert/v4/cmd/vcert/commands.go:1352.16,1354.3 1 0
github.com/Venafi/vcert/v4/cmd/vcert/commands.go:1357.30,1359.17 2 1
github.com/Venafi/vcert/v4/cmd/vcert/commands.go:1362.3,1362.42 1 1
github.com/Venafi/vcert/v4/cmd/vcert/commands.go:1359.17,1361.4 1 0
github.com/Venafi/vcert/v4/cmd/vcert/commands.go:1363.8,1365.17 2 1
github.com/Venafi/vcert/v4/cmd/vcert/commands.go:1368.3,1368.42 1 1
github.com/Venafi/vcert/v4/cmd/vcert/commands.go:1365.17,1367.4 1 0
github.com/Venafi/vcert/v4/cmd/vcert/commands.go:1372.16,1374.3 1 0
github.com/Venafi/vcert/v4/cmd/vcert/commands.go:1376.16,1378.3 1 0
github.com/Venafi/vcert/v4/cmd/vcert/commands.go:1384.98,1407.2 6 1
github.com/Venafi/vcert/v4/cmd/vcert/commands.go:1409.47,1413.16 2 0
github.com/Venafi/vcert/v4/cmd/vcert/commands.go:1417.2,1418.16 2 0
github.com/Venafi/vcert/v4/cmd/vcert/commands.go:1422.2,1423.16 2 0
github.com/Venafi/vcert/v4/cmd/vcert/commands.go:1427.2,1428.16 2 0
github.com/Venafi/vcert/v4/cmd/vcert/commands.go:1434.2,1441.16 5 0
github.com/Venafi/vcert/v4/cmd/vcert/commands.go:1444.2,1448.23 4 0
github.com/Venafi/vcert/v4/cmd/vcert/commands.go:1453.2,1454.30 2 0
github.com/Venafi/vcert/v4/cmd/vcert/commands.go:1459.2,1459.21 1 0
github.com/Venafi/vcert/v4/cmd/vcert/commands.go:1466.2,1467.16 2 0
github.com/Venafi/vcert/v4/cmd/vcert/commands.go:1471.2,1471.12 1 0
github.com/Venafi/vcert/v4/cmd/vcert/commands.go:1413.16,1415.3 1 0
github.com/Venafi/vcert/v4/cmd/vcert/commands.go:1418.16,1420.3 1 0
github.com/Venafi/vcert/v4/cmd/vcert/commands.go:1423.16,1425.3 1 0
github.com/Venafi/vcert/v4/cmd/vcert/commands.go:1428.16,1430.3 1 0
github.com/Venafi/vcert/v4/cmd/vcert/commands.go:1430.8,1432.3 1 0
github.com/Venafi/vcert/v4/cmd/vcert/commands.go:1441.16,1443.3 1 0
github.com/Venafi/vcert/v4/cmd/vcert/commands.go:1448.23,1450.3 1 0
github.com/Venafi/vcert/v4/cmd/vcert/commands.go:1454.30,1456.3 1 0
github.com/Venafi/vcert/v4/cmd/vcert/commands.go:1459.21,1461.17 2 0
github.com/Venafi/vcert/v4/cmd/vcert/commands.go:1461.17,1463.4 1 0
github.com/Venafi/vcert/v4/cmd/vcert/commands.go:1467.16,1469.3 1 0
github.com/Venafi/vcert/v4/cmd/vcert/commands.go:1474.101,1476.35 1 0
github.com/Venafi/vcert/v4/cmd/vcert/commands.go:1480.2,1480.30 1 0
github.com/Venafi/vcert/v4/cmd/vcert/commands.go:1484.2,1484.26 1 0
github.com/Venafi/vcert/v4/cmd/vcert/commands.go:1488.2,1488.26 1 0
github.com/Venafi/vcert/v4/cmd/vcert/commands.go:1492.2,1494.10 2 0
github.com/Venafi/vcert/v4/cmd/vcert/commands.go:1476.35,1478.3 1 0
github.com/Venafi/vcert/v4/cmd/vcert/commands.go:1480.30,1482.3 1 0
github.com/Venafi/vcert/v4/cmd/vcert/commands.go:1484.26,1486.3 1 0
github.com/Venafi/vcert/v4/cmd/vcert/commands.go:1488.26,1490.3 1 0
github.com/Venafi/vcert/v4/cmd/vcert/flags.go:864.45,867.2 2 1
github.com/Venafi/vcert/v4/cmd/vcert/flags.go:869.52,871.23 2 1
github.com/Venafi/vcert/v4/cmd/vcert/flags.go:879.2,879.15 1 1
github.com/Venafi/vcert/v4/cmd/vcert/flags.go:871.23,872.26 1 1
github.com/Venafi/vcert/v4/cmd/vcert/flags.go:873.17,874.48 1 1
github.com/Venafi/vcert/v4/cmd/vcert/flags.go:875.19,876.53 1 1
github.com/Venafi/vcert/v4/cmd/vcert/flags.go:882.43,887.2 4 1
github.com/Venafi/vcert/v4/cmd/vcert/flags.go:889.58,891.32 2 1
github.com/Venafi/vcert/v4/cmd/vcert/flags.go:894.2,894.35 1 1
github.com/Venafi/vcert/v4/cmd/vcert/flags.go:897.2,898.26 2 1
github.com/Venafi/vcert/v4/cmd/vcert/flags.go:918.2,918.10 1 1
github.com/Venafi/vcert/v4/cmd/vcert/flags.go:891.32,893.3 1 0
github.com/Venafi/vcert/v4/cmd/vcert/flags.go:894.35,896.3 1 1
github.com/Venafi/vcert/v4/cmd/vcert/flags.go:898.26,899.24 1 1
github.com/Venafi/vcert/v4/cmd/vcert/flags.go:900.24,903.13 3 1
github.com/Venafi/vcert/v4/cmd/vcert/flags.go:904.22,907.13 3 0
github.com/Venafi/vcert/v4/cmd/vcert/flags.go:908.21,911.13 3 0
github.com/Venafi/vcert/v4/cmd/vcert/flags.go:912.29,915.13 3 1
github.com/Venafi/vcert/v4/cmd/vcert/passwords.go:29.78,34.55 2 1
github.com/Venafi/vcert/v4/cmd/vcert/passwords.go:61.2,63.301 2 1
github.com/Venafi/vcert/v4/cmd/vcert/passwords.go:109.2,109.12 1 1
github.com/Venafi/vcert/v4/cmd/vcert/passwords.go:34.55,35.49 1 1
github.com/Venafi/vcert/v4/cmd/vcert/passwords.go:35.49,38.18 3 0
github.com/Venafi/vcert/v4/cmd/vcert/passwords.go:41.4,41.34 1 0
github.com/Venafi/vcert/v4/cmd/vcert/passwords.go:38.18,40.5 1 0
github.com/Venafi/vcert/v4/cmd/vcert/passwords.go:42.9,42.91 1 1
github.com/Venafi/vcert/v4/cmd/vcert/passwords.go:42.91,45.18 3 0
github.com/Venafi/vcert/v4/cmd/vcert/passwords.go:48.4,48.34 1 0
github.com/Venafi/vcert/v4/cmd/vcert/passwords.go:45.18,47.5 1 0
github.com/Venafi/vcert/v4/cmd/vcert/passwords.go:49.9,51.18 2 1
github.com/Venafi/vcert/v4/cmd/vcert/passwords.go:54.4,54.40 1 1
github.com/Venafi/vcert/v4/cmd/vcert/passwords.go:57.4,57.25 1 1
github.com/Venafi/vcert/v4/cmd/vcert/passwords.go:51.18,53.5 1 0
github.com/Venafi/vcert/v4/cmd/vcert/passwords.go:54.40,56.5 1 1
github.com/Venafi/vcert/v4/cmd/vcert/passwords.go:63.301,68.42 4 1
github.com/Venafi/vcert/v4/cmd/vcert/passwords.go:72.3,72.42 1 1
github.com/Venafi/vcert/v4/cmd/vcert/passwords.go:76.3,76.28 1 1
github.com/Venafi/vcert/v4/cmd/vcert/passwords.go:80.3,80.28 1 1
github.com/Venafi/vcert/v4/cmd/vcert/passwords.go:68.42,70.4 1 0
github.com/Venafi/vcert/v4/cmd/vcert/passwords.go:72.42,74.4 1 0
github.com/Venafi/vcert/v4/cmd/vcert/passwords.go:76.28,78.4 1 0
github.com/Venafi/vcert/v4/cmd/vcert/passwords.go:80.28,81.44 1 1
github.com/Venafi/vcert/v4/cmd/vcert/passwords.go:81.44,84.19 3 0
github.com/Venafi/vcert/v4/cmd/vcert/passwords.go:87.5,89.19 3 0
github.com/Venafi/vcert/v4/cmd/vcert/passwords.go:92.5,92.38 1 0
github.com/Venafi/vcert/v4/cmd/vcert/passwords.go:95.5,95.35 1 0
github.com/Venafi/vcert/v4/cmd/vcert/passwords.go:84.19,86.6 1 0
github.com/Venafi/vcert/v4/cmd/vcert/passwords.go:89.19,91.6 1 0
github.com/Venafi/vcert/v4/cmd/vcert/passwords.go:92.38,94.6 1 0
github.com/Venafi/vcert/v4/cmd/vcert/passwords.go:96.10,96.86 1 1
github.com/Venafi/vcert/v4/cmd/vcert/passwords.go:96.86,99.5 1 0
github.com/Venafi/vcert/v4/cmd/vcert/passwords.go:99.10,101.19 2 1
github.com/Venafi/vcert/v4/cmd/vcert/passwords.go:104.5,104.26 1 1
github.com/Venafi/vcert/v4/cmd/vcert/passwords.go:101.19,103.6 1 0
github.com/Venafi/vcert/v4/cmd/vcert/passwords.go:112.76,116.28 4 1
github.com/Venafi/vcert/v4/cmd/vcert/passwords.go:124.2,127.28 4 1
github.com/Venafi/vcert/v4/cmd/vcert/passwords.go:135.2,135.21 1 1
github.com/Venafi/vcert/v4/cmd/vcert/passwords.go:116.28,117.32 1 1
github.com/Venafi/vcert/v4/cmd/vcert/passwords.go:117.32,118.33 1 1
github.com/Venafi/vcert/v4/cmd/vcert/passwords.go:118.33,120.5 1 1
github.com/Venafi/vcert/v4/cmd/vcert/passwords.go:127.28,128.32 1 1
github.com/Venafi/vcert/v4/cmd/vcert/passwords.go:128.32,129.33 1 1
github.com/Venafi/vcert/v4/cmd/vcert/passwords.go:129.33,131.5 1 1
github.com/Venafi/vcert/v4/cmd/vcert/passwords.go:138.67,140.16 2 1
github.com/Venafi/vcert/v4/cmd/vcert/passwords.go:143.2,147.21 4 1
github.com/Venafi/vcert/v4/cmd/vcert/passwords.go:150.2,150.26 1 1
github.com/Venafi/vcert/v4/cmd/vcert/passwords.go:153.2,153.26 1 1
github.com/Venafi/vcert/v4/cmd/vcert/passwords.go:140.16,142.3 1 0
github.com/Venafi/vcert/v4/cmd/vcert/passwords.go:147.21,149.3 1 1
github.com/Venafi/vcert/v4/cmd/vcert/passwords.go:150.26,152.3 1 1
github.com/Venafi/vcert/v4/cmd/vcert/result_writer.go:68.54,69.55 1 1
github.com/Venafi/vcert/v4/cmd/vcert/result_writer.go:72.2,73.41 2 1
github.com/Venafi/vcert/v4/cmd/vcert/result_writer.go:76.2,77.16 2 1
github.com/Venafi/vcert/v4/cmd/vcert/result_writer.go:82.2,83.37 2 1
github.com/Venafi/vcert/v4/cmd/vcert/result_writer.go:93.2,94.14 2 1
github.com/Venafi/vcert/v4/cmd/vcert/result_writer.go:97.2,98.37 2 1
github.com/Venafi/vcert/v4/cmd/vcert/result_writer.go:106.2,107.16 2 1
github.com/Venafi/vcert/v4/cmd/vcert/result_writer.go:118.2,118.16 1 1
github.com/Venafi/vcert/v4/cmd/vcert/result_writer.go:122.2,123.16 2 1
github.com/Venafi/vcert/v4/cmd/vcert/result_writer.go:127.2,127.19 1 1
github.com/Venafi/vcert/v4/cmd/vcert/result_writer.go:69.55,71.3 1 0
github.com/Venafi/vcert/v4/cmd/vcert/result_writer.go:73.41,75.3 1 0
github.com/Venafi/vcert/v4/cmd/vcert/result_writer.go:77.16,79.3 1 0
github.com/Venafi/vcert/v4/cmd/vcert/result_writer.go:83.37,86.17 3 1
github.com/Venafi/vcert/v4/cmd/vcert/result_writer.go:89.3,89.40 1 1
github.com/Venafi/vcert/v4/cmd/vcert/result_writer.go:86.17,88.4 1 0
github.com/Venafi/vcert/v4/cmd/vcert/result_writer.go:94.14,96.3 1 0
github.com/Venafi/vcert/v4/cmd/vcert/result_writer.go:98.37,100.17 2 1
github.com/Venafi/vcert/v4/cmd/vcert/result_writer.go:100.17,102.4 1 0
github.com/Venafi/vcert/v4/cmd/vcert/result_writer.go:103.8,105.3 1 1
github.com/Venafi/vcert/v4/cmd/vcert/result_writer.go:108.24,109.49 1 1
github.com/Venafi/vcert/v4/cmd/vcert/result_writer.go:110.25,112.17 2 1
github.com/Venafi/vcert/v4/cmd/vcert/result_writer.go:115.10,116.72 1 0
github.com/Venafi/vcert/v4/cmd/vcert/result_writer.go:112.17,114.4 1 0
github.com/Venafi/vcert/v4/cmd/vcert/result_writer.go:118.16,120.3 1 0
github.com/Venafi/vcert/v4/cmd/vcert/result_writer.go:123.16,125.3 1 0
github.com/Venafi/vcert/v4/cmd/vcert/result_writer.go:130.51,134.55 2 1
github.com/Venafi/vcert/v4/cmd/vcert/result_writer.go:138.2,142.41 3 1
github.com/Venafi/vcert/v4/cmd/vcert/result_writer.go:145.2,154.36 3 1
github.com/Venafi/vcert/v4/cmd/vcert/result_writer.go:163.2,164.14 2 1
github.com/Venafi/vcert/v4/cmd/vcert/result_writer.go:167.2,172.37 2 1
github.com/Venafi/vcert/v4/cmd/vcert/result_writer.go:182.2,184.16 2 1
github.com/Venafi/vcert/v4/cmd/vcert/result_writer.go:195.2,195.16 1 1
github.com/Venafi/vcert/v4/cmd/vcert/result_writer.go:200.2,213.94 4 1
github.com/Venafi/vcert/v4/cmd/vcert/result_writer.go:217.2,222.25 3 1
github.com/Venafi/vcert/v4/cmd/vcert/result_writer.go:229.2,230.16 2 1
github.com/Venafi/vcert/v4/cmd/vcert/result_writer.go:234.2,234.28 1 1
github.com/Venafi/vcert/v4/cmd/vcert/result_writer.go:134.55,136.3 1 0
github.com/Venafi/vcert/v4/cmd/vcert/result_writer.go:142.41,144.3 1 0
github.com/Venafi/vcert/v4/cmd/vcert/result_writer.go:154.36,160.3 2 1
github.com/Venafi/vcert/v4/cmd/vcert/result_writer.go:164.14,166.3 1 0
github.com/Venafi/vcert/v4/cmd/vcert/result_writer.go:172.37,174.17 2 1
github.com/Venafi/vcert/v4/cmd/vcert/result_writer.go:174.17,176.4 1 0
github.com/Venafi/vcert/v4/cmd/vcert/result_writer.go:177.8,179.3 1 0
github.com/Venafi/vcert/v4/cmd/vcert/result_writer.go:185.24,186.49 1 0
github.com/Venafi/vcert/v4/cmd/vcert/result_writer.go:187.25,189.17 2 1
github.com/Venafi/vcert/v4/cmd/vcert/result_writer.go:192.10,193.72 1 0
github.com/Venafi/vcert/v4/cmd/vcert/result_writer.go:189.17,191.4 1 0
github.com/Venafi/vcert/v4/cmd/vcert/result_writer.go:195.16,197.3 1 0
github.com/Venafi/vcert/v4/cmd/vcert/result_writer.go:213.94,215.3 1 0
github.com/Venafi/vcert/v4/cmd/vcert/result_writer.go:222.25,224.3 1 1
github.com/Venafi/vcert/v4/cmd/vcert/result_writer.go:224.8,226.3 1 1
github.com/Venafi/vcert/v4/cmd/vcert/result_writer.go:230.16,232.3 1 0
github.com/Venafi/vcert/v4/cmd/vcert/result_writer.go:237.52,238.35 1 1
github.com/Venafi/vcert/v4/cmd/vcert/result_writer.go:239.14,241.17 2 1
github.com/Venafi/vcert/v4/cmd/vcert/result_writer.go:244.3,244.16 1 1
github.com/Venafi/vcert/v4/cmd/vcert/result_writer.go:246.10,248.24 2 1
github.com/Venafi/vcert/v4/cmd/vcert/result_writer.go:262.3,262.23 1 1
github.com/Venafi/vcert/v4/cmd/vcert/result_writer.go:265.3,265.26 1 1
github.com/Venafi/vcert/v4/cmd/vcert/result_writer.go:241.17,243.4 1 0
github.com/Venafi/vcert/v4/cmd/vcert/result_writer.go:249.41,252.23 3 0
github.com/Venafi/vcert/v4/cmd/vcert/result_writer.go:253.38,255.23 2 0
github.com/Venafi/vcert/v4/cmd/vcert/result_writer.go:256.11,260.36 4 1
github.com/Venafi/vcert/v4/cmd/vcert/result_writer.go:262.23,264.4 1 1
github.com/Venafi/vcert/v4/cmd/vcert/result_writer.go:270.42,271.48 1 0
github.com/Venafi/vcert/v4/cmd/vcert/result_writer.go:271.48,274.3 2 0
github.com/Venafi/vcert/v4/cmd/vcert/result_writer.go:274.8,276.3 1 0
github.com/Venafi/vcert/v4/cmd/vcert/result_writer.go:279.50,280.48 1 0
github.com/Venafi/vcert/v4/cmd/vcert/result_writer.go:280.48,283.3 2 0
github.com/Venafi/vcert/v4/cmd/vcert/result_writer.go:283.8,285.24 2 0
github.com/Venafi/vcert/v4/cmd/vcert/result_writer.go:288.3,288.11 1 0
github.com/Venafi/vcert/v4/cmd/vcert/result_writer.go:285.24,287.4 1 0
github.com/Venafi/vcert/v4/cmd/vcert/result_writer.go:292.32,296.18 3 1
github.com/Venafi/vcert/v4/cmd/vcert/result_writer.go:300.2,302.28 2 1
github.com/Venafi/vcert/v4/cmd/vcert/result_writer.go:370.2,370.83 1 1
github.com/Venafi/vcert/v4/cmd/vcert/result_writer.go:382.2,383.16 2 1
github.com/Venafi/vcert/v4/cmd/vcert/result_writer.go:386.2,389.27 3 1
github.com/Venafi/vcert/v4/cmd/vcert/result_writer.go:397.2,397.19 1 1
github.com/Venafi/vcert/v4/cmd/vcert/result_writer.go:296.18,298.3 1 0
github.com/Venafi/vcert/v4/cmd/vcert/result_writer.go:302.28,310.34 7 1
github.com/Venafi/vcert/v4/cmd/vcert/result_writer.go:326.3,327.31 2 1
github.com/Venafi/vcert/v4/cmd/vcert/result_writer.go:310.34,312.18 2 1
github.com/Venafi/vcert/v4/cmd/vcert/result_writer.go:312.18,314.5 1 0
github.com/Venafi/vcert/v4/cmd/vcert/result_writer.go:315.9,315.42 1 1
github.com/Venafi/vcert/v4/cmd/vcert/result_writer.go:315.42,317.18 2 1
github.com/Venafi/vcert/v4/cmd/vcert/result_writer.go:317.18,319.5 1 0
github.com/Venafi/vcert/v4/cmd/vcert/result_writer.go:320.9,322.18 2 1
github.com/Venafi/vcert/v4/cmd/vcert/result_writer.go:322.18,324.5 1 0
github.com/Venafi/vcert/v4/cmd/vcert/result_writer.go:328.8,330.57 1 1
github.com/Venafi/vcert/v4/cmd/vcert/result_writer.go:342.3,342.48 1 1
github.com/Venafi/vcert/v4/cmd/vcert/result_writer.go:351.3,351.55 1 1
github.com/Venafi/vcert/v4/cmd/vcert/result_writer.go:360.3,360.55 1 1
github.com/Venafi/vcert/v4/cmd/vcert/result_writer.go:330.57,333.32 3 0
github.com/Venafi/vcert/v4/cmd/vcert/result_writer.go:336.4,337.32 2 0
github.com/Venafi/vcert/v4/cmd/vcert/result_writer.go:333.32,335.5 1 0
github.com/Venafi/vcert/v4/cmd/vcert/result_writer.go:338.9,340.4 1 1
github.com/Venafi/vcert/v4/cmd/vcert/result_writer.go:342.48,347.4 4 1
github.com/Venafi/vcert/v4/cmd/vcert/result_writer.go:347.9,349.4 1 0
github.com/Venafi/vcert/v4/cmd/vcert/result_writer.go:351.55,356.4 4 1
github.com/Venafi/vcert/v4/cmd/vcert/result_writer.go:356.9,358.4 1 0
github.com/Venafi/vcert/v4/cmd/vcert/result_writer.go:360.55,365.4 4 0
github.com/Venafi/vcert/v4/cmd/vcert/result_writer.go:365.9,365.37 1 1
github.com/Venafi/vcert/v4/cmd/vcert/result_writer.go:365.37,367.4 1 1
github.com/Venafi/vcert/v4/cmd/vcert/result_writer.go:370.83,371.54 1 1
github.com/Venafi/vcert/v4/cmd/vcert/result_writer.go:371.54,376.4 4 0
github.com/Venafi/vcert/v4/cmd/vcert/result_writer.go:376.9,378.4 1 1
github.com/Venafi/vcert/v4/cmd/vcert/result_writer.go:383.16,385.3 1 0
github.com/Venafi/vcert/v4/cmd/vcert/result_writer.go:389.27,390.15 1 1
github.com/Venafi/vcert/v4/cmd/vcert/result_writer.go:390.15,391.25 1 0
github.com/Venafi/vcert/v4/cmd/vcert/result_writer.go:394.4,394.52 1 0
github.com/Venafi/vcert/v4/cmd/vcert/result_writer.go:391.25,393.5 1 0
github.com/Venafi/vcert/v4/cmd/vcert/result_writer.go:400.77,401.102 1 1
github.com/Venafi/vcert/v4/cmd/vcert/result_writer.go:414.2,414.8 1 1
github.com/Venafi/vcert/v4/cmd/vcert/result_writer.go:401.102,404.17 3 1
github.com/Venafi/vcert/v4/cmd/vcert/result_writer.go:407.3,407.48 1 1
github.com/Venafi/vcert/v4/cmd/vcert/result_writer.go:404.17,406.4 1 0
github.com/Venafi/vcert/v4/cmd/vcert/result_writer.go:409.8,410.28 1 0
github.com/Venafi/vcert/v4/cmd/vcert/result_writer.go:410.28,412.4 1 0
github.com/Venafi/vcert/v4/cmd/vcert/result_writer.go:417.41,419.16 2 0
github.com/Venafi/vcert/v4/cmd/vcert/result_writer.go:422.2,422.12 1 0
github.com/Venafi/vcert/v4/cmd/vcert/result_writer.go:419.16,421.3 1 0
github.com/Venafi/vcert/v4/cmd/vcert/slices.go:27.40,29.24 2 1
github.com/Venafi/vcert/v4/cmd/vcert/slices.go:32.2,32.12 1 1
github.com/Venafi/vcert/v4/cmd/vcert/slices.go:29.24,31.3 1 1
github.com/Venafi/vcert/v4/cmd/vcert/slices.go:35.48,38.2 2 1
github.com/Venafi/vcert/v4/cmd/vcert/slices.go:44.44,46.24 2 1
github.com/Venafi/vcert/v4/cmd/vcert/slices.go:49.2,49.12 1 1
github.com/Venafi/vcert/v4/cmd/vcert/slices.go:46.24,48.3 1 1
github.com/Venafi/vcert/v4/cmd/vcert/slices.go:52.52,53.30 1 1
github.com/Venafi/vcert/v4/cmd/vcert/slices.go:57.2,57.84 1 0
github.com/Venafi/vcert/v4/cmd/vcert/slices.go:53.30,56.3 2 1
github.com/Venafi/vcert/v4/cmd/vcert/slices.go:62.36,64.24 2 1
github.com/Venafi/vcert/v4/cmd/vcert/slices.go:67.2,67.12 1 1
github.com/Venafi/vcert/v4/cmd/vcert/slices.go:64.24,66.3 1 1
github.com/Venafi/vcert/v4/cmd/vcert/slices.go:70.44,72.17 2 1
github.com/Venafi/vcert/v4/cmd/vcert/slices.go:76.2,76.67 1 0
github.com/Venafi/vcert/v4/cmd/vcert/slices.go:72.17,75.3 2 1
github.com/Venafi/vcert/v4/cmd/vcert/slices.go:81.37,83.24 2 1
github.com/Venafi/vcert/v4/cmd/vcert/slices.go:86.2,86.12 1 1
github.com/Venafi/vcert/v4/cmd/vcert/slices.go:83.24,85.3 1 1
github.com/Venafi/vcert/v4/cmd/vcert/slices.go:89.45,91.17 2 1
github.com/Venafi/vcert/v4/cmd/vcert/slices.go:95.2,95.59 1 0
github.com/Venafi/vcert/v4/cmd/vcert/slices.go:91.17,94.3 2 1
github.com/Venafi/vcert/v4/cmd/vcert/utils.go:63.64,65.17 2 0
github.com/Venafi/vcert/v4/cmd/vcert/utils.go:69.2,71.8 3 0
github.com/Venafi/vcert/v4/cmd/vcert/utils.go:65.17,68.3 2 0
github.com/Venafi/vcert/v4/cmd/vcert/utils.go:75.94,76.19 1 1
github.com/Venafi/vcert/v4/cmd/vcert/utils.go:79.2,79.27 1 1
github.com/Venafi/vcert/v4/cmd/vcert/utils.go:82.2,82.25 1 1
github.com/Venafi/vcert/v4/cmd/vcert/utils.go:85.2,85.22 1 1
github.com/Venafi/vcert/v4/cmd/vcert/utils.go:88.2,88.20 1 1
github.com/Venafi/vcert/v4/cmd/vcert/utils.go:91.2,91.23 1 1
github.com/Venafi/vcert/v4/cmd/vcert/utils.go:94.2,94.18 1 1
github.com/Venafi/vcert/v4/cmd/vcert/utils.go:97.2,97.26 1 1
github.com/Venafi/vcert/v4/cmd/vcert/utils.go:100.2,100.25 1 1
github.com/Venafi/vcert/v4/cmd/vcert/utils.go:103.2,103.24 1 1
github.com/Venafi/vcert/v4/cmd/vcert/utils.go:106.2,106.27 1 1
github.com/Venafi/vcert/v4/cmd/vcert/utils.go:109.2,109.25 1 1
github.com/Venafi/vcert/v4/cmd/vcert/utils.go:112.2,112.25 1 1
github.com/Venafi/vcert/v4/cmd/vcert/utils.go:115.2,116.36 2 1
github.com/Venafi/vcert/v4/cmd/vcert/utils.go:124.2,124.26 1 1
github.com/Venafi/vcert/v4/cmd/vcert/utils.go:136.2,137.25 2 1
github.com/Venafi/vcert/v4/cmd/vcert/utils.go:140.2,142.14 2 1
github.com/Venafi/vcert/v4/cmd/vcert/utils.go:185.2,185.24 1 1
github.com/Venafi/vcert/v4/cmd/vcert/utils.go:214.2,214.12 1 1
github.com/Venafi/vcert/v4/cmd/vcert/utils.go:76.19,78.3 1 1
github.com/Venafi/vcert/v4/cmd/vcert/utils.go:79.27,81.3 1 1
github.com/Venafi/vcert/v4/cmd/vcert/utils.go:82.25,84.3 1 1
github.com/Venafi/vcert/v4/cmd/vcert/utils.go:85.22,87.3 1 1
github.com/Venafi/vcert/v4/cmd/vcert/utils.go:88.20,90.3 1 1
github.com/Venafi/vcert/v4/cmd/vcert/utils.go:91.23,93.3 1 1
github.com/Venafi/vcert/v4/cmd/vcert/utils.go:94.18,96.3 1 1
github.com/Venafi/vcert/v4/cmd/vcert/utils.go:97.26,99.3 1 1
github.com/Venafi/vcert/v4/cmd/vcert/utils.go:100.25,102.3 1 1
github.com/Venafi/vcert/v4/cmd/vcert/utils.go:103.24,105.3 1 1
github.com/Venafi/vcert/v4/cmd/vcert/utils.go:106.27,108.3 1 1
github.com/Venafi/vcert/v4/cmd/vcert/utils.go:109.25,111.3 1 1
github.com/Venafi/vcert/v4/cmd/vcert/utils.go:112.25,114.3 1 1
github.com/Venafi/vcert/v4/cmd/vcert/utils.go:116.36,118.17 2 0
github.com/Venafi/vcert/v4/cmd/vcert/utils.go:121.3,121.90 1 0
github.com/Venafi/vcert/v4/cmd/vcert/utils.go:118.17,120.4 1 0
github.com/Venafi/vcert/v4/cmd/vcert/utils.go:124.26,128.24 4 0
github.com/Venafi/vcert/v4/cmd/vcert/utils.go:132.3,133.44 2 0
github.com/Venafi/vcert/v4/cmd/vcert/utils.go:128.24,130.4 1 0
github.com/Venafi/vcert/v4/cmd/vcert/utils.go:137.25,139.3 1 0
github.com/Venafi/vcert/v4/cmd/vcert/utils.go:143.49,147.17 4 1
github.com/Venafi/vcert/v4/cmd/vcert/utils.go:150.3,151.17 2 1
github.com/Venafi/vcert/v4/cmd/vcert/utils.go:154.3,154.46 1 1
github.com/Venafi/vcert/v4/cmd/vcert/utils.go:156.33,157.24 1 1
github.com/Venafi/vcert/v4/cmd/vcert/utils.go:160.3,160.21 1 1
github.com/Venafi/vcert/v4/cmd/vcert/utils.go:165.3,165.53 1 1
github.com/Venafi/vcert/v4/cmd/vcert/utils.go:168.3,168.50 1 1
github.com/Venafi/vcert/v4/cmd/vcert/utils.go:170.10,171.24 1 1
github.com/Venafi/vcert/v4/cmd/vcert/utils.go:174.3,174.21 1 1
github.com/Venafi/vcert/v4/cmd/vcert/utils.go:179.3,179.53 1 1
github.com/Venafi/vcert/v4/cmd/vcert/utils.go:182.3,182.48 1 1
github.com/Venafi/vcert/v4/cmd/vcert/utils.go:147.17,149.4 1 0
github.com/Venafi/vcert/v4/cmd/vcert/utils.go:151.17,153.4 1 0
github.com/Venafi/vcert/v4/cmd/vcert/utils.go:157.24,159.4 1 0
github.com/Venafi/vcert/v4/cmd/vcert/utils.go:160.21,162.4 1 0
github.com/Venafi/vcert/v4/cmd/vcert/utils.go:162.9,162.32 1 1
github.com/Venafi/vcert/v4/cmd/vcert/utils.go:162.32,164.4 1 1
github.com/Venafi/vcert/v4/cmd/vcert/utils.go:165.53,167.4 1 0
github.com/Venafi/vcert/v4/cmd/vcert/utils.go:171.24,173.4 1 1
github.com/Venafi/vcert/v4/cmd/vcert/utils.go:174.21,176.4 1 0
github.com/Venafi/vcert/v4/cmd/vcert/utils.go:176.9,176.32 1 1
github.com/Venafi/vcert/v4/cmd/vcert/utils.go:176.32,178.4 1 1
github.com/Venafi/vcert/v4/cmd/vcert/utils.go:179.53,181.4 1 1
github.com/Venafi/vcert/v4/cmd/vcert/utils.go:185.24,195.20 7 1
github.com/Venafi/vcert/v4/cmd/vcert/utils.go:211.3,211.30 1 1
github.com/Venafi/vcert/v4/cmd/vcert/utils.go:195.20,199.18 2 1
github.com/Venafi/vcert/v4/cmd/vcert/utils.go:201.13,202.42 1 1
github.com/Venafi/vcert/v4/cmd/vcert/utils.go:203.13,204.41 1 1
github.com/Venafi/vcert/v4/cmd/vcert/utils.go:205.13,206.40 1 1
github.com/Venafi/vcert/v4/cmd/vcert/utils.go:217.105,225.2 5 0
github.com/Venafi/vcert/v4/cmd/vcert/utils.go:227.59,230.16 3 0
github.com/Venafi/vcert/v4/cmd/vcert/utils.go:235.2,239.13 5 0
github.com/Venafi/vcert/v4/cmd/vcert/utils.go:244.2,246.6 3 0
github.com/Venafi/vcert/v4/cmd/vcert/utils.go:257.2,257.18 1 0
github.com/Venafi/vcert/v4/cmd/vcert/utils.go:266.2,266.57 1 0
github.com/Venafi/vcert/v4/cmd/vcert/utils.go:230.16,232.3 1 0
github.com/Venafi/vcert/v4/cmd/vcert/utils.go:239.13,241.3 1 0
github.com/Venafi/vcert/v4/cmd/vcert/utils.go:246.6,248.50 2 0
github.com/Venafi/vcert/v4/cmd/vcert/utils.go:251.3,251.37 1 0
github.com/Venafi/vcert/v4/cmd/vcert/utils.go:254.3,254.15 1 0
github.com/Venafi/vcert/v4/cmd/vcert/utils.go:248.50,249.9 1 0
github.com/Venafi/vcert/v4/cmd/vcert/utils.go:251.37,252.9 1 0
github.com/Venafi/vcert/v4/cmd/vcert/utils.go:257.18,259.17 2 0
github.com/Venafi/vcert/v4/cmd/vcert/utils.go:262.3,263.57 2 0
github.com/Venafi/vcert/v4/cmd/vcert/utils.go:259.17,261.4 1 0
github.com/Venafi/vcert/v4/cmd/vcert/utils.go:269.55,271.16 2 1
github.com/Venafi/vcert/v4/cmd/vcert/utils.go:274.2,274.6 1 1
github.com/Venafi/vcert/v4/cmd/vcert/utils.go:271.16,273.3 1 0
github.com/Venafi/vcert/v4/cmd/vcert/utils.go:274.6,276.75 2 1
github.com/Venafi/vcert/v4/cmd/vcert/utils.go:279.3,279.37 1 0
github.com/Venafi/vcert/v4/cmd/vcert/utils.go:282.3,282.15 1 0
github.com/Venafi/vcert/v4/cmd/vcert/utils.go:276.75,278.4 1 1
github.com/Venafi/vcert/v4/cmd/vcert/utils.go:279.37,281.4 1 0
github.com/Venafi/vcert/v4/cmd/vcert/utils.go:286.158,288.6 2 0
github.com/Venafi/vcert/v4/cmd/vcert/utils.go:288.6,290.17 2 0
github.com/Venafi/vcert/v4/cmd/vcert/utils.go:290.17,292.25 2 0
github.com/Venafi/vcert/v4/cmd/vcert/utils.go:292.25,293.49 1 0
github.com/Venafi/vcert/v4/cmd/vcert/utils.go:296.5,296.20 1 0
github.com/Venafi/vcert/v4/cmd/vcert/utils.go:293.49,295.6 1 0
github.com/Venafi/vcert/v4/cmd/vcert/utils.go:296.20,299.6 2 0
github.com/Venafi/vcert/v4/cmd/vcert/utils.go:300.10,302.5 1 0
github.com/Venafi/vcert/v4/cmd/vcert/utils.go:303.9,303.33 1 0
github.com/Venafi/vcert/v4/cmd/vcert/utils.go:303.33,305.4 1 0
github.com/Venafi/vcert/v4/cmd/vcert/utils.go:305.9,307.4 1 0
github.com/Venafi/vcert/v4/cmd/vcert/utils.go:313.161,316.16 3 0
github.com/Venafi/vcert/v4/cmd/vcert/utils.go:319.2,319.25 1 0
github.com/Venafi/vcert/v4/cmd/vcert/utils.go:322.2,322.26 1 0
github.com/Venafi/vcert/v4/cmd/vcert/utils.go:316.16,318.3 1 0
github.com/Venafi/vcert/v4/cmd/vcert/utils.go:319.25,321.3 1 0
github.com/Venafi/vcert/v4/cmd/vcert/utils.go:325.47,327.20 2 1
github.com/Venafi/vcert/v4/cmd/vcert/utils.go:337.2,337.15 1 1
github.com/Venafi/vcert/v4/cmd/vcert/utils.go:327.20,330.17 3 1
github.com/Venafi/vcert/v4/cmd/vcert/utils.go:330.17,332.4 1 0
github.com/Venafi/vcert/v4/cmd/vcert/utils.go:333.8,335.3 1 0
github.com/Venafi/vcert/v4/cmd/vcert/utils.go:340.55,341.32 1 1
github.com/Venafi/vcert/v4/cmd/vcert/utils.go:344.2,344.26 1 1
github.com/Venafi/vcert/v4/cmd/vcert/utils.go:349.2,349.13 1 1
github.com/Venafi/vcert/v4/cmd/vcert/utils.go:341.32,343.3 1 0
github.com/Venafi/vcert/v4/cmd/vcert/utils.go:344.26,345.33 1 1
github.com/Venafi/vcert/v4/cmd/vcert/utils.go:345.33,347.4 1 1
github.com/Venafi/vcert/v4/cmd/vcert/utils.go:352.42,355.2 2 1
github.com/Venafi/vcert/v4/cmd/vcert/utils.go:357.50,362.17 3 1
github.com/Venafi/vcert/v4/cmd/vcert/utils.go:362.17,366.3 1 1
github.com/Venafi/vcert/v4/cmd/vcert/utils.go:366.8,370.3 1 1
github.com/Venafi/vcert/v4/cmd/vcert/utils.go:374.75,378.16 2 0
github.com/Venafi/vcert/v4/cmd/vcert/utils.go:382.2,382.12 1 0
github.com/Venafi/vcert/v4/cmd/vcert/utils.go:378.16,380.3 1 0
github.com/Venafi/vcert/v4/cmd/vcert/utils.go:385.83,389.16 2 0
github.com/Venafi/vcert/v4/cmd/vcert/utils.go:393.2,393.43 1 0
github.com/Venafi/vcert/v4/cmd/vcert/utils.go:402.2,402.23 1 0
github.com/Venafi/vcert/v4/cmd/vcert/utils.go:412.2,414.16 3 0
github.com/Venafi/vcert/v4/cmd/vcert/utils.go:417.2,419.12 2 0
github.com/Venafi/vcert/v4/cmd/vcert/utils.go:389.16,391.3 1 0
github.com/Venafi/vcert/v4/cmd/vcert/utils.go:393.43,395.17 2 0
github.com/Venafi/vcert/v4/cmd/vcert/utils.go:398.3,398.62 1 0
github.com/Venafi/vcert/v4/cmd/vcert/utils.go:395.17,397.4 1 0
github.com/Venafi/vcert/v4/cmd/vcert/utils.go:402.23,405.17 3 0
github.com/Venafi/vcert/v4/cmd/vcert/utils.go:408.3,408.65 1 0
github.com/Venafi/vcert/v4/cmd/vcert/utils.go:405.17,407.4 1 0
github.com/Venafi/vcert/v4/cmd/vcert/utils.go:414.16,416.3 1 0
github.com/Venafi/vcert/v4/cmd/vcert/utils.go:423.48,425.16 2 0
github.com/Venafi/vcert/v4/cmd/vcert/utils.go:425.16,426.23 1 0
github.com/Venafi/vcert/v4/cmd/vcert/utils.go:426.23,427.15 1 0
github.com/Venafi/vcert/v4/cmd/vcert/utils.go:427.15,431.5 2 0
github.com/Venafi/vcert/v4/cmd/vcert/utils.go:431.10,433.5 1 0
github.com/Venafi/vcert/v4/cmd/vcert/utils.go:435.8,437.3 1 0
github.com/Venafi/vcert/v4/cmd/vcert/utils.go:440.34,442.16 2 0
github.com/Venafi/vcert/v4/cmd/vcert/utils.go:442.16,443.23 1 0
github.com/Venafi/vcert/v4/cmd/vcert/utils.go:443.23,445.4 1 0
github.com/Venafi/vcert/v4/cmd/vcert/utils.go:446.8,448.3 1 0
github.com/Venafi/vcert/v4/cmd/vcert/utils.go:452.51,454.30 2 0
github.com/Venafi/vcert/v4/cmd/vcert/utils.go:454.30,456.3 1 0
github.com/Venafi/vcert/v4/cmd/vcert/utils.go:456.8,457.15 1 0
github.com/Venafi/vcert/v4/cmd/vcert/utils.go:460.3,460.18 1 0
github.com/Venafi/vcert/v4/cmd/vcert/utils.go:457.15,459.4 1 0
github.com/Venafi/vcert/v4/cmd/vcert/utils.go:460.18,463.27 3 0
github.com/Venafi/vcert/v4/cmd/vcert/utils.go:469.4,469.51 1 0
github.com/Venafi/vcert/v4/cmd/vcert/utils.go:463.27,465.19 2 0
github.com/Venafi/vcert/v4/cmd/vcert/utils.go:465.19,467.6 1 0
github.com/Venafi/vcert/v4/cmd/vcert/utils.go:474.63,489.2 13 0
github.com/Venafi/vcert/v4/cmd/vcert/utils.go:491.28,495.17 2 0
github.com/Venafi/vcert/v4/cmd/vcert/utils.go:502.2,502.14 1 0
github.com/Venafi/vcert/v4/cmd/vcert/utils.go:495.17,497.55 1 0
github.com/Venafi/vcert/v4/cmd/vcert/utils.go:497.55,499.4 1 0
github.com/Venafi/vcert/v4/cmd/vcert/utils.go:505.32,508.2 2 0
github.com/Venafi/vcert/v4/cmd/vcert/utils.go:510.57,513.17 2 0
github.com/Venafi/vcert/v4/cmd/vcert/utils.go:532.2,532.8 1 0
github.com/Venafi/vcert/v4/cmd/vcert/utils.go:513.17,515.21 2 0
github.com/Venafi/vcert/v4/cmd/vcert/utils.go:515.21,521.18 4 0
github.com/Venafi/vcert/v4/cmd/vcert/utils.go:525.4,525.33 1 0
github.com/Venafi/vcert/v4/cmd/vcert/utils.go:521.18,523.5 1 0
github.com/Venafi/vcert/v4/cmd/vcert/utils.go:527.9,530.4 2 0
github.com/Venafi/vcert/v4/cmd/vcert/utils.go:535.55,537.16 2 0
github.com/Venafi/vcert/v4/cmd/vcert/utils.go:540.2,543.35 3 0
github.com/Venafi/vcert/v4/cmd/vcert/utils.go:547.2,548.37 2 0
github.com/Venafi/vcert/v4/cmd/vcert/utils.go:551.2,552.38 2 0
github.com/Venafi/vcert/v4/cmd/vcert/utils.go:556.2,556.27 1 0
github.com/Venafi/vcert/v4/cmd/vcert/utils.go:537.16,539.3 1 0
github.com/Venafi/vcert/v4/cmd/vcert/utils.go:543.35,545.3 1 0
github.com/Venafi/vcert/v4/cmd/vcert/utils.go:548.37,550.3 1 0
github.com/Venafi/vcert/v4/cmd/vcert/utils.go:552.38,554.3 1 0
github.com/Venafi/vcert/v4/cmd/vcert/utils.go:559.57,561.16 2 0
github.com/Venafi/vcert/v4/cmd/vcert/utils.go:564.2,565.22 2 0
github.com/Venafi/vcert/v4/cmd/vcert/utils.go:561.16,563.3 1 0
github.com/Venafi/vcert/v4/cmd/vcert/utils.go:568.37,569.27 1 0
github.com/Venafi/vcert/v4/cmd/vcert/utils.go:572.2,572.10 1 0
github.com/Venafi/vcert/v4/cmd/vcert/utils.go:569.27,571.3 1 0
github.com/Venafi/vcert/v4/cmd/vcert/utils.go:575.57,577.38 2 1
github.com/Venafi/vcert/v4/cmd/vcert/utils.go:594.2,594.30 1 1
github.com/Venafi/vcert/v4/cmd/vcert/utils.go:577.38,584.17 3 1
github.com/Venafi/vcert/v4/cmd/vcert/utils.go:584.17,586.72 2 1
github.com/Venafi/vcert/v4/cmd/vcert/utils.go:586.72,591.5 2 0
github.com/Venafi/vcert/v4/cmd/vcert/utils.go:597.46,599.38 1 0
github.com/Venafi/vcert/v4/cmd/vcert/utils.go:615.2,615.14 1 0
github.com/Venafi/vcert/v4/cmd/vcert/utils.go:599.38,608.17 3 0
github.com/Venafi/vcert/v4/cmd/vcert/utils.go:608.17,610.70 2 0
github.com/Venafi/vcert/v4/cmd/vcert/utils.go:610.70,612.5 1 0
github.com/Venafi/vcert/v4/cmd/vcert/utils.go:618.30,621.19 3 0
github.com/Venafi/vcert/v4/cmd/vcert/utils.go:625.2,625.18 1 0
github.com/Venafi/vcert/v4/cmd/vcert/utils.go:621.19,624.3 1 0
github.com/Venafi/vcert/v4/cmd/vcert/validators.go:44.41,45.57 1 1
github.com/Venafi/vcert/v4/cmd/vcert/validators.go:53.2,53.51 1 1
github.com/Venafi/vcert/v4/cmd/vcert/validators.go:61.2,62.50 2 1
github.com/Venafi/vcert/v4/cmd/vcert/validators.go:70.2,70.72 1 1
github.com/Venafi/vcert/v4/cmd/vcert/validators.go:73.2,73.12 1 1
github.com/Venafi/vcert/v4/cmd/vcert/validators.go:45.57,48.17 3 0
github.com/Venafi/vcert/v4/cmd/vcert/validators.go:51.3,51.61 1 0
github.com/Venafi/vcert/v4/cmd/vcert/validators.go:48.17,50.4 1 0
github.com/Venafi/vcert/v4/cmd/vcert/validators.go:53.51,56.17 3 0
github.com/Venafi/vcert/v4/cmd/vcert/validators.go:59.3,59.55 1 0
github.com/Venafi/vcert/v4/cmd/vcert/validators.go:56.17,58.4 1 0
github.com/Venafi/vcert/v4/cmd/vcert/validators.go:62.50,65.17 3 0
github.com/Venafi/vcert/v4/cmd/vcert/validators.go:65.17,67.4 1 0
github.com/Venafi/vcert/v4/cmd/vcert/validators.go:70.72,72.3 1 0
github.com/Venafi/vcert/v4/cmd/vcert/validators.go:76.52,77.166 1 1
github.com/Venafi/vcert/v4/cmd/vcert/validators.go:80.2,80.96 1 1
github.com/Venafi/vcert/v4/cmd/vcert/validators.go:84.2,85.50 2 1
github.com/Venafi/vcert/v4/cmd/vcert/validators.go:89.2,91.114 2 1
github.com/Venafi/vcert/v4/cmd/vcert/validators.go:95.2,95.29 1 1
github.com/Venafi/vcert/v4/cmd/vcert/validators.go:107.2,107.47 1 1
github.com/Venafi/vcert/v4/cmd/vcert/validators.go:119.2,119.12 1 1
github.com/Venafi/vcert/v4/cmd/vcert/validators.go:77.166,79.3 1 0
github.com/Venafi/vcert/v4/cmd/vcert/validators.go:80.96,82.3 1 1
github.com/Venafi/vcert/v4/cmd/vcert/validators.go:85.50,87.3 1 0
github.com/Venafi/vcert/v4/cmd/vcert/validators.go:91.114,93.3 1 1
github.com/Venafi/vcert/v4/cmd/vcert/validators.go:96.13,98.22 2 1
github.com/Venafi/vcert/v4/cmd/vcert/validators.go:99.15,101.22 2 0
github.com/Venafi/vcert/v4/cmd/vcert/validators.go:102.10,102.10 0 1
github.com/Venafi/vcert/v4/cmd/vcert/validators.go:103.10,104.65 1 0
github.com/Venafi/vcert/v4/cmd/vcert/validators.go:108.14,109.49 1 0
github.com/Venafi/vcert/v4/cmd/vcert/validators.go:110.14,111.49 1 0
github.com/Venafi/vcert/v4/cmd/vcert/validators.go:112.14,113.49 1 1
github.com/Venafi/vcert/v4/cmd/vcert/validators.go:114.10,114.10 0 1
github.com/Venafi/vcert/v4/cmd/vcert/validators.go:115.10,116.69 1 0
github.com/Venafi/vcert/v4/cmd/vcert/validators.go:122.56,123.24 1 1
github.com/Venafi/vcert/v4/cmd/vcert/validators.go:165.2,165.12 1 1
github.com/Venafi/vcert/v4/cmd/vcert/validators.go:123.24,129.19 1 1
github.com/Venafi/vcert/v4/cmd/vcert/validators.go:129.19,131.4 1 1
github.com/Venafi/vcert/v4/cmd/vcert/validators.go:132.8,133.26 1 1
github.com/Venafi/vcert/v4/cmd/vcert/validators.go:137.3,138.21 2 1
github.com/Venafi/vcert/v4/cmd/vcert/validators.go:142.3,142.21 1 1
github.com/Venafi/vcert/v4/cmd/vcert/validators.go:145.3,145.44 1 1
github.com/Venafi/vcert/v4/cmd/vcert/validators.go:133.26,135.4 1 0
github.com/Venafi/vcert/v4/cmd/vcert/validators.go:138.21,140.4 1 1
github.com/Venafi/vcert/v4/cmd/vcert/validators.go:142.21,144.4 1 0
github.com/Venafi/vcert/v4/cmd/vcert/validators.go:145.44,147.108 1 1
github.com/Venafi/vcert/v4/cmd/vcert/validators.go:147.108,149.5 1 1
github.com/Venafi/vcert/v4/cmd/vcert/validators.go:150.9,152.69 1 1
github.com/Venafi/vcert/v4/cmd/vcert/validators.go:155.4,155.67 1 1
github.com/Venafi/vcert/v4/cmd/vcert/validators.go:160.4,160.56 1 1
github.com/Venafi/vcert/v4/cmd/vcert/validators.go:152.69,154.5 1 0
github.com/Venafi/vcert/v4/cmd/vcert/validators.go:155.67,157.5 1 1
github.com/Venafi/vcert/v4/cmd/vcert/validators.go:160.56,162.5 1 0
github.com/Venafi/vcert/v4/cmd/vcert/validators.go:168.52,169.30 1 1
github.com/Venafi/vcert/v4/cmd/vcert/validators.go:189.2,189.12 1 1
github.com/Venafi/vcert/v4/cmd/vcert/validators.go:169.30,170.39 1 0
github.com/Venafi/vcert/v4/cmd/vcert/validators.go:179.3,179.75 1 0
github.com/Venafi/vcert/v4/cmd/vcert/validators.go:182.3,182.50 1 0
github.com/Venafi/vcert/v4/cmd/vcert/validators.go:185.3,185.78 1 0
github.com/Venafi/vcert/v4/cmd/vcert/validators.go:170.39,171.56 1 0
github.com/Venafi/vcert/v4/cmd/vcert/validators.go:171.56,173.5 1 0
github.com/Venafi/vcert/v4/cmd/vcert/validators.go:174.9,175.24 1 0
github.com/Venafi/vcert/v4/cmd/vcert/validators.go:175.24,177.5 1 0
github.com/Venafi/vcert/v4/cmd/vcert/validators.go:179.75,181.4 1 0
github.com/Venafi/vcert/v4/cmd/vcert/validators.go:182.50,184.4 1 0
github.com/Venafi/vcert/v4/cmd/vcert/validators.go:185.78,187.4 1 0
github.com/Venafi/vcert/v4/cmd/vcert/validators.go:192.49,193.31 1 1
github.com/Venafi/vcert/v4/cmd/vcert/validators.go:236.2,236.12 1 1
github.com/Venafi/vcert/v4/cmd/vcert/validators.go:193.31,195.39 1 0
github.com/Venafi/vcert/v4/cmd/vcert/validators.go:204.3,204.75 1 0
github.com/Venafi/vcert/v4/cmd/vcert/validators.go:207.3,207.50 1 0
github.com/Venafi/vcert/v4/cmd/vcert/validators.go:210.3,210.78 1 0
github.com/Venafi/vcert/v4/cmd/vcert/validators.go:214.3,214.30 1 0
github.com/Venafi/vcert/v4/cmd/vcert/validators.go:222.3,222.27 1 0
github.com/Venafi/vcert/v4/cmd/vcert/validators.go:195.39,196.56 1 0
github.com/Venafi/vcert/v4/cmd/vcert/validators.go:196.56,198.5 1 0
github.com/Venafi/vcert/v4/cmd/vcert/validators.go:199.9,200.24 1 0
github.com/Venafi/vcert/v4/cmd/vcert/validators.go:200.24,202.5 1 0
github.com/Venafi/vcert/v4/cmd/vcert/validators.go:204.75,206.4 1 0
github.com/Venafi/vcert/v4/cmd/vcert/validators.go:207.50,209.4 1 0
github.com/Venafi/vcert/v4/cmd/vcert/validators.go:210.78,212.4 1 0
github.com/Venafi/vcert/v4/cmd/vcert/validators.go:214.30,216.4 1 0
github.com/Venafi/vcert/v4/cmd/vcert/validators.go:216.9,217.154 1 0
github.com/Venafi/vcert/v4/cmd/vcert/validators.go:217.154,219.5 1 0
github.com/Venafi/vcert/v4/cmd/vcert/validators.go:222.27,224.4 1 0
github.com/Venafi/vcert/v4/cmd/vcert/validators.go:225.8,227.30 1 1
github.com/Venafi/vcert/v4/cmd/vcert/validators.go:231.3,231.27 1 1
github.com/Venafi/vcert/v4/cmd/vcert/validators.go:227.30,229.4 1 0
github.com/Venafi/vcert/v4/cmd/vcert/validators.go:231.27,233.4 1 0
github.com/Venafi/vcert/v4/cmd/vcert/validators.go:239.52,241.16 2 1
github.com/Venafi/vcert/v4/cmd/vcert/validators.go:244.2,245.16 2 1
github.com/Venafi/vcert/v4/cmd/vcert/validators.go:249.2,250.16 2 1
github.com/Venafi/vcert/v4/cmd/vcert/validators.go:253.2,253.50 1 1
github.com/Venafi/vcert/v4/cmd/vcert/validators.go:263.2,263.60 1 1
github.com/Venafi/vcert/v4/cmd/vcert/validators.go:267.2,268.18 2 1
github.com/Venafi/vcert/v4/cmd/vcert/validators.go:272.2,272.43 1 1
github.com/Venafi/vcert/v4/cmd/vcert/validators.go:323.2,323.54 1 1
github.com/Venafi/vcert/v4/cmd/vcert/validators.go:327.2,328.16 2 1
github.com/Venafi/vcert/v4/cmd/vcert/validators.go:332.2,333.16 2 1
github.com/Venafi/vcert/v4/cmd/vcert/validators.go:337.2,337.52 1 1
github.com/Venafi/vcert/v4/cmd/vcert/validators.go:341.2,341.52 1 1
github.com/Venafi/vcert/v4/cmd/vcert/validators.go:345.2,345.70 1 1
github.com/Venafi/vcert/v4/cmd/vcert/validators.go:349.2,349.12 1 1
github.com/Venafi/vcert/v4/cmd/vcert/validators.go:241.16,243.3 1 1
github.com/Venafi/vcert/v4/cmd/vcert/validators.go:245.16,247.3 1 1
github.com/Venafi/vcert/v4/cmd/vcert/validators.go:250.16,252.3 1 0
github.com/Venafi/vcert/v4/cmd/vcert/validators.go:253.50,254.29 1 0
github.com/Venafi/vcert/v4/cmd/vcert/validators.go:254.29,256.4 1 0
github.com/Venafi/vcert/v4/cmd/vcert/validators.go:257.8,258.29 1 1
github.com/Venafi/vcert/v4/cmd/vcert/validators.go:258.29,260.4 1 0
github.com/Venafi/vcert/v4/cmd/vcert/validators.go:263.60,265.3 1 0
github.com/Venafi/vcert/v4/cmd/vcert/validators.go:268.18,270.3 1 1
github.com/Venafi/vcert/v4/cmd/vcert/validators.go:272.43,275.21 2 1
github.com/Venafi/vcert/v4/cmd/vcert/validators.go:279.3,280.17 2 1
github.com/Venafi/vcert/v4/cmd/vcert/validators.go:284.3,284.44 1 1
github.com/Venafi/vcert/v4/cmd/vcert/validators.go:311.3,311.28 1 1
github.com/Venafi/vcert/v4/cmd/vcert/validators.go:275.21,277.4 1 1
github.com/Venafi/vcert/v4/cmd/vcert/validators.go:280.17,282.4 1 1
github.com/Venafi/vcert/v4/cmd/vcert/validators.go:284.44,286.20 1 1
github.com/Venafi/vcert/v4/cmd/vcert/validators.go:289.4,289.18 1 1
github.com/Venafi/vcert/v4/cmd/vcert/validators.go:286.20,288.5 1 0
github.com/Venafi/vcert/v4/cmd/vcert/validators.go:289.18,291.5 1 0
github.com/Venafi/vcert/v4/cmd/vcert/validators.go:292.9,294.45 1 1
github.com/Venafi/vcert/v4/cmd/vcert/validators.go:297.4,297.67 1 1
github.com/Venafi/vcert/v4/cmd/vcert/validators.go:301.4,301.18 1 1
github.com/Venafi/vcert/v4/cmd/vcert/validators.go:306.4,306.56 1 1
github.com/Venafi/vcert/v4/cmd/vcert/validators.go:294.45,296.5 1 0
github.com/Venafi/vcert/v4/cmd/vcert/validators.go:297.67,299.5 1 0
github.com/Venafi/vcert/v4/cmd/vcert/validators.go:301.18,303.5 1 1
github.com/Venafi/vcert/v4/cmd/vcert/validators.go:306.56,308.5 1 0
github.com/Venafi/vcert/v4/cmd/vcert/validators.go:311.28,315.14 2 0
github.com/Venafi/vcert/v4/cmd/vcert/validators.go:315.14,317.5 1 0
github.com/Venafi/vcert/v4/cmd/vcert/validators.go:323.54,325.3 1 0
github.com/Venafi/vcert/v4/cmd/vcert/validators.go:328.16,330.3 1 0
github.com/Venafi/vcert/v4/cmd/vcert/validators.go:333.16,335.3 1 0
github.com/Venafi/vcert/v4/cmd/vcert/validators.go:337.52,339.3 1 1
github.com/Venafi/vcert/v4/cmd/vcert/validators.go:341.52,343.3 1 0
github.com/Venafi/vcert/v4/cmd/vcert/validators.go:345.70,347.3 1 0
github.com/Venafi/vcert/v4/cmd/vcert/validators.go:352.44,353.20 1 1
github.com/Venafi/vcert/v4/cmd/vcert/validators.go:357.2,357.27 1 1
github.com/Venafi/vcert/v4/cmd/vcert/validators.go:367.2,367.13 1 0
github.com/Venafi/vcert/v4/cmd/vcert/validators.go:353.20,355.3 1 0
github.com/Venafi/vcert/v4/cmd/vcert/validators.go:357.27,365.3 3 1
github.com/Venafi/vcert/v4/cmd/vcert/validators.go:370.55,374.21 3 1
github.com/Venafi/vcert/v4/cmd/vcert/validators.go:378.2,378.24 1 1
github.com/Venafi/vcert/v4/cmd/vcert/validators.go:418.2,419.16 2 1
github.com/Venafi/vcert/v4/cmd/vcert/validators.go:422.2,423.16 2 1
github.com/Venafi/vcert/v4/cmd/vcert/validators.go:427.2,427.12 1 1
github.com/Venafi/vcert/v4/cmd/vcert/validators.go:374.21,376.3 1 0
github.com/Venafi/vcert/v4/cmd/vcert/validators.go:378.24,384.19 1 0
github.com/Venafi/vcert/v4/cmd/vcert/validators.go:384.19,386.4 1 0
github.com/Venafi/vcert/v4/cmd/vcert/validators.go:387.8,388.26 1 1
github.com/Venafi/vcert/v4/cmd/vcert/validators.go:391.3,391.21 1 1
github.com/Venafi/vcert/v4/cmd/vcert/validators.go:394.3,394.40 1 1
github.com/Venafi/vcert/v4/cmd/vcert/validators.go:404.3,404.68 1 1
github.com/Venafi/vcert/v4/cmd/vcert/validators.go:408.3,408.67 1 1
github.com/Venafi/vcert/v4/cmd/vcert/validators.go:413.3,413.55 1 1
github.com/Venafi/vcert/v4/cmd/vcert/validators.go:388.26,390.4 1 0
github.com/Venafi/vcert/v4/cmd/vcert/validators.go:391.21,393.4 1 0
github.com/Venafi/vcert/v4/cmd/vcert/validators.go:394.40,395.71 1 1
github.com/Venafi/vcert/v4/cmd/vcert/validators.go:395.71,397.5 1 0
github.com/Venafi/vcert/v4/cmd/vcert/validators.go:398.9,399.23 1 0
github.com/Venafi/vcert/v4/cmd/vcert/validators.go:399.23,401.5 1 0
github.com/Venafi/vcert/v4/cmd/vcert/validators.go:404.68,406.4 1 1
github.com/Venafi/vcert/v4/cmd/vcert/validators.go:408.67,410.4 1 0
github.com/Venafi/vcert/v4/cmd/vcert/validators.go:413.55,415.4 1 0
github.com/Venafi/vcert/v4/cmd/vcert/validators.go:419.16,421.3 1 0
github.com/Venafi/vcert/v4/cmd/vcert/validators.go:423.16,425.3 1 0
github.com/Venafi/vcert/v4/cmd/vcert/validators.go:430.55,432.16 2 0
github.com/Venafi/vcert/v4/cmd/vcert/validators.go:435.2,436.16 2 0
github.com/Venafi/vcert/v4/cmd/vcert/validators.go:440.2,440.55 1 0
github.com/Venafi/vcert/v4/cmd/vcert/validators.go:444.2,444.12 1 0
github.com/Venafi/vcert/v4/cmd/vcert/validators.go:432.16,434.3 1 0
github.com/Venafi/vcert/v4/cmd/vcert/validators.go:436.16,438.3 1 0
github.com/Venafi/vcert/v4/cmd/vcert/validators.go:440.55,442.3 1 0
github.com/Venafi/vcert/v4/cmd/vcert/validators.go:447.52,450.16 2 0
github.com/Venafi/vcert/v4/cmd/vcert/validators.go:453.2,454.16 2 0
github.com/Venafi/vcert/v4/cmd/vcert/validators.go:457.2,458.16 2 0
github.com/Venafi/vcert/v4/cmd/vcert/validators.go:462.2,462.61 1 0
github.com/Venafi/vcert/v4/cmd/vcert/validators.go:465.2,465.61 1 0
github.com/Venafi/vcert/v4/cmd/vcert/validators.go:468.2,468.60 1 0
github.com/Venafi/vcert/v4/cmd/vcert/validators.go:472.2,472.34 1 0
github.com/Venafi/vcert/v4/cmd/vcert/validators.go:490.2,490.49 1 0
github.com/Venafi/vcert/v4/cmd/vcert/validators.go:505.2,505.57 1 0
github.com/Venafi/vcert/v4/cmd/vcert/validators.go:517.2,518.16 2 0
github.com/Venafi/vcert/v4/cmd/vcert/validators.go:522.2,523.16 2 0
github.com/Venafi/vcert/v4/cmd/vcert/validators.go:527.2,527.12 1 0
github.com/Venafi/vcert/v4/cmd/vcert/validators.go:450.16,452.3 1 0
github.com/Venafi/vcert/v4/cmd/vcert/validators.go:454.16,456.3 1 0
github.com/Venafi/vcert/v4/cmd/vcert/validators.go:458.16,460.3 1 0
github.com/Venafi/vcert/v4/cmd/vcert/validators.go:462.61,464.3 1 0
github.com/Venafi/vcert/v4/cmd/vcert/validators.go:465.61,467.3 1 0
github.com/Venafi/vcert/v4/cmd/vcert/validators.go:468.60,470.3 1 0
github.com/Venafi/vcert/v4/cmd/vcert/validators.go:472.34,473.122 1 0
github.com/Venafi/vcert/v4/cmd/vcert/validators.go:476.3,484.26 1 0
github.com/Venafi/vcert/v4/cmd/vcert/validators.go:473.122,475.4 1 0
github.com/Venafi/vcert/v4/cmd/vcert/validators.go:484.26,488.4 1 0
github.com/Venafi/vcert/v4/cmd/vcert/validators.go:490.49,499.26 1 0
github.com/Venafi/vcert/v4/cmd/vcert/validators.go:499.26,503.4 1 0
github.com/Venafi/vcert/v4/cmd/vcert/validators.go:505.57,511.28 1 0
github.com/Venafi/vcert/v4/cmd/vcert/validators.go:511.28,514.4 1 0
github.com/Venafi/vcert/v4/cmd/vcert/validators.go:518.16,520.3 1 0
github.com/Venafi/vcert/v4/cmd/vcert/validators.go:523.16,525.3 1 0
github.com/Venafi/vcert/v4/cmd/vcert/validators.go:530.53,533.16 2 1
github.com/Venafi/vcert/v4/cmd/vcert/validators.go:536.2,537.16 2 1
github.com/Venafi/vcert/v4/cmd/vcert/validators.go:541.2,542.74 2 1
github.com/Venafi/vcert/v4/cmd/vcert/validators.go:546.2,547.16 2 1
github.com/Venafi/vcert/v4/cmd/vcert/validators.go:551.2,551.54 1 1
github.com/Venafi/vcert/v4/cmd/vcert/validators.go:554.2,554.54 1 1
github.com/Venafi/vcert/v4/cmd/vcert/validators.go:558.2,559.16 2 1
github.com/Venafi/vcert/v4/cmd/vcert/validators.go:563.2,564.16 2 1
github.com/Venafi/vcert/v4/cmd/vcert/validators.go:568.2,568.12 1 1
github.com/Venafi/vcert/v4/cmd/vcert/validators.go:533.16,535.3 1 1
github.com/Venafi/vcert/v4/cmd/vcert/validators.go:537.16,539.3 1 1
github.com/Venafi/vcert/v4/cmd/vcert/validators.go:542.74,544.3 1 0
github.com/Venafi/vcert/v4/cmd/vcert/validators.go:547.16,549.3 1 0
github.com/Venafi/vcert/v4/cmd/vcert/validators.go:551.54,553.3 1 1
github.com/Venafi/vcert/v4/cmd/vcert/validators.go:554.54,556.3 1 0
github.com/Venafi/vcert/v4/cmd/vcert/validators.go:559.16,561.3 1 0
github.com/Venafi/vcert/v4/cmd/vcert/validators.go:564.16,566.3 1 0
github.com/Venafi/vcert/v4/cmd/vcert/validators.go:571.53,574.16 2 0
github.com/Venafi/vcert/v4/cmd/vcert/validators.go:577.2,578.16 2 0
github.com/Venafi/vcert/v4/cmd/vcert/validators.go:581.2,582.16 2 0
github.com/Venafi/vcert/v4/cmd/vcert/validators.go:585.2,585.61 1 0
github.com/Venafi/vcert/v4/cmd/vcert/validators.go:589.2,589.61 1 0
github.com/Venafi/vcert/v4/cmd/vcert/validators.go:593.2,593.34 1 0
github.com/Venafi/vcert/v4/cmd/vcert/validators.go:608.2,608.12 1 0
github.com/Venafi/vcert/v4/cmd/vcert/validators.go:574.16,576.3 1 0
github.com/Venafi/vcert/v4/cmd/vcert/validators.go:578.16,580.3 1 0
github.com/Venafi/vcert/v4/cmd/vcert/validators.go:582.16,584.3 1 0
github.com/Venafi/vcert/v4/cmd/vcert/validators.go:585.61,587.3 1 0
github.com/Venafi/vcert/v4/cmd/vcert/validators.go:589.61,591.3 1 0
github.com/Venafi/vcert/v4/cmd/vcert/validators.go:593.34,594.45 1 0
github.com/Venafi/vcert/v4/cmd/vcert/validators.go:603.3,603.21 1 0
github.com/Venafi/vcert/v4/cmd/vcert/validators.go:594.45,595.46 1 0
github.com/Venafi/vcert/v4/cmd/vcert/validators.go:600.4,600.16 1 0
github.com/Venafi/vcert/v4/cmd/vcert/validators.go:595.46,596.20 1 0
github.com/Venafi/vcert/v4/cmd/vcert/validators.go:596.20,598.6 1 0
github.com/Venafi/vcert/v4/cmd/vcert/validators.go:603.21,605.4 1 0
github.com/Venafi/vcert/v4/cmd/vcert/validators.go:611.47,616.48 3 0
github.com/Venafi/vcert/v4/cmd/vcert/validators.go:623.2,623.49 1 0
github.com/Venafi/vcert/v4/cmd/vcert/validators.go:630.2,630.50 1 0
github.com/Venafi/vcert/v4/cmd/vcert/validators.go:636.2,636.51 1 0
github.com/Venafi/vcert/v4/cmd/vcert/validators.go:643.2,643.56 1 0
github.com/Venafi/vcert/v4/cmd/vcert/validators.go:616.48,617.22 1 0
github.com/Venafi/vcert/v4/cmd/vcert/validators.go:617.22,619.4 1 0
github.com/Venafi/vcert/v4/cmd/vcert/validators.go:623.49,624.23 1 0
github.com/Venafi/vcert/v4/cmd/vcert/validators.go:624.23,626.4 1 0
github.com/Venafi/vcert/v4/cmd/vcert/validators.go:630.50,631.27 1 0
github.com/Venafi/vcert/v4/cmd/vcert/validators.go:631.27,633.4 1 0
github.com/Venafi/vcert/v4/cmd/vcert/validators.go:636.51,637.25 1 0
github.com/Venafi/vcert/v4/cmd/vcert/validators.go:637.25,639.4 1 0
github.com/Venafi/vcert/v4/cmd/vcert/validators.go:643.56,644.30 1 0
github.com/Venafi/vcert/v4/cmd/vcert/validators.go:644.30,646.4 1 0
github.com/Venafi/vcert/v4/cmd/vcert/validators.go:652.55,654.27 2 0
github.com/Venafi/vcert/v4/cmd/vcert/validators.go:668.2,668.12 1 0
github.com/Venafi/vcert/v4/cmd/vcert/validators.go:654.27,655.99 1 0
github.com/Venafi/vcert/v4/cmd/vcert/validators.go:655.99,657.4 1 0
github.com/Venafi/vcert/v4/cmd/vcert/validators.go:659.8,660.99 1 0
github.com/Venafi/vcert/v4/cmd/vcert/validators.go:664.3,664.29 1 0
github.com/Venafi/vcert/v4/cmd/vcert/validators.go:660.99,662.4 1 0
github.com/Venafi/vcert/v4/cmd/vcert/validators.go:664.29,666.4 1 0
github.com/Venafi/vcert/v4/cmd/vcert/validators.go:671.55,675.20 2 0
github.com/Venafi/vcert/v4/cmd/vcert/validators.go:697.2,697.12 1 0
github.com/Venafi/vcert/v4/cmd/vcert/validators.go:675.20,677.99 1 0
github.com/Venafi/vcert/v4/cmd/vcert/validators.go:677.99,679.4 1 0
github.com/Venafi/vcert/v4/cmd/vcert/validators.go:681.8,683.99 1 0
github.com/Venafi/vcert/v4/cmd/vcert/validators.go:687.3,687.29 1 0
github.com/Venafi/vcert/v4/cmd/vcert/validators.go:691.3,691.37 1 0
github.com/Venafi/vcert/v4/cmd/vcert/validators.go:683.99,685.4 1 0
github.com/Venafi/vcert/v4/cmd/vcert/validators.go:687.29,689.4 1 0
github.com/Venafi/vcert/v4/cmd/vcert/validators.go:691.37,693.4 1 0
github.com/Venafi/vcert/v4/cmd/vcert/validators.go:700.55,702.16 2 0
github.com/Venafi/vcert/v4/cmd/vcert/validators.go:706.2,706.33 1 0
github.com/Venafi/vcert/v4/cmd/vcert/validators.go:710.2,710.31 1 0
github.com/Venafi/vcert/v4/cmd/vcert/validators.go:720.2,721.16 2 0
github.com/Venafi/vcert/v4/cmd/vcert/validators.go:725.2,725.12 1 0
github.com/Venafi/vcert/v4/cmd/vcert/validators.go:702.16,704.3 1 0
github.com/Venafi/vcert/v4/cmd/vcert/validators.go:706.33,708.3 1 0
github.com/Venafi/vcert/v4/cmd/vcert/validators.go:710.31,712.3 1 0
github.com/Venafi/vcert/v4/cmd/vcert/validators.go:712.8,715.132 2 0
github.com/Venafi/vcert/v4/cmd/vcert/validators.go:715.132,717.4 1 0
github.com/Venafi/vcert/v4/cmd/vcert/validators.go:721.16,723.3 1 0
github.com/Venafi/vcert/v4/cmd/vcert/validators.go:728.58,731.16 2 0
github.com/Venafi/vcert/v4/cmd/vcert/validators.go:735.2,735.60 1 0
github.com/Venafi/vcert/v4/cmd/vcert/validators.go:739.2,739.12 1 0
github.com/Venafi/vcert/v4/cmd/vcert/validators.go:731.16,733.3 1 0
github.com/Venafi/vcert/v4/cmd/vcert/validators.go:735.60,737.3 1 0
github.com/Venafi/vcert/v4/cmd/vcert/validators.go:742.57,745.16 2 0
github.com/Venafi/vcert/v4/cmd/vcert/validators.go:749.2,749.60 1 0
github.com/Venafi/vcert/v4/cmd/vcert/validators.go:753.2,754.16 2 0
github.com/Venafi/vcert/v4/cmd/vcert/validators.go:757.2,757.12 1 0
github.com/Venafi/vcert/v4/cmd/vcert/validators.go:745.16,747.3 1 0
github.com/Venafi/vcert/v4/cmd/vcert/validators.go:749.60,751.3 1 0
github.com/Venafi/vcert/v4/cmd/vcert/validators.go:754.16,756.3 1 0
github.com/Venafi/vcert/v4/cmd/vcert/validators.go:760.43,763.16 2 0
github.com/Venafi/vcert/v4/cmd/vcert/validators.go:767.2,767.24 1 0
github.com/Venafi/vcert/v4/cmd/vcert/validators.go:784.2,784.12 1 0
github.com/Venafi/vcert/v4/cmd/vcert/validators.go:763.16,765.3 1 0
github.com/Venafi/vcert/v4/cmd/vcert/validators.go:767.24,768.2 1 0
github.com/Venafi/vcert/v4/cmd/vcert/validators.go:769.3,772.17 4 0
github.com/Venafi/vcert/v4/cmd/vcert/validators.go:775.3,776.36 2 0
github.com/Venafi/vcert/v4/cmd/vcert/validators.go:772.17,774.4 1 0
github.com/Venafi/vcert/v4/cmd/vcert/validators.go:776.36,777.36 1 0
github.com/Venafi/vcert/v4/cmd/vcert/validators.go:777.36,779.5 1 0
github.com/Venafi/vcert/v4/cmd/vcert/validators.go:779.10,780.15 1 0
